#
# A fatal error has been detected by the Java Runtime Environment:
#
#  EXCEPTION_ACCESS_VIOLATION (0xc0000005) at pc=0x00007ffda96124c0, pid=20540, tid=5116
#
# JRE version: OpenJDK Runtime Environment Temurin-17.0.6+10 (17.0.6+10) (build 17.0.6+10)
# Java VM: OpenJDK 64-Bit Server VM Temurin-17.0.6+10 (17.0.6+10, mixed mode, tiered, compressed oops, compressed class ptrs, g1 gc, windows-amd64)
# Problematic frame:
# C  [atio6axx.dll+0xc224c0]
#
# No core dump will be written. Minidumps are not enabled by default on client versions of Windows
#
# If you would like to submit a bug report, please visit:
#   https://github.com/adoptium/adoptium-support/issues
# The crash happened outside the Java Virtual Machine in native code.
# See problematic frame for where to report the bug.
#

---------------  S U M M A R Y ------------

Command Line: -Dfile.encoding=UTF-8 -XX:+ShowCodeDetailsInExceptionMessages com.barquitosfc.game.DesktopLauncher

Host: AMD Ryzen 7 5800H with Radeon Graphics         , 16 cores, 31G,  Windows 10 , 64 bit Build 19041 (10.0.19041.2913)
Time: Sat May 13 11:59:31 2023 Hora de verano romance elapsed time: 2.028763 seconds (0d 0h 0m 2s)

---------------  T H R E A D  ---------------

Current thread (0x000001c8e9197a60):  JavaThread "main" [_thread_in_native, id=5116, stack(0x0000002985700000,0x0000002985800000)]

Stack: [0x0000002985700000,0x0000002985800000],  sp=0x00000029857fe7e0,  free space=1017k
Native frames: (J=compiled Java code, j=interpreted, Vv=VM code, C=native code)
C  [atio6axx.dll+0xc224c0]

Java frames: (J=compiled Java code, j=interpreted, Vv=VM code)
j  org.lwjgl.opengl.GL11C.nglDrawElements(IIIJ)V+0
j  org.lwjgl.opengl.GL11C.glDrawElements(ILjava/nio/ShortBuffer;)V+12
j  org.lwjgl.opengl.GL11.glDrawElements(ILjava/nio/ShortBuffer;)V+2
j  com.badlogic.gdx.backends.lwjgl3.Lwjgl3GL20.glDrawElements(IIILjava/nio/Buffer;)V+49
j  com.badlogic.gdx.graphics.Mesh.render(Lcom/badlogic/gdx/graphics/glutils/ShaderProgram;IIIZ)V+78
J 1368 c1 com.badlogic.gdx.graphics.Mesh.render(Lcom/badlogic/gdx/graphics/glutils/ShaderProgram;III)V (14 bytes) @ 0x000001c8ecad5e94 [0x000001c8ecad5e20+0x0000000000000074]
J 1276 c1 com.badlogic.gdx.graphics.g2d.SpriteBatch.flush()V (193 bytes) @ 0x000001c8eca9b2c4 [0x000001c8eca9a3c0+0x0000000000000f04]
j  com.badlogic.gdx.graphics.g2d.SpriteBatch.end()V+25
j  com.barquitosfc.game.minijuego.iniciar(Lcom/badlogic/gdx/scenes/scene2d/ui/Table;Lcom/badlogic/gdx/graphics/g2d/SpriteBatch;Lcom/badlogic/gdx/scenes/scene2d/Stage;)V+134
j  com.barquitosfc.game.DragonBoatGame.render()V+2458
j  com.badlogic.gdx.backends.lwjgl3.Lwjgl3Window.update()Z+187
j  com.badlogic.gdx.backends.lwjgl3.Lwjgl3Application.loop()V+111
j  com.badlogic.gdx.backends.lwjgl3.Lwjgl3Application.<init>(Lcom/badlogic/gdx/ApplicationListener;Lcom/badlogic/gdx/backends/lwjgl3/Lwjgl3ApplicationConfiguration;)V+269
j  com.barquitosfc.game.DesktopLauncher.main([Ljava/lang/String;)V+46
v  ~StubRoutines::call_stub

siginfo: EXCEPTION_ACCESS_VIOLATION (0xc0000005), reading address 0x000001c89335eca8


Register to memory mapping:

RIP=0x00007ffda96124c0 atio6axx.dll
RAX=0x000001c89335eca8 is an unknown value
RBX=0x000001c8980d5d0c points into unknown readable memory: 00 00 00 00
RCX=0x00000000000000fe is an unknown value
RDX=0x0000000004d77064 is an unknown value
RSP=0x00000029857fe7e0 is pointing into the stack for thread: 0x000001c8e9197a60
RBP=0x0000000000000001 is an unknown value
RSI=0x000001c8955f0580 points into unknown readable memory: 0x000001c8955cda00 | 00 da 5c 95 c8 01 00 00
RDI=0x000001c893233968 points into unknown readable memory: 0x0000000000000000 | 00 00 00 00 00 00 00 00
R8 =0x0 is NULL
R9 =0x0000000000000004 is an unknown value
R10=0x00000029857fe888 is pointing into the stack for thread: 0x000001c8e9197a60
R11=0x0000000000000004 is an unknown value
R12=0x0000000000004650 is an unknown value
R13=0x0000000000000001 is an unknown value
R14=0x000000000000ff00 is an unknown value
R15=0x00000000ffffffff is an unknown value


Registers:
RAX=0x000001c89335eca8, RBX=0x000001c8980d5d0c, RCX=0x00000000000000fe, RDX=0x0000000004d77064
RSP=0x00000029857fe7e0, RBP=0x0000000000000001, RSI=0x000001c8955f0580, RDI=0x000001c893233968
R8 =0x0000000000000000, R9 =0x0000000000000004, R10=0x00000029857fe888, R11=0x0000000000000004
R12=0x0000000000004650, R13=0x0000000000000001, R14=0x000000000000ff00, R15=0x00000000ffffffff
RIP=0x00007ffda96124c0, EFLAGS=0x0000000000010202

Top of Stack: (sp=0x00000029857fe7e0)
0x00000029857fe7e0:   000001c8955f08c0 000001c893233930
0x00000029857fe7f0:   000001c8955cda40 00007ffdaa6736dd
0x00000029857fe800:   000001c8a0d8e070 00000029857fe8c1
0x00000029857fe810:   0000000000000000 00007ffdab697be0
0x00000029857fe820:   0000000000000004 00000029857fe930
0x00000029857fe830:   0000000000000000 00007ffdab6979b0
0x00000029857fe840:   0000000000000000 00007ffdab697be0
0x00000029857fe850:   0000000000004650 0000002900005dc0
0x00000029857fe860:   000001c893236810 000001c8955cda00
0x00000029857fe870:   000001c8955ce1d0 000001c8980d5ca0
0x00000029857fe880:   000001c8932200a8 0000000400000014
0x00000029857fe890:   00000029857fedb0 000001c8a0df0000
0x00000029857fe8a0:   000001c8a273a938 00007ffda95b75f1
0x00000029857fe8b0:   00000000938f768c 00000029857fec50
0x00000029857fe8c0:   00000029857fea20 0000000000000000
0x00000029857fe8d0:   0000000000000000 00007ffda9288b55 

Instructions: (pc=0x00007ffda96124c0)
0x00007ffda96123c0:   0f 95 c0 84 c0 74 09 41 8b ca 48 d3 ea 45 03 c2
0x00007ffda96123d0:   48 85 d2 75 bb 4d 85 ff 74 46 41 83 e6 01 b9 70
0x00007ffda96123e0:   0a 00 00 b8 60 00 00 00 0f 44 c1 4d 85 f6 b9 60
0x00007ffda96123f0:   0a 00 00 48 8b 04 28 49 89 01 b8 50 00 00 00 0f
0x00007ffda9612400:   44 c1 b9 68 0a 00 00 8b 04 28 41 89 41 08 b8 58
0x00007ffda9612410:   00 00 00 0f 44 c1 41 ff c5 8b 04 28 41 89 41 0c
0x00007ffda9612420:   49 3b fb 0f 83 cc 00 00 00 44 8b bc 24 f8 04 00
0x00007ffda9612430:   00 0f 1f 40 00 66 66 66 0f 1f 84 00 00 00 00 00
0x00007ffda9612440:   0f b7 07 48 83 c7 02 45 85 ed 0f 84 9c 00 00 00
0x00007ffda9612450:   45 8d 34 07 41 8b ed 41 bf ff ff ff ff 4c 8d 94
0x00007ffda9612460:   24 a8 00 00 00 66 66 66 0f 1f 84 00 00 00 00 00
0x00007ffda9612470:   45 8b 5a 04 41 8b c6 41 0f af 02 45 8b c3 41 83
0x00007ffda9612480:   e0 f8 45 8b cb 45 2b c8 48 8b d3 41 c1 e8 03 49
0x00007ffda9612490:   03 42 f8 45 85 c0 74 1b 0f 1f 84 00 00 00 00 00
0x00007ffda96124a0:   48 8b 08 48 83 c0 08 48 89 0a 48 83 c2 08 45 03
0x00007ffda96124b0:   c7 75 ed 45 85 c9 74 17 48 2b d0 0f 1f 44 00 00
0x00007ffda96124c0:   0f b6 08 88 0c 10 48 8d 40 01 45 03 cf 75 f1 49
0x00007ffda96124d0:   03 db 49 83 c2 10 48 83 ed 01 75 94 4c 8b 9c 24
0x00007ffda96124e0:   80 00 00 00 44 8b bc 24 f8 04 00 00 49 3b fb 0f
0x00007ffda96124f0:   82 4b ff ff ff 44 8b ac 24 e8 04 00 00 48 8b bc
0x00007ffda9612500:   24 90 00 00 00 4c 8b 8c 24 98 00 00 00 4c 8b bc
0x00007ffda9612510:   24 88 04 00 00 4c 8b b4 24 90 04 00 00 8b 5f 3c
0x00007ffda9612520:   48 03 5f 30 49 3b d9 74 6a 8b 6c 24 78 48 8b cb
0x00007ffda9612530:   81 fd 00 02 00 00 76 0d 44 8b c5 49 8b d1 e8 dd
0x00007ffda9612540:   fe e5 ff eb 52 8b d5 44 8b c5 83 e2 f8 41 ba ff
0x00007ffda9612550:   ff ff ff 44 2b c2 c1 ea 03 85 d2 74 16 0f 1f 00
0x00007ffda9612560:   49 8b 01 49 83 c1 08 48 89 01 48 83 c1 08 41 03
0x00007ffda9612570:   d2 75 ed 45 85 c0 74 1f 49 2b c9 0f 1f 44 00 00
0x00007ffda9612580:   41 0f b6 01 41 88 04 09 4d 8d 49 01 45 03 c2 75
0x00007ffda9612590:   ef eb 04 8b 6c 24 78 f6 47 40 04 74 1c 48 8b 0f
0x00007ffda96125a0:   44 8b 47 3c 48 8b 57 10 44 8b cd 48 8b 49 18 48
0x00007ffda96125b0:   89 5c 24 20 e8 17 61 78 00 48 8b bc 24 88 00 00 


Stack slot to memory mapping:
stack at sp + 0 slots: 0x000001c8955f08c0 points into unknown readable memory: 0x0000000000000000 | 00 00 00 00 00 00 00 00
stack at sp + 1 slots: 0x000001c893233930 points into unknown readable memory: 0x000000ff00000100 | 00 01 00 00 ff 00 00 00
stack at sp + 2 slots: 0x000001c8955cda40 points into unknown readable memory: 0x000001c8955cda00 | 00 da 5c 95 c8 01 00 00
stack at sp + 3 slots: 0x00007ffdaa6736dd atio6axx.dll
stack at sp + 4 slots: 0x000001c8a0d8e070 points into unknown readable memory: 0x00007ffdaa764940 | 40 49 76 aa fd 7f 00 00
stack at sp + 5 slots: 0x00000029857fe8c1 is pointing into the stack for thread: 0x000001c8e9197a60
stack at sp + 6 slots: 0x0 is NULL
stack at sp + 7 slots: 0x00007ffdab697be0 atio6axx.dll


---------------  P R O C E S S  ---------------

Threads class SMR info:
_java_thread_list=0x000001c8a09d0c20, length=15, elements={
0x000001c8e9197a60, 0x000001c891c77b90, 0x000001c891c78740, 0x000001c891cc27d0,
0x000001c891cc3290, 0x000001c891cc5d50, 0x000001c891cc6700, 0x000001c891cc7490,
0x000001c891cef5b0, 0x000001c891cf7f90, 0x000001c891e3a1a0, 0x000001c891e3e6d0,
0x000001c891e7b330, 0x000001c891e84640, 0x000001c8a131f3a0
}

Java Threads: ( => current thread )
=>0x000001c8e9197a60 JavaThread "main" [_thread_in_native, id=5116, stack(0x0000002985700000,0x0000002985800000)]
  0x000001c891c77b90 JavaThread "Reference Handler" daemon [_thread_blocked, id=796, stack(0x0000002985e00000,0x0000002985f00000)]
  0x000001c891c78740 JavaThread "Finalizer" daemon [_thread_blocked, id=10052, stack(0x0000002985f00000,0x0000002986000000)]
  0x000001c891cc27d0 JavaThread "Signal Dispatcher" daemon [_thread_blocked, id=13272, stack(0x0000002986000000,0x0000002986100000)]
  0x000001c891cc3290 JavaThread "Attach Listener" daemon [_thread_blocked, id=8908, stack(0x0000002986100000,0x0000002986200000)]
  0x000001c891cc5d50 JavaThread "Service Thread" daemon [_thread_blocked, id=23088, stack(0x0000002986200000,0x0000002986300000)]
  0x000001c891cc6700 JavaThread "Monitor Deflation Thread" daemon [_thread_blocked, id=9560, stack(0x0000002986300000,0x0000002986400000)]
  0x000001c891cc7490 JavaThread "C2 CompilerThread0" daemon [_thread_blocked, id=23368, stack(0x0000002986400000,0x0000002986500000)]
  0x000001c891cef5b0 JavaThread "C1 CompilerThread0" daemon [_thread_blocked, id=12776, stack(0x0000002986500000,0x0000002986600000)]
  0x000001c891cf7f90 JavaThread "Sweeper thread" daemon [_thread_blocked, id=2300, stack(0x0000002986600000,0x0000002986700000)]
  0x000001c891e3a1a0 JavaThread "C1 CompilerThread1" daemon [_thread_blocked, id=8132, stack(0x0000002986700000,0x0000002986800000)]
  0x000001c891e3e6d0 JavaThread "C1 CompilerThread2" daemon [_thread_blocked, id=19644, stack(0x0000002986800000,0x0000002986900000)]
  0x000001c891e7b330 JavaThread "Notification Thread" daemon [_thread_blocked, id=12492, stack(0x0000002986900000,0x0000002986a00000)]
  0x000001c891e84640 JavaThread "Common-Cleaner" daemon [_thread_blocked, id=20972, stack(0x0000002986b00000,0x0000002986c00000)]
  0x000001c8a131f3a0 JavaThread "LWJGL3 Timer" daemon [_thread_blocked, id=5368, stack(0x0000002988100000,0x0000002988200000)]

Other Threads:
  0x000001c8ff3b7a20 VMThread "VM Thread" [stack: 0x0000002985d00000,0x0000002985e00000] [id=1192]
  0x000001c891e7c810 WatcherThread [stack: 0x0000002986a00000,0x0000002986b00000] [id=16872]
  0x000001c8e9247a90 GCTaskThread "GC Thread#0" [stack: 0x0000002985800000,0x0000002985900000] [id=11016]
  0x000001c895aaee40 GCTaskThread "GC Thread#1" [stack: 0x0000002987200000,0x0000002987300000] [id=22996]
  0x000001c895aafe60 GCTaskThread "GC Thread#2" [stack: 0x0000002987300000,0x0000002987400000] [id=6656]
  0x000001c895aaf3a0 GCTaskThread "GC Thread#3" [stack: 0x0000002987400000,0x0000002987500000] [id=19048]
  0x000001c895ab0110 GCTaskThread "GC Thread#4" [stack: 0x0000002987500000,0x0000002987600000] [id=2284]
  0x000001c8a0805290 GCTaskThread "GC Thread#5" [stack: 0x0000002987600000,0x0000002987700000] [id=11188]
  0x000001c8a0804270 GCTaskThread "GC Thread#6" [stack: 0x0000002987700000,0x0000002987800000] [id=6160]
  0x000001c8a0803fc0 GCTaskThread "GC Thread#7" [stack: 0x0000002987800000,0x0000002987900000] [id=20452]
  0x000001c8a08062b0 GCTaskThread "GC Thread#8" [stack: 0x0000002987900000,0x0000002987a00000] [id=15328]
  0x000001c8a0806ac0 GCTaskThread "GC Thread#9" [stack: 0x0000002987a00000,0x0000002987b00000] [id=17568]
  0x000001c8a0804520 GCTaskThread "GC Thread#10" [stack: 0x0000002987b00000,0x0000002987c00000] [id=21900]
  0x000001c8a0804fe0 GCTaskThread "GC Thread#11" [stack: 0x0000002987c00000,0x0000002987d00000] [id=18536]
  0x000001c8e9258c40 ConcurrentGCThread "G1 Main Marker" [stack: 0x0000002985900000,0x0000002985a00000] [id=22212]
  0x000001c8e9259650 ConcurrentGCThread "G1 Conc#0" [stack: 0x0000002985a00000,0x0000002985b00000] [id=22912]
  0x000001c8ff2a76b0 ConcurrentGCThread "G1 Refine#0" [stack: 0x0000002985b00000,0x0000002985c00000] [id=3292]
  0x000001c8ff2a80d0 ConcurrentGCThread "G1 Service" [stack: 0x0000002985c00000,0x0000002985d00000] [id=10432]

Threads with active compile tasks:

VM state: not at safepoint (normal execution)

VM Mutex/Monitor currently owned by a thread: None

Heap address: 0x000000060a400000, size: 8028 MB, Compressed Oops mode: Zero based, Oop shift amount: 3

CDS archive(s) not mapped
Compressed class space mapped at: 0x0000000800000000-0x0000000840000000, reserved size: 1073741824
Narrow klass base: 0x0000000800000000, Narrow klass shift: 0, Narrow klass range: 0x40000000

GC Precious Log:
 CPUs: 16 total, 16 available
 Memory: 32100M
 Large Page Support: Disabled
 NUMA Support: Disabled
 Compressed Oops: Enabled (Zero based)
 Heap Region Size: 4M
 Heap Min Capacity: 8M
 Heap Initial Capacity: 504M
 Heap Max Capacity: 8028M
 Pre-touch: Disabled
 Parallel Workers: 13
 Concurrent Workers: 3
 Concurrent Refinement Workers: 13
 Periodic GC: Disabled

Heap:
 garbage-first heap   total 516096K, used 14890K [0x000000060a400000, 0x0000000800000000)
  region size 4096K, 6 young (24576K), 1 survivors (4096K)
 Metaspace       used 13585K, committed 13760K, reserved 1064960K
  class space    used 1090K, committed 1152K, reserved 1048576K

Heap Regions: E=young(eden), S=young(survivor), O=old, HS=humongous(starts), HC=humongous(continues), CS=collection set, F=free, OA=open archive, CA=closed archive, TAMS=top-at-mark-start (previous, next)
|   0|0x000000060a400000, 0x000000060a400000, 0x000000060a800000|  0%| F|  |TAMS 0x000000060a400000, 0x000000060a400000| Untracked 
|   1|0x000000060a800000, 0x000000060a800000, 0x000000060ac00000|  0%| F|  |TAMS 0x000000060a800000, 0x000000060a800000| Untracked 
|   2|0x000000060ac00000, 0x000000060ac00000, 0x000000060b000000|  0%| F|  |TAMS 0x000000060ac00000, 0x000000060ac00000| Untracked 
|   3|0x000000060b000000, 0x000000060b000000, 0x000000060b400000|  0%| F|  |TAMS 0x000000060b000000, 0x000000060b000000| Untracked 
|   4|0x000000060b400000, 0x000000060b400000, 0x000000060b800000|  0%| F|  |TAMS 0x000000060b400000, 0x000000060b400000| Untracked 
|   5|0x000000060b800000, 0x000000060b800000, 0x000000060bc00000|  0%| F|  |TAMS 0x000000060b800000, 0x000000060b800000| Untracked 
|   6|0x000000060bc00000, 0x000000060bc00000, 0x000000060c000000|  0%| F|  |TAMS 0x000000060bc00000, 0x000000060bc00000| Untracked 
|   7|0x000000060c000000, 0x000000060c000000, 0x000000060c400000|  0%| F|  |TAMS 0x000000060c000000, 0x000000060c000000| Untracked 
|   8|0x000000060c400000, 0x000000060c400000, 0x000000060c800000|  0%| F|  |TAMS 0x000000060c400000, 0x000000060c400000| Untracked 
|   9|0x000000060c800000, 0x000000060c800000, 0x000000060cc00000|  0%| F|  |TAMS 0x000000060c800000, 0x000000060c800000| Untracked 
|  10|0x000000060cc00000, 0x000000060cc00000, 0x000000060d000000|  0%| F|  |TAMS 0x000000060cc00000, 0x000000060cc00000| Untracked 
|  11|0x000000060d000000, 0x000000060d000000, 0x000000060d400000|  0%| F|  |TAMS 0x000000060d000000, 0x000000060d000000| Untracked 
|  12|0x000000060d400000, 0x000000060d400000, 0x000000060d800000|  0%| F|  |TAMS 0x000000060d400000, 0x000000060d400000| Untracked 
|  13|0x000000060d800000, 0x000000060d800000, 0x000000060dc00000|  0%| F|  |TAMS 0x000000060d800000, 0x000000060d800000| Untracked 
|  14|0x000000060dc00000, 0x000000060dc00000, 0x000000060e000000|  0%| F|  |TAMS 0x000000060dc00000, 0x000000060dc00000| Untracked 
|  15|0x000000060e000000, 0x000000060e000000, 0x000000060e400000|  0%| F|  |TAMS 0x000000060e000000, 0x000000060e000000| Untracked 
|  16|0x000000060e400000, 0x000000060e400000, 0x000000060e800000|  0%| F|  |TAMS 0x000000060e400000, 0x000000060e400000| Untracked 
|  17|0x000000060e800000, 0x000000060e800000, 0x000000060ec00000|  0%| F|  |TAMS 0x000000060e800000, 0x000000060e800000| Untracked 
|  18|0x000000060ec00000, 0x000000060ec00000, 0x000000060f000000|  0%| F|  |TAMS 0x000000060ec00000, 0x000000060ec00000| Untracked 
|  19|0x000000060f000000, 0x000000060f000000, 0x000000060f400000|  0%| F|  |TAMS 0x000000060f000000, 0x000000060f000000| Untracked 
|  20|0x000000060f400000, 0x000000060f400000, 0x000000060f800000|  0%| F|  |TAMS 0x000000060f400000, 0x000000060f400000| Untracked 
|  21|0x000000060f800000, 0x000000060f800000, 0x000000060fc00000|  0%| F|  |TAMS 0x000000060f800000, 0x000000060f800000| Untracked 
|  22|0x000000060fc00000, 0x000000060fc00000, 0x0000000610000000|  0%| F|  |TAMS 0x000000060fc00000, 0x000000060fc00000| Untracked 
|  23|0x0000000610000000, 0x0000000610000000, 0x0000000610400000|  0%| F|  |TAMS 0x0000000610000000, 0x0000000610000000| Untracked 
|  24|0x0000000610400000, 0x0000000610400000, 0x0000000610800000|  0%| F|  |TAMS 0x0000000610400000, 0x0000000610400000| Untracked 
|  25|0x0000000610800000, 0x0000000610800000, 0x0000000610c00000|  0%| F|  |TAMS 0x0000000610800000, 0x0000000610800000| Untracked 
|  26|0x0000000610c00000, 0x0000000610c00000, 0x0000000611000000|  0%| F|  |TAMS 0x0000000610c00000, 0x0000000610c00000| Untracked 
|  27|0x0000000611000000, 0x0000000611000000, 0x0000000611400000|  0%| F|  |TAMS 0x0000000611000000, 0x0000000611000000| Untracked 
|  28|0x0000000611400000, 0x0000000611400000, 0x0000000611800000|  0%| F|  |TAMS 0x0000000611400000, 0x0000000611400000| Untracked 
|  29|0x0000000611800000, 0x0000000611800000, 0x0000000611c00000|  0%| F|  |TAMS 0x0000000611800000, 0x0000000611800000| Untracked 
|  30|0x0000000611c00000, 0x0000000611c00000, 0x0000000612000000|  0%| F|  |TAMS 0x0000000611c00000, 0x0000000611c00000| Untracked 
|  31|0x0000000612000000, 0x0000000612000000, 0x0000000612400000|  0%| F|  |TAMS 0x0000000612000000, 0x0000000612000000| Untracked 
|  32|0x0000000612400000, 0x0000000612400000, 0x0000000612800000|  0%| F|  |TAMS 0x0000000612400000, 0x0000000612400000| Untracked 
|  33|0x0000000612800000, 0x0000000612800000, 0x0000000612c00000|  0%| F|  |TAMS 0x0000000612800000, 0x0000000612800000| Untracked 
|  34|0x0000000612c00000, 0x0000000612c00000, 0x0000000613000000|  0%| F|  |TAMS 0x0000000612c00000, 0x0000000612c00000| Untracked 
|  35|0x0000000613000000, 0x0000000613000000, 0x0000000613400000|  0%| F|  |TAMS 0x0000000613000000, 0x0000000613000000| Untracked 
|  36|0x0000000613400000, 0x0000000613400000, 0x0000000613800000|  0%| F|  |TAMS 0x0000000613400000, 0x0000000613400000| Untracked 
|  37|0x0000000613800000, 0x0000000613800000, 0x0000000613c00000|  0%| F|  |TAMS 0x0000000613800000, 0x0000000613800000| Untracked 
|  38|0x0000000613c00000, 0x0000000613c00000, 0x0000000614000000|  0%| F|  |TAMS 0x0000000613c00000, 0x0000000613c00000| Untracked 
|  39|0x0000000614000000, 0x0000000614000000, 0x0000000614400000|  0%| F|  |TAMS 0x0000000614000000, 0x0000000614000000| Untracked 
|  40|0x0000000614400000, 0x0000000614400000, 0x0000000614800000|  0%| F|  |TAMS 0x0000000614400000, 0x0000000614400000| Untracked 
|  41|0x0000000614800000, 0x0000000614800000, 0x0000000614c00000|  0%| F|  |TAMS 0x0000000614800000, 0x0000000614800000| Untracked 
|  42|0x0000000614c00000, 0x0000000614c00000, 0x0000000615000000|  0%| F|  |TAMS 0x0000000614c00000, 0x0000000614c00000| Untracked 
|  43|0x0000000615000000, 0x0000000615000000, 0x0000000615400000|  0%| F|  |TAMS 0x0000000615000000, 0x0000000615000000| Untracked 
|  44|0x0000000615400000, 0x0000000615400000, 0x0000000615800000|  0%| F|  |TAMS 0x0000000615400000, 0x0000000615400000| Untracked 
|  45|0x0000000615800000, 0x0000000615800000, 0x0000000615c00000|  0%| F|  |TAMS 0x0000000615800000, 0x0000000615800000| Untracked 
|  46|0x0000000615c00000, 0x0000000615c00000, 0x0000000616000000|  0%| F|  |TAMS 0x0000000615c00000, 0x0000000615c00000| Untracked 
|  47|0x0000000616000000, 0x0000000616000000, 0x0000000616400000|  0%| F|  |TAMS 0x0000000616000000, 0x0000000616000000| Untracked 
|  48|0x0000000616400000, 0x0000000616400000, 0x0000000616800000|  0%| F|  |TAMS 0x0000000616400000, 0x0000000616400000| Untracked 
|  49|0x0000000616800000, 0x0000000616800000, 0x0000000616c00000|  0%| F|  |TAMS 0x0000000616800000, 0x0000000616800000| Untracked 
|  50|0x0000000616c00000, 0x0000000616c00000, 0x0000000617000000|  0%| F|  |TAMS 0x0000000616c00000, 0x0000000616c00000| Untracked 
|  51|0x0000000617000000, 0x0000000617000000, 0x0000000617400000|  0%| F|  |TAMS 0x0000000617000000, 0x0000000617000000| Untracked 
|  52|0x0000000617400000, 0x0000000617400000, 0x0000000617800000|  0%| F|  |TAMS 0x0000000617400000, 0x0000000617400000| Untracked 
|  53|0x0000000617800000, 0x0000000617800000, 0x0000000617c00000|  0%| F|  |TAMS 0x0000000617800000, 0x0000000617800000| Untracked 
|  54|0x0000000617c00000, 0x0000000617c00000, 0x0000000618000000|  0%| F|  |TAMS 0x0000000617c00000, 0x0000000617c00000| Untracked 
|  55|0x0000000618000000, 0x0000000618000000, 0x0000000618400000|  0%| F|  |TAMS 0x0000000618000000, 0x0000000618000000| Untracked 
|  56|0x0000000618400000, 0x0000000618400000, 0x0000000618800000|  0%| F|  |TAMS 0x0000000618400000, 0x0000000618400000| Untracked 
|  57|0x0000000618800000, 0x0000000618800000, 0x0000000618c00000|  0%| F|  |TAMS 0x0000000618800000, 0x0000000618800000| Untracked 
|  58|0x0000000618c00000, 0x0000000618c00000, 0x0000000619000000|  0%| F|  |TAMS 0x0000000618c00000, 0x0000000618c00000| Untracked 
|  59|0x0000000619000000, 0x0000000619000000, 0x0000000619400000|  0%| F|  |TAMS 0x0000000619000000, 0x0000000619000000| Untracked 
|  60|0x0000000619400000, 0x0000000619400000, 0x0000000619800000|  0%| F|  |TAMS 0x0000000619400000, 0x0000000619400000| Untracked 
|  61|0x0000000619800000, 0x0000000619800000, 0x0000000619c00000|  0%| F|  |TAMS 0x0000000619800000, 0x0000000619800000| Untracked 
|  62|0x0000000619c00000, 0x0000000619c00000, 0x000000061a000000|  0%| F|  |TAMS 0x0000000619c00000, 0x0000000619c00000| Untracked 
|  63|0x000000061a000000, 0x000000061a000000, 0x000000061a400000|  0%| F|  |TAMS 0x000000061a000000, 0x000000061a000000| Untracked 
|  64|0x000000061a400000, 0x000000061a400000, 0x000000061a800000|  0%| F|  |TAMS 0x000000061a400000, 0x000000061a400000| Untracked 
|  65|0x000000061a800000, 0x000000061a800000, 0x000000061ac00000|  0%| F|  |TAMS 0x000000061a800000, 0x000000061a800000| Untracked 
|  66|0x000000061ac00000, 0x000000061ac00000, 0x000000061b000000|  0%| F|  |TAMS 0x000000061ac00000, 0x000000061ac00000| Untracked 
|  67|0x000000061b000000, 0x000000061b000000, 0x000000061b400000|  0%| F|  |TAMS 0x000000061b000000, 0x000000061b000000| Untracked 
|  68|0x000000061b400000, 0x000000061b400000, 0x000000061b800000|  0%| F|  |TAMS 0x000000061b400000, 0x000000061b400000| Untracked 
|  69|0x000000061b800000, 0x000000061b800000, 0x000000061bc00000|  0%| F|  |TAMS 0x000000061b800000, 0x000000061b800000| Untracked 
|  70|0x000000061bc00000, 0x000000061bc00000, 0x000000061c000000|  0%| F|  |TAMS 0x000000061bc00000, 0x000000061bc00000| Untracked 
|  71|0x000000061c000000, 0x000000061c000000, 0x000000061c400000|  0%| F|  |TAMS 0x000000061c000000, 0x000000061c000000| Untracked 
|  72|0x000000061c400000, 0x000000061c400000, 0x000000061c800000|  0%| F|  |TAMS 0x000000061c400000, 0x000000061c400000| Untracked 
|  73|0x000000061c800000, 0x000000061c800000, 0x000000061cc00000|  0%| F|  |TAMS 0x000000061c800000, 0x000000061c800000| Untracked 
|  74|0x000000061cc00000, 0x000000061cc00000, 0x000000061d000000|  0%| F|  |TAMS 0x000000061cc00000, 0x000000061cc00000| Untracked 
|  75|0x000000061d000000, 0x000000061d000000, 0x000000061d400000|  0%| F|  |TAMS 0x000000061d000000, 0x000000061d000000| Untracked 
|  76|0x000000061d400000, 0x000000061d400000, 0x000000061d800000|  0%| F|  |TAMS 0x000000061d400000, 0x000000061d400000| Untracked 
|  77|0x000000061d800000, 0x000000061d800000, 0x000000061dc00000|  0%| F|  |TAMS 0x000000061d800000, 0x000000061d800000| Untracked 
|  78|0x000000061dc00000, 0x000000061dc00000, 0x000000061e000000|  0%| F|  |TAMS 0x000000061dc00000, 0x000000061dc00000| Untracked 
|  79|0x000000061e000000, 0x000000061e000000, 0x000000061e400000|  0%| F|  |TAMS 0x000000061e000000, 0x000000061e000000| Untracked 
|  80|0x000000061e400000, 0x000000061e400000, 0x000000061e800000|  0%| F|  |TAMS 0x000000061e400000, 0x000000061e400000| Untracked 
|  81|0x000000061e800000, 0x000000061e800000, 0x000000061ec00000|  0%| F|  |TAMS 0x000000061e800000, 0x000000061e800000| Untracked 
|  82|0x000000061ec00000, 0x000000061ec00000, 0x000000061f000000|  0%| F|  |TAMS 0x000000061ec00000, 0x000000061ec00000| Untracked 
|  83|0x000000061f000000, 0x000000061f000000, 0x000000061f400000|  0%| F|  |TAMS 0x000000061f000000, 0x000000061f000000| Untracked 
|  84|0x000000061f400000, 0x000000061f400000, 0x000000061f800000|  0%| F|  |TAMS 0x000000061f400000, 0x000000061f400000| Untracked 
|  85|0x000000061f800000, 0x000000061f800000, 0x000000061fc00000|  0%| F|  |TAMS 0x000000061f800000, 0x000000061f800000| Untracked 
|  86|0x000000061fc00000, 0x000000061fc00000, 0x0000000620000000|  0%| F|  |TAMS 0x000000061fc00000, 0x000000061fc00000| Untracked 
|  87|0x0000000620000000, 0x0000000620000000, 0x0000000620400000|  0%| F|  |TAMS 0x0000000620000000, 0x0000000620000000| Untracked 
|  88|0x0000000620400000, 0x0000000620400000, 0x0000000620800000|  0%| F|  |TAMS 0x0000000620400000, 0x0000000620400000| Untracked 
|  89|0x0000000620800000, 0x0000000620800000, 0x0000000620c00000|  0%| F|  |TAMS 0x0000000620800000, 0x0000000620800000| Untracked 
|  90|0x0000000620c00000, 0x0000000620c00000, 0x0000000621000000|  0%| F|  |TAMS 0x0000000620c00000, 0x0000000620c00000| Untracked 
|  91|0x0000000621000000, 0x0000000621000000, 0x0000000621400000|  0%| F|  |TAMS 0x0000000621000000, 0x0000000621000000| Untracked 
|  92|0x0000000621400000, 0x0000000621400000, 0x0000000621800000|  0%| F|  |TAMS 0x0000000621400000, 0x0000000621400000| Untracked 
|  93|0x0000000621800000, 0x0000000621800000, 0x0000000621c00000|  0%| F|  |TAMS 0x0000000621800000, 0x0000000621800000| Untracked 
|  94|0x0000000621c00000, 0x0000000621c00000, 0x0000000622000000|  0%| F|  |TAMS 0x0000000621c00000, 0x0000000621c00000| Untracked 
|  95|0x0000000622000000, 0x0000000622000000, 0x0000000622400000|  0%| F|  |TAMS 0x0000000622000000, 0x0000000622000000| Untracked 
|  96|0x0000000622400000, 0x0000000622400000, 0x0000000622800000|  0%| F|  |TAMS 0x0000000622400000, 0x0000000622400000| Untracked 
|  97|0x0000000622800000, 0x0000000622800000, 0x0000000622c00000|  0%| F|  |TAMS 0x0000000622800000, 0x0000000622800000| Untracked 
|  98|0x0000000622c00000, 0x0000000622c00000, 0x0000000623000000|  0%| F|  |TAMS 0x0000000622c00000, 0x0000000622c00000| Untracked 
|  99|0x0000000623000000, 0x0000000623000000, 0x0000000623400000|  0%| F|  |TAMS 0x0000000623000000, 0x0000000623000000| Untracked 
| 100|0x0000000623400000, 0x0000000623400000, 0x0000000623800000|  0%| F|  |TAMS 0x0000000623400000, 0x0000000623400000| Untracked 
| 101|0x0000000623800000, 0x0000000623800000, 0x0000000623c00000|  0%| F|  |TAMS 0x0000000623800000, 0x0000000623800000| Untracked 
| 102|0x0000000623c00000, 0x0000000623c00000, 0x0000000624000000|  0%| F|  |TAMS 0x0000000623c00000, 0x0000000623c00000| Untracked 
| 103|0x0000000624000000, 0x0000000624000000, 0x0000000624400000|  0%| F|  |TAMS 0x0000000624000000, 0x0000000624000000| Untracked 
| 104|0x0000000624400000, 0x0000000624400000, 0x0000000624800000|  0%| F|  |TAMS 0x0000000624400000, 0x0000000624400000| Untracked 
| 105|0x0000000624800000, 0x0000000624800000, 0x0000000624c00000|  0%| F|  |TAMS 0x0000000624800000, 0x0000000624800000| Untracked 
| 106|0x0000000624c00000, 0x0000000624c00000, 0x0000000625000000|  0%| F|  |TAMS 0x0000000624c00000, 0x0000000624c00000| Untracked 
| 107|0x0000000625000000, 0x0000000625000000, 0x0000000625400000|  0%| F|  |TAMS 0x0000000625000000, 0x0000000625000000| Untracked 
| 108|0x0000000625400000, 0x0000000625400000, 0x0000000625800000|  0%| F|  |TAMS 0x0000000625400000, 0x0000000625400000| Untracked 
| 109|0x0000000625800000, 0x0000000625800000, 0x0000000625c00000|  0%| F|  |TAMS 0x0000000625800000, 0x0000000625800000| Untracked 
| 110|0x0000000625c00000, 0x0000000625c00000, 0x0000000626000000|  0%| F|  |TAMS 0x0000000625c00000, 0x0000000625c00000| Untracked 
| 111|0x0000000626000000, 0x0000000626000000, 0x0000000626400000|  0%| F|  |TAMS 0x0000000626000000, 0x0000000626000000| Untracked 
| 112|0x0000000626400000, 0x0000000626400000, 0x0000000626800000|  0%| F|  |TAMS 0x0000000626400000, 0x0000000626400000| Untracked 
| 113|0x0000000626800000, 0x0000000626800000, 0x0000000626c00000|  0%| F|  |TAMS 0x0000000626800000, 0x0000000626800000| Untracked 
| 114|0x0000000626c00000, 0x0000000626c00000, 0x0000000627000000|  0%| F|  |TAMS 0x0000000626c00000, 0x0000000626c00000| Untracked 
| 115|0x0000000627000000, 0x0000000627000000, 0x0000000627400000|  0%| F|  |TAMS 0x0000000627000000, 0x0000000627000000| Untracked 
| 116|0x0000000627400000, 0x0000000627400000, 0x0000000627800000|  0%| F|  |TAMS 0x0000000627400000, 0x0000000627400000| Untracked 
| 117|0x0000000627800000, 0x0000000627800000, 0x0000000627c00000|  0%| F|  |TAMS 0x0000000627800000, 0x0000000627800000| Untracked 
| 118|0x0000000627c00000, 0x0000000627c00000, 0x0000000628000000|  0%| F|  |TAMS 0x0000000627c00000, 0x0000000627c00000| Untracked 
| 119|0x0000000628000000, 0x000000062828ab48, 0x0000000628400000| 63%| S|CS|TAMS 0x0000000628000000, 0x0000000628000000| Complete 
| 120|0x0000000628400000, 0x0000000628400000, 0x0000000628800000|  0%| F|  |TAMS 0x0000000628400000, 0x0000000628400000| Untracked 
| 121|0x0000000628800000, 0x0000000628829550, 0x0000000628c00000|  4%| E|  |TAMS 0x0000000628800000, 0x0000000628800000| Complete 
| 122|0x0000000628c00000, 0x0000000628fe3df0, 0x0000000629000000| 97%| E|  |TAMS 0x0000000628c00000, 0x0000000628c00000| Complete 
| 123|0x0000000629000000, 0x0000000629400000, 0x0000000629400000|100%| E|CS|TAMS 0x0000000629000000, 0x0000000629000000| Complete 
| 124|0x0000000629400000, 0x0000000629800000, 0x0000000629800000|100%| E|CS|TAMS 0x0000000629400000, 0x0000000629400000| Complete 
| 125|0x0000000629800000, 0x0000000629c00000, 0x0000000629c00000|100%| E|CS|TAMS 0x0000000629800000, 0x0000000629800000| Complete 

Card table byte_map: [0x000001c8fd080000,0x000001c8fe030000] _byte_map_base: 0x000001c8fa02e000

Marking Bits (Prev, Next): (CMBitMap*) 0x000001c8e92480a0, (CMBitMap*) 0x000001c8e92480e0
 Prev Bits: [0x000001c880000000, 0x000001c887d70000)
 Next Bits: [0x000001c887d70000, 0x000001c88fae0000)

Polling page: 0x000001c8e6e20000

Metaspace:

Usage:
  Non-class:     12.20 MB used.
      Class:      1.06 MB used.
       Both:     13.27 MB used.

Virtual space:
  Non-class space:       16.00 MB reserved,      12.31 MB ( 77%) committed,  2 nodes.
      Class space:        1.00 GB reserved,       1.12 MB ( <1%) committed,  1 nodes.
             Both:        1.02 GB reserved,      13.44 MB (  1%) committed. 

Chunk freelists:
   Non-Class:  3.59 MB
       Class:  2.70 MB
        Both:  6.30 MB

MaxMetaspaceSize: unlimited
CompressedClassSpaceSize: 1.00 GB
Initial GC threshold: 21.00 MB
Current GC threshold: 21.00 MB
CDS: off
MetaspaceReclaimPolicy: balanced
 - commit_granule_bytes: 65536.
 - commit_granule_words: 8192.
 - virtual_space_node_default_size: 1048576.
 - enlarge_chunks_in_place: 1.
 - new_chunks_are_fully_committed: 0.
 - uncommit_free_chunks: 1.
 - use_allocation_guard: 0.
 - handle_deallocations: 1.


Internal statistics:

num_allocs_failed_limit: 0.
num_arena_births: 68.
num_arena_deaths: 0.
num_vsnodes_births: 3.
num_vsnodes_deaths: 0.
num_space_committed: 213.
num_space_uncommitted: 0.
num_chunks_returned_to_freelist: 0.
num_chunks_taken_from_freelist: 257.
num_chunk_merges: 0.
num_chunk_splits: 175.
num_chunks_enlarged: 142.
num_purges: 0.
num_inconsistent_stats: 0.

CodeHeap 'non-profiled nmethods': size=119168Kb used=514Kb max_used=514Kb free=118653Kb
 bounds [0x000001c8f43f0000, 0x000001c8f4660000, 0x000001c8fb850000]
CodeHeap 'profiled nmethods': size=119104Kb used=2648Kb max_used=2648Kb free=116456Kb
 bounds [0x000001c8ec850000, 0x000001c8ecaf0000, 0x000001c8f3ca0000]
CodeHeap 'non-nmethods': size=7488Kb used=2732Kb max_used=2769Kb free=4755Kb
 bounds [0x000001c8f3ca0000, 0x000001c8f3f60000, 0x000001c8f43f0000]
 total_blobs=2431 nmethods=1396 adapters=946
 compilation: enabled
              stopped_count=0, restarted_count=0
 full_count=0

Compilation events (20 events):
Event: 1.929 Thread 0x000001c891cef5b0 nmethod 1382 0x000001c8ecadc910 code [0x000001c8ecadcb20, 0x000001c8ecadd0a8]
Event: 1.929 Thread 0x000001c891e3a1a0 nmethod 1384 0x000001c8ecadd310 code [0x000001c8ecadd500, 0x000001c8ecadd9c8]
Event: 1.929 Thread 0x000001c891e3e6d0 1386       3       com.badlogic.gdx.backends.lwjgl3.Lwjgl3GL20::glGetActiveAttrib (12 bytes)
Event: 1.929 Thread 0x000001c891cef5b0 1387       3       org.lwjgl.opengl.GL20::glGetActiveAttrib (10 bytes)
Event: 1.929 Thread 0x000001c891e3a1a0 1388   !   3       org.lwjgl.opengl.GL20C::glGetActiveAttrib (105 bytes)
Event: 1.929 Thread 0x000001c891e3e6d0 nmethod 1386 0x000001c8ecaddc10 code [0x000001c8ecaddda0, 0x000001c8ecaddee8]
Event: 1.929 Thread 0x000001c891cef5b0 nmethod 1387 0x000001c8ecaddf90 code [0x000001c8ecade120, 0x000001c8ecade228]
Event: 1.930 Thread 0x000001c891e3a1a0 nmethod 1388 0x000001c8ecade310 code [0x000001c8ecade6e0, 0x000001c8ecae0358]
Event: 1.945 Thread 0x000001c891e3a1a0 1391       3       com.badlogic.gdx.graphics.glutils.VertexArray::bind (347 bytes)
Event: 1.945 Thread 0x000001c891cef5b0 1392       3       com.badlogic.gdx.graphics.glutils.VertexArray::unbind (84 bytes)
Event: 1.946 Thread 0x000001c891cef5b0 nmethod 1392 0x000001c8ecae1090 code [0x000001c8ecae1300, 0x000001c8ecae1da8]
Event: 1.946 Thread 0x000001c891e3a1a0 nmethod 1391 0x000001c8ecae2390 code [0x000001c8ecae2700, 0x000001c8ecae3d38]
Event: 1.986 Thread 0x000001c891e3a1a0 1393       1       com.badlogic.gdx.scenes.scene2d.Event::getTarget (5 bytes)
Event: 1.987 Thread 0x000001c891e3a1a0 nmethod 1393 0x000001c8f4470510 code [0x000001c8f44706a0, 0x000001c8f4470778]
Event: 1.987 Thread 0x000001c891e3a1a0 1394       1       com.badlogic.gdx.scenes.scene2d.Event::isStopped (5 bytes)
Event: 1.987 Thread 0x000001c891e3a1a0 nmethod 1394 0x000001c8f4470810 code [0x000001c8f44709a0, 0x000001c8f4470a78]
Event: 2.015 Thread 0x000001c891e3e6d0 1395       3       com.badlogic.gdx.graphics.g2d.SpriteBatch::draw (18 bytes)
Event: 2.015 Thread 0x000001c891e3a1a0 1396       3       com.badlogic.gdx.graphics.g2d.SpriteBatch::draw (279 bytes)
Event: 2.015 Thread 0x000001c891e3e6d0 nmethod 1395 0x000001c8ecae4890 code [0x000001c8ecae4a40, 0x000001c8ecae4d08]
Event: 2.015 Thread 0x000001c891e3a1a0 nmethod 1396 0x000001c8ecae4f10 code [0x000001c8ecae5160, 0x000001c8ecae5b28]

GC Heap History (2 events):
Event: 0.971 GC heap before
{Heap before GC invocations=0 (full 0):
 garbage-first heap   total 516096K, used 20480K [0x000000060a400000, 0x0000000800000000)
  region size 4096K, 6 young (24576K), 0 survivors (0K)
 Metaspace       used 12340K, committed 12480K, reserved 1064960K
  class space    used 974K, committed 1024K, reserved 1048576K
}
Event: 0.973 GC heap after
{Heap after GC invocations=1 (full 0):
 garbage-first heap   total 516096K, used 2602K [0x000000060a400000, 0x0000000800000000)
  region size 4096K, 1 young (4096K), 1 survivors (4096K)
 Metaspace       used 12340K, committed 12480K, reserved 1064960K
  class space    used 974K, committed 1024K, reserved 1048576K
}

Dll operation events (8 events):
Event: 0.004 Loaded shared library C:\Users\pepea\Documents\eclipse-java-2023-03-R-win32-x86_64\eclipse\plugins\org.eclipse.justj.openjdk.hotspot.jre.full.win32.x86_64_17.0.6.v20230204-1729\jre\bin\java.dll
Event: 0.105 Loaded shared library C:\Users\pepea\Documents\eclipse-java-2023-03-R-win32-x86_64\eclipse\plugins\org.eclipse.justj.openjdk.hotspot.jre.full.win32.x86_64_17.0.6.v20230204-1729\jre\bin\net.dll
Event: 0.106 Loaded shared library C:\Users\pepea\Documents\eclipse-java-2023-03-R-win32-x86_64\eclipse\plugins\org.eclipse.justj.openjdk.hotspot.jre.full.win32.x86_64_17.0.6.v20230204-1729\jre\bin\nio.dll
Event: 0.110 Loaded shared library C:\Users\pepea\Documents\eclipse-java-2023-03-R-win32-x86_64\eclipse\plugins\org.eclipse.justj.openjdk.hotspot.jre.full.win32.x86_64_17.0.6.v20230204-1729\jre\bin\zip.dll
Event: 0.172 Loaded shared library C:\Users\pepea\Documents\eclipse-java-2023-03-R-win32-x86_64\eclipse\plugins\org.eclipse.justj.openjdk.hotspot.jre.full.win32.x86_64_17.0.6.v20230204-1729\jre\bin\jimage.dll
Event: 0.177 Loaded shared library C:\Users\pepea\AppData\Local\Temp\libgdxJose Antonio\e787ab0a\gdx64.dll
Event: 0.238 Loaded shared library C:\Users\pepea\AppData\Local\Temp\lwjglJose Antonio\3.3.1-build-7\lwjgl.dll
Event: 0.509 Loaded shared library C:\Users\pepea\AppData\Local\Temp\lwjglJose Antonio\3.3.1-build-7\lwjgl_opengl.dll

Deoptimization events (20 events):
Event: 1.169 Thread 0x000001c8e9197a60 DEOPT PACKING pc=0x000001c8eca3f2cf sp=0x00000029857fe7b0
Event: 1.169 Thread 0x000001c8e9197a60 DEOPT UNPACKING pc=0x000001c8f3cf7143 sp=0x00000029857fdc88 mode 0
Event: 1.169 Thread 0x000001c8e9197a60 DEOPT PACKING pc=0x000001c8eca3f2cf sp=0x00000029857fe7b0
Event: 1.169 Thread 0x000001c8e9197a60 DEOPT UNPACKING pc=0x000001c8f3cf7143 sp=0x00000029857fdc88 mode 0
Event: 1.170 Thread 0x000001c8e9197a60 DEOPT PACKING pc=0x000001c8eca3f2cf sp=0x00000029857fe7b0
Event: 1.170 Thread 0x000001c8e9197a60 DEOPT UNPACKING pc=0x000001c8f3cf7143 sp=0x00000029857fdc88 mode 0
Event: 1.170 Thread 0x000001c8e9197a60 DEOPT PACKING pc=0x000001c8eca3f2cf sp=0x00000029857fe7b0
Event: 1.170 Thread 0x000001c8e9197a60 DEOPT UNPACKING pc=0x000001c8f3cf7143 sp=0x00000029857fdc88 mode 0
Event: 1.170 Thread 0x000001c8e9197a60 DEOPT PACKING pc=0x000001c8eca3f2cf sp=0x00000029857fe7b0
Event: 1.170 Thread 0x000001c8e9197a60 DEOPT UNPACKING pc=0x000001c8f3cf7143 sp=0x00000029857fdc88 mode 0
Event: 1.171 Thread 0x000001c8e9197a60 DEOPT PACKING pc=0x000001c8eca3f2cf sp=0x00000029857fe7b0
Event: 1.171 Thread 0x000001c8e9197a60 DEOPT UNPACKING pc=0x000001c8f3cf7143 sp=0x00000029857fdc88 mode 0
Event: 1.171 Thread 0x000001c8e9197a60 DEOPT PACKING pc=0x000001c8eca3f2cf sp=0x00000029857fe7b0
Event: 1.171 Thread 0x000001c8e9197a60 DEOPT UNPACKING pc=0x000001c8f3cf7143 sp=0x00000029857fdc88 mode 0
Event: 1.171 Thread 0x000001c8e9197a60 DEOPT PACKING pc=0x000001c8eca3f2cf sp=0x00000029857fe7b0
Event: 1.171 Thread 0x000001c8e9197a60 DEOPT UNPACKING pc=0x000001c8f3cf7143 sp=0x00000029857fdc88 mode 0
Event: 1.171 Thread 0x000001c8e9197a60 DEOPT PACKING pc=0x000001c8eca3f2cf sp=0x00000029857fe7b0
Event: 1.171 Thread 0x000001c8e9197a60 DEOPT UNPACKING pc=0x000001c8f3cf7143 sp=0x00000029857fdc88 mode 0
Event: 1.568 Thread 0x000001c8e9197a60 DEOPT PACKING pc=0x000001c8eca79efe sp=0x00000029857ff590
Event: 1.568 Thread 0x000001c8e9197a60 DEOPT UNPACKING pc=0x000001c8f3cf7143 sp=0x00000029857fead8 mode 0

Classes unloaded (0 events):
No events

Classes redefined (0 events):
No events

Internal exceptions (20 events):
Event: 0.215 Thread 0x000001c8e9197a60 Exception <a 'java/lang/NoSuchMethodError'{0x0000000629057158}: 'int java.lang.invoke.DirectMethodHandle$Holder.invokeSpecial(java.lang.Object, java.lang.Object, java.lang.Object)'> (0x0000000629057158) 
thrown [s\src\hotspot\share\interpreter\linkResolver.cpp, line 759]
Event: 0.236 Thread 0x000001c8e9197a60 Exception <a 'sun/nio/fs/WindowsException'{0x00000006290fbfa8}> (0x00000006290fbfa8) 
thrown [s\src\hotspot\share\prims\jni.cpp, line 516]
Event: 0.237 Thread 0x000001c8e9197a60 Exception <a 'sun/nio/fs/WindowsException'{0x00000006290fc528}> (0x00000006290fc528) 
thrown [s\src\hotspot\share\prims\jni.cpp, line 516]
Event: 0.245 Thread 0x000001c8e9197a60 Exception <a 'java/lang/NoSuchMethodError'{0x0000000629140200}: 'int java.lang.invoke.DirectMethodHandle$Holder.invokeStaticInit(java.lang.Object, java.lang.Object, int, long)'> (0x0000000629140200) 
thrown [s\src\hotspot\share\interpreter\linkResolver.cpp, line 759]
Event: 0.246 Thread 0x000001c8e9197a60 Exception <a 'java/lang/NoSuchMethodError'{0x0000000629145ac8}: 'java.lang.Object java.lang.invoke.DirectMethodHandle$Holder.newInvokeSpecial(java.lang.Object, java.lang.Object, int)'> (0x0000000629145ac8) 
thrown [s\src\hotspot\share\interpreter\linkResolver.cpp, line 759]
Event: 0.247 Thread 0x000001c8e9197a60 Exception <a 'java/lang/NoSuchMethodError'{0x000000062915ae18}: 'int java.lang.invoke.DirectMethodHandle$Holder.invokeStaticInit(java.lang.Object, java.lang.Object, long, long)'> (0x000000062915ae18) 
thrown [s\src\hotspot\share\interpreter\linkResolver.cpp, line 759]
Event: 0.248 Thread 0x000001c8e9197a60 Exception <a 'java/lang/NoSuchMethodError'{0x0000000629160f28}: 'java.lang.Object java.lang.invoke.DirectMethodHandle$Holder.newInvokeSpecial(java.lang.Object, java.lang.Object, long)'> (0x0000000629160f28) 
thrown [s\src\hotspot\share\interpreter\linkResolver.cpp, line 759]
Event: 0.248 Thread 0x000001c8e9197a60 Exception <a 'java/lang/NoSuchMethodError'{0x0000000629164f70}: 'java.lang.Object java.lang.invoke.Invokers$Holder.linkToTargetMethod(java.lang.Object, long, java.lang.Object)'> (0x0000000629164f70) 
thrown [s\src\hotspot\share\interpreter\linkResolver.cpp, line 759]
Event: 0.249 Thread 0x000001c8e9197a60 Exception <a 'java/lang/NoSuchMethodError'{0x000000062916c688}: 'int java.lang.invoke.DirectMethodHandle$Holder.invokeStaticInit(java.lang.Object, java.lang.Object, java.lang.Object, long)'> (0x000000062916c688) 
thrown [s\src\hotspot\share\interpreter\linkResolver.cpp, line 759]
Event: 0.261 Thread 0x000001c8e9197a60 Exception <a 'sun/nio/fs/WindowsException'{0x000000062922c7d0}> (0x000000062922c7d0) 
thrown [s\src\hotspot\share\prims\jni.cpp, line 516]
Event: 0.261 Thread 0x000001c8e9197a60 Exception <a 'sun/nio/fs/WindowsException'{0x000000062922cb90}> (0x000000062922cb90) 
thrown [s\src\hotspot\share\prims\jni.cpp, line 516]
Event: 0.277 Thread 0x000001c8e9197a60 Exception <a 'sun/nio/fs/WindowsException'{0x00000006292f1a40}> (0x00000006292f1a40) 
thrown [s\src\hotspot\share\prims\jni.cpp, line 516]
Event: 0.277 Thread 0x000001c8e9197a60 Exception <a 'sun/nio/fs/WindowsException'{0x00000006292f1dd0}> (0x00000006292f1dd0) 
thrown [s\src\hotspot\share\prims\jni.cpp, line 516]
Event: 0.307 Thread 0x000001c8e9197a60 Exception <a 'sun/nio/fs/WindowsException'{0x000000062938f888}> (0x000000062938f888) 
thrown [s\src\hotspot\share\prims\jni.cpp, line 516]
Event: 0.307 Thread 0x000001c8e9197a60 Exception <a 'sun/nio/fs/WindowsException'{0x000000062938fc38}> (0x000000062938fc38) 
thrown [s\src\hotspot\share\prims\jni.cpp, line 516]
Event: 0.338 Thread 0x000001c8e9197a60 Exception <a 'java/lang/NoSuchMethodError'{0x00000006293dfaf0}: 'java.lang.Object java.lang.invoke.DirectMethodHandle$Holder.newInvokeSpecial(java.lang.Object, long)'> (0x00000006293dfaf0) 
thrown [s\src\hotspot\share\interpreter\linkResolver.cpp, line 759]
Event: 0.508 Thread 0x000001c8e9197a60 Exception <a 'sun/nio/fs/WindowsException'{0x0000000628d23f38}> (0x0000000628d23f38) 
thrown [s\src\hotspot\share\prims\jni.cpp, line 516]
Event: 0.508 Thread 0x000001c8e9197a60 Exception <a 'sun/nio/fs/WindowsException'{0x0000000628d24308}> (0x0000000628d24308) 
thrown [s\src\hotspot\share\prims\jni.cpp, line 516]
Event: 0.510 Thread 0x000001c8e9197a60 Exception <a 'sun/nio/fs/WindowsException'{0x0000000628d34b58}> (0x0000000628d34b58) 
thrown [s\src\hotspot\share\prims\jni.cpp, line 516]
Event: 0.510 Thread 0x000001c8e9197a60 Exception <a 'sun/nio/fs/WindowsException'{0x0000000628d34e58}> (0x0000000628d34e58) 
thrown [s\src\hotspot\share\prims\jni.cpp, line 516]

VM Operations (10 events):
Event: 0.112 Executing VM operation: HandshakeAllThreads
Event: 0.112 Executing VM operation: HandshakeAllThreads done
Event: 0.175 Executing VM operation: HandshakeAllThreads
Event: 0.175 Executing VM operation: HandshakeAllThreads done
Event: 0.213 Executing VM operation: HandshakeAllThreads
Event: 0.214 Executing VM operation: HandshakeAllThreads done
Event: 0.970 Executing VM operation: G1CollectForAllocation
Event: 0.973 Executing VM operation: G1CollectForAllocation done
Event: 1.975 Executing VM operation: Cleanup
Event: 1.975 Executing VM operation: Cleanup done

Events (20 events):
Event: 1.063 loading class java/io/ClassCache$CacheRef done
Event: 1.063 loading class java/io/ObjectStreamClass$FieldReflectorKey
Event: 1.063 loading class java/io/ObjectStreamClass$FieldReflectorKey done
Event: 1.063 loading class java/io/ObjectStreamClass$FieldReflector
Event: 1.063 loading class java/io/ObjectStreamClass$FieldReflector done
Event: 1.063 loading class java/io/ObjectStreamClass$ExceptionInfo
Event: 1.063 loading class java/io/ObjectStreamClass$ExceptionInfo done
Event: 1.081 Thread 0x000001c8a096b7b0 Thread added: 0x000001c8a096b7b0
Event: 1.127 Thread 0x000001c8a0a48010 Thread added: 0x000001c8a0a48010
Event: 1.140 Thread 0x000001c8a0e70ef0 Thread added: 0x000001c8a0e70ef0
Event: 1.140 Thread 0x000001c8a0dd4ee0 Thread added: 0x000001c8a0dd4ee0
Event: 1.245 Thread 0x000001c8a131f3a0 Thread added: 0x000001c8a131f3a0
Event: 1.246 loading class java/lang/SecurityException
Event: 1.246 loading class java/lang/SecurityException done
Event: 1.247 loading class java/lang/reflect/InvocationTargetException
Event: 1.247 loading class java/lang/reflect/InvocationTargetException done
Event: 1.278 Thread 0x000001c8a0dd4ee0 Thread exited: 0x000001c8a0dd4ee0
Event: 1.278 Thread 0x000001c8a0e70ef0 Thread exited: 0x000001c8a0e70ef0
Event: 1.345 Thread 0x000001c8a0a48010 Thread exited: 0x000001c8a0a48010
Event: 1.453 Thread 0x000001c8a096b7b0 Thread exited: 0x000001c8a096b7b0


Dynamic libraries:
0x00007ff611810000 - 0x00007ff61181e000 	C:\Users\pepea\Documents\eclipse-java-2023-03-R-win32-x86_64\eclipse\plugins\org.eclipse.justj.openjdk.hotspot.jre.full.win32.x86_64_17.0.6.v20230204-1729\jre\bin\javaw.exe
0x00007ffe594b0000 - 0x00007ffe596a8000 	C:\Windows\SYSTEM32\ntdll.dll
0x00007ffe575f0000 - 0x00007ffe576af000 	C:\Windows\System32\KERNEL32.DLL
0x00007ffe56f10000 - 0x00007ffe57206000 	C:\Windows\System32\KERNELBASE.dll
0x00007ffe572f0000 - 0x00007ffe573f0000 	C:\Windows\System32\ucrtbase.dll
0x00007ffe36d60000 - 0x00007ffe36d77000 	C:\Users\pepea\Documents\eclipse-java-2023-03-R-win32-x86_64\eclipse\plugins\org.eclipse.justj.openjdk.hotspot.jre.full.win32.x86_64_17.0.6.v20230204-1729\jre\bin\jli.dll
0x00007ffe3de00000 - 0x00007ffe3de19000 	C:\Users\pepea\Documents\eclipse-java-2023-03-R-win32-x86_64\eclipse\plugins\org.eclipse.justj.openjdk.hotspot.jre.full.win32.x86_64_17.0.6.v20230204-1729\jre\bin\VCRUNTIME140.dll
0x00007ffe57d20000 - 0x00007ffe57ebd000 	C:\Windows\System32\USER32.dll
0x00007ffe3c5b0000 - 0x00007ffe3c84a000 	C:\Windows\WinSxS\amd64_microsoft.windows.common-controls_6595b64144ccf1df_6.0.19041.1110_none_60b5254171f9507e\COMCTL32.dll
0x00007ffe56b90000 - 0x00007ffe56bb2000 	C:\Windows\System32\win32u.dll
0x00007ffe585f0000 - 0x00007ffe5868e000 	C:\Windows\System32\msvcrt.dll
0x00007ffe57b70000 - 0x00007ffe57b9c000 	C:\Windows\System32\GDI32.dll
0x00007ffe573f0000 - 0x00007ffe57505000 	C:\Windows\System32\gdi32full.dll
0x00007ffe56e70000 - 0x00007ffe56f0d000 	C:\Windows\System32\msvcp_win.dll
0x00007ffe57510000 - 0x00007ffe57540000 	C:\Windows\System32\IMM32.DLL
0x00007ffe50d70000 - 0x00007ffe50d7c000 	C:\Users\pepea\Documents\eclipse-java-2023-03-R-win32-x86_64\eclipse\plugins\org.eclipse.justj.openjdk.hotspot.jre.full.win32.x86_64_17.0.6.v20230204-1729\jre\bin\vcruntime140_1.dll
0x00007ffe261f0000 - 0x00007ffe26281000 	C:\Users\pepea\Documents\eclipse-java-2023-03-R-win32-x86_64\eclipse\plugins\org.eclipse.justj.openjdk.hotspot.jre.full.win32.x86_64_17.0.6.v20230204-1729\jre\bin\msvcp140.dll
0x00007ffdb0ca0000 - 0x00007ffdb18e7000 	C:\Users\pepea\Documents\eclipse-java-2023-03-R-win32-x86_64\eclipse\plugins\org.eclipse.justj.openjdk.hotspot.jre.full.win32.x86_64_17.0.6.v20230204-1729\jre\bin\server\jvm.dll
0x00007ffe58690000 - 0x00007ffe5873f000 	C:\Windows\System32\ADVAPI32.dll
0x00007ffe57a30000 - 0x00007ffe57acc000 	C:\Windows\System32\sechost.dll
0x00007ffe576b0000 - 0x00007ffe577d6000 	C:\Windows\System32\RPCRT4.dll
0x00007ffe3e4d0000 - 0x00007ffe3e4d9000 	C:\Windows\SYSTEM32\WSOCK32.dll
0x00007ffe4cd40000 - 0x00007ffe4cd67000 	C:\Windows\SYSTEM32\WINMM.dll
0x00007ffe4cd70000 - 0x00007ffe4cd7a000 	C:\Windows\SYSTEM32\VERSION.dll
0x00007ffe57ba0000 - 0x00007ffe57c0b000 	C:\Windows\System32\WS2_32.dll
0x00007ffe553e0000 - 0x00007ffe553f2000 	C:\Windows\SYSTEM32\kernel.appcore.dll
0x00007ffe4fbd0000 - 0x00007ffe4fbda000 	C:\Users\pepea\Documents\eclipse-java-2023-03-R-win32-x86_64\eclipse\plugins\org.eclipse.justj.openjdk.hotspot.jre.full.win32.x86_64_17.0.6.v20230204-1729\jre\bin\jimage.dll
0x00007ffe54740000 - 0x00007ffe54924000 	C:\Windows\SYSTEM32\DBGHELP.DLL
0x00007ffe39470000 - 0x00007ffe394a4000 	C:\Windows\SYSTEM32\dbgcore.DLL
0x00007ffe56c80000 - 0x00007ffe56d02000 	C:\Windows\System32\bcryptPrimitives.dll
0x00007ffe44640000 - 0x00007ffe44665000 	C:\Users\pepea\Documents\eclipse-java-2023-03-R-win32-x86_64\eclipse\plugins\org.eclipse.justj.openjdk.hotspot.jre.full.win32.x86_64_17.0.6.v20230204-1729\jre\bin\java.dll
0x00007ffe40c60000 - 0x00007ffe40c78000 	C:\Users\pepea\Documents\eclipse-java-2023-03-R-win32-x86_64\eclipse\plugins\org.eclipse.justj.openjdk.hotspot.jre.full.win32.x86_64_17.0.6.v20230204-1729\jre\bin\zip.dll
0x00007ffe58d20000 - 0x00007ffe59464000 	C:\Windows\System32\SHELL32.dll
0x00007ffe54c30000 - 0x00007ffe553c3000 	C:\Windows\SYSTEM32\windows.storage.dll
0x00007ffe58810000 - 0x00007ffe58b64000 	C:\Windows\System32\combase.dll
0x00007ffe565f0000 - 0x00007ffe5661e000 	C:\Windows\SYSTEM32\Wldp.dll
0x00007ffe57540000 - 0x00007ffe575ed000 	C:\Windows\System32\SHCORE.dll
0x00007ffe58520000 - 0x00007ffe58575000 	C:\Windows\System32\shlwapi.dll
0x00007ffe56ad0000 - 0x00007ffe56aef000 	C:\Windows\SYSTEM32\profapi.dll
0x00007ffe40880000 - 0x00007ffe40899000 	C:\Users\pepea\Documents\eclipse-java-2023-03-R-win32-x86_64\eclipse\plugins\org.eclipse.justj.openjdk.hotspot.jre.full.win32.x86_64_17.0.6.v20230204-1729\jre\bin\net.dll
0x00007ffe4cbc0000 - 0x00007ffe4ccca000 	C:\Windows\SYSTEM32\WINHTTP.dll
0x00007ffe56350000 - 0x00007ffe563ba000 	C:\Windows\system32\mswsock.dll
0x00007ffe3ea50000 - 0x00007ffe3ea65000 	C:\Users\pepea\Documents\eclipse-java-2023-03-R-win32-x86_64\eclipse\plugins\org.eclipse.justj.openjdk.hotspot.jre.full.win32.x86_64_17.0.6.v20230204-1729\jre\bin\nio.dll
0x0000000057250000 - 0x0000000057279000 	C:\Users\pepea\AppData\Local\Temp\libgdxJose Antonio\e787ab0a\gdx64.dll
0x00007ffe20020000 - 0x00007ffe20095000 	C:\Users\pepea\AppData\Local\Temp\lwjglJose Antonio\3.3.1-build-7\lwjgl.dll
0x00007ffdb0a40000 - 0x00007ffdb0c99000 	C:\Users\pepea\AppData\Local\Temp\lwjglJose Antonio\3.3.1-build-7\jemalloc.dll
0x00007ffe28dc0000 - 0x00007ffe28e21000 	C:\Users\pepea\AppData\Local\Temp\lwjglJose Antonio\3.3.1-build-7\glfw.dll
0x00007ffe295c0000 - 0x00007ffe29605000 	C:\Windows\SYSTEM32\dinput8.dll
0x00007ffe342e0000 - 0x00007ffe342f1000 	C:\Windows\SYSTEM32\xinput1_4.dll
0x00007ffe56c30000 - 0x00007ffe56c7e000 	C:\Windows\System32\cfgmgr32.dll
0x00007ffe56940000 - 0x00007ffe5696c000 	C:\Windows\SYSTEM32\DEVOBJ.dll
0x00007ffe54320000 - 0x00007ffe5434f000 	C:\Windows\SYSTEM32\dwmapi.dll
0x00007ffe3bf00000 - 0x00007ffe3c052000 	C:\Windows\SYSTEM32\inputhost.dll
0x00007ffe58740000 - 0x00007ffe5880d000 	C:\Windows\System32\OLEAUT32.dll
0x00007ffe526a0000 - 0x00007ffe527f4000 	C:\Windows\SYSTEM32\wintypes.dll
0x00007ffe53e00000 - 0x00007ffe53ef2000 	C:\Windows\SYSTEM32\CoreMessaging.dll
0x00007ffe522b0000 - 0x00007ffe523a6000 	C:\Windows\SYSTEM32\PROPSYS.dll
0x00007ffe53720000 - 0x00007ffe53a7e000 	C:\Windows\SYSTEM32\CoreUIComponents.dll
0x00007ffe55d20000 - 0x00007ffe55d53000 	C:\Windows\SYSTEM32\ntmarta.dll
0x00007ffe54140000 - 0x00007ffe541de000 	C:\Windows\system32\uxtheme.dll
0x00007ffe577e0000 - 0x00007ffe578f4000 	C:\Windows\System32\MSCTF.dll
0x00007ffddd500000 - 0x00007ffddd697000 	C:\Users\pepea\AppData\Local\Temp\lwjglJose Antonio\3.3.1-build-7\OpenAL.dll
0x00007ffe57900000 - 0x00007ffe57a2a000 	C:\Windows\System32\ole32.dll
0x00007ffe57f20000 - 0x00007ffe57fc9000 	C:\Windows\System32\clbcatq.dll
0x00007ffe50810000 - 0x00007ffe50895000 	C:\Windows\System32\MMDevApi.dll
0x00007ffe508a0000 - 0x00007ffe50a22000 	C:\Windows\SYSTEM32\AUDIOSES.DLL
0x00007ffe56160000 - 0x00007ffe561ab000 	C:\Windows\SYSTEM32\powrprof.dll
0x00007ffe55fd0000 - 0x00007ffe55fe2000 	C:\Windows\SYSTEM32\UMPDC.dll
0x00007ffe54220000 - 0x00007ffe54234000 	C:\Windows\SYSTEM32\resourcepolicyclient.dll
0x00007ffdff160000 - 0x00007ffdff285000 	C:\Windows\SYSTEM32\opengl32.dll
0x00007ffe005d0000 - 0x00007ffe005fc000 	C:\Windows\SYSTEM32\GLU32.dll
0x00007ffe4df40000 - 0x00007ffe4e044000 	C:\Windows\System32\AppXDeploymentClient.dll
0x00007ffe198f0000 - 0x00007ffe1991c000 	C:\Windows\System32\DriverStore\FileRepository\u0376099.inf_amd64_2628b086cfd291e0\B375828\atig6pxx.dll
0x00007ffda89f0000 - 0x00007ffdab850000 	C:\Windows\System32\DriverStore\FileRepository\u0376099.inf_amd64_2628b086cfd291e0\B375828\atio6axx.dll
0x00007ffe580b0000 - 0x00007ffe58518000 	C:\Windows\System32\SETUPAPI.dll
0x00007ffe572c0000 - 0x00007ffe572e7000 	C:\Windows\System32\bcrypt.dll
0x00007ffe4fe20000 - 0x00007ffe4fe44000 	C:\Windows\SYSTEM32\dxva2.dll
0x00007ffe33fc0000 - 0x00007ffe33fff000 	C:\Windows\System32\DriverStore\FileRepository\u0376099.inf_amd64_2628b086cfd291e0\B375828\atig6txx.dll
0x00007ffdcd610000 - 0x00007ffdcd7e0000 	C:\Windows\SYSTEM32\atiadlxx.dll
0x00007ffe57d10000 - 0x00007ffe57d18000 	C:\Windows\System32\PSAPI.DLL
0x00007ffe34550000 - 0x00007ffe34599000 	C:\Windows\SYSTEM32\pdh.dll
0x00007ffe56bc0000 - 0x00007ffe56c27000 	C:\Windows\System32\WINTRUST.dll
0x00007ffe56d10000 - 0x00007ffe56e6e000 	C:\Windows\System32\CRYPT32.dll
0x00007ffe56780000 - 0x00007ffe56792000 	C:\Windows\SYSTEM32\MSASN1.dll
0x00007ffe4dce0000 - 0x00007ffe4dd1b000 	C:\Windows\SYSTEM32\dxcore.dll
0x00007ffe16620000 - 0x00007ffe1667d000 	C:\Users\pepea\AppData\Local\Temp\lwjglJose Antonio\3.3.1-build-7\lwjgl_opengl.dll
0x00007ffe3c060000 - 0x00007ffe3c15a000 	C:\Windows\SYSTEM32\textinputframework.dll

dbghelp: loaded successfully - version: 4.0.5 - missing functions: none
symbol engine: initialized successfully - sym options: 0x614 - pdb path: .;C:\Users\pepea\Documents\eclipse-java-2023-03-R-win32-x86_64\eclipse\plugins\org.eclipse.justj.openjdk.hotspot.jre.full.win32.x86_64_17.0.6.v20230204-1729\jre\bin;C:\Windows\SYSTEM32;C:\Windows\WinSxS\amd64_microsoft.windows.common-controls_6595b64144ccf1df_6.0.19041.1110_none_60b5254171f9507e;C:\Users\pepea\Documents\eclipse-java-2023-03-R-win32-x86_64\eclipse\plugins\org.eclipse.justj.openjdk.hotspot.jre.full.win32.x86_64_17.0.6.v20230204-1729\jre\bin\server;C:\Users\pepea\AppData\Local\Temp\libgdxJose Antonio\e787ab0a;C:\Users\pepea\AppData\Local\Temp\lwjglJose Antonio\3.3.1-build-7;C:\Windows\System32\DriverStore\FileRepository\u0376099.inf_amd64_2628b086cfd291e0\B375828

VM Arguments:
jvm_args: -Dfile.encoding=UTF-8 -XX:+ShowCodeDetailsInExceptionMessages 
java_command: com.barquitosfc.game.DesktopLauncher
java_class_path (initial): C:\Users\pepea\Documents\GitHub\UMA-IIS23-A-E7\dragonboatracing\desktop\bin\main;\dragonboatracing-desktop\bin\default;C:\Users\pepea\Documents\GitHub\UMA-IIS23-A-E7\dragonboatracing\core\bin\default;C:\Users\pepea\Documents\GitHub\UMA-IIS23-A-E7\dragonboatracing\core\bin\main;C:\Users\pepea\.gradle\caches\modules-2\files-2.1\com.badlogicgames.gdx\gdx-backend-lwjgl3\1.11.0\58a96db4cd349be4292d547856aa1e1c5f065f4e\gdx-backend-lwjgl3-1.11.0.jar;C:\Users\pepea\.gradle\caches\modules-2\files-2.1\com.badlogicgames.gdx\gdx-platform\1.11.0\697fb13eada6d3c6ca648c9788692b0159add126\gdx-platform-1.11.0-natives-desktop.jar;C:\Users\pepea\.gradle\caches\modules-2\files-2.1\com.badlogicgames.gdx\gdx\1.11.0\ffe1206d1004cd9e40027e28964be0fea0399af7\gdx-1.11.0.jar;C:\Users\pepea\.gradle\caches\modules-2\files-2.1\org.lwjgl\lwjgl-glfw\3.3.1\cbac1b8d30cb4795149c1ef540f912671a8616d0\lwjgl-glfw-3.3.1.jar;C:\Users\pepea\.gradle\caches\modules-2\files-2.1\org.lwjgl\lwjgl-glfw\3.3.1\81716978214ecbda15050ca394b06ef61501a49e\lwjgl-glfw-3.3.1-natives-linux.jar;C:\Users\pepea\.gradle\caches\modules-2\files-2.1\org.lwjgl\lwjgl-glfw\3.3.1\816d935933f2dd743074c4e717cc25b55720f294\lwjgl-glfw-3.3.1-natives-linux-arm32.jar;C:\Users\pepea\.gradle\caches\modules-2\files-2.1\org.lwjgl\lwjgl-glfw\3.3.1\513eb39b866d0fe131a18d5c517087805433b029\lwjgl-glfw-3.3.1-natives-linux-arm64.jar;C:\Users\pepea\.gradle\caches\modules-2\files-2.1\org.lwjgl\lwjgl-glfw\3.3.1\9ec4ce1fc8c85fdef03ef4ff2aace6f5775fb280\lwjgl-glfw-3.3.1-natives-macos.jar;C:\Users\pepea\.gradle\caches\modules-2\files-2.1\org.lwjgl\lwjgl-glfw\3.3.1\cac0d3f712a3da7641fa174735a5f315de7ffe0a\lwjgl-glfw-3.3.1-natives-macos-arm64.jar;C:\Users\pepea\.gradle\caches\modules-2\files-2.1\org.lwjgl\lwjgl-glfw\3.3.1\ed892f945cf7e79c8756796f32d00fa4ceaf573b\lwjgl-glfw-3.3.1-natives-windows.jar;C:\Users\pepea\.gradle\caches\modules-2\files-2.1\org.lwjgl\lwjgl-glfw\3.3.1\b997e3391d6ce8f05487e7335d95c606043884a1\lwjgl-glfw-3.3.1-
Launcher Type: SUN_STANDARD

[Global flags]
     intx CICompilerCount                          = 12                                        {product} {ergonomic}
     uint ConcGCThreads                            = 3                                         {product} {ergonomic}
     uint G1ConcRefinementThreads                  = 13                                        {product} {ergonomic}
   size_t G1HeapRegionSize                         = 4194304                                   {product} {ergonomic}
    uintx GCDrainStackTargetSize                   = 64                                        {product} {ergonomic}
   size_t InitialHeapSize                          = 528482304                                 {product} {ergonomic}
   size_t MarkStackSize                            = 4194304                                   {product} {ergonomic}
   size_t MaxHeapSize                              = 8417968128                                {product} {ergonomic}
   size_t MaxNewSize                               = 5049942016                                {product} {ergonomic}
   size_t MinHeapDeltaBytes                        = 4194304                                   {product} {ergonomic}
   size_t MinHeapSize                              = 8388608                                   {product} {ergonomic}
    uintx NonNMethodCodeHeapSize                   = 7602480                                {pd product} {ergonomic}
    uintx NonProfiledCodeHeapSize                  = 122027880                              {pd product} {ergonomic}
    uintx ProfiledCodeHeapSize                     = 122027880                              {pd product} {ergonomic}
    uintx ReservedCodeCacheSize                    = 251658240                              {pd product} {ergonomic}
     bool SegmentedCodeCache                       = true                                      {product} {ergonomic}
     bool ShowCodeDetailsInExceptionMessages       = true                                   {manageable} {command line}
   size_t SoftMaxHeapSize                          = 8417968128                             {manageable} {ergonomic}
     bool UseCompressedClassPointers               = true                           {product lp64_product} {ergonomic}
     bool UseCompressedOops                        = true                           {product lp64_product} {ergonomic}
     bool UseG1GC                                  = true                                      {product} {ergonomic}
     bool UseLargePagesIndividualAllocation        = false                                  {pd product} {ergonomic}

Logging:
Log output configuration:
 #0: stdout all=warning uptime,level,tags
 #1: stderr all=off uptime,level,tags

Environment Variables:
PATH=C:/Users/pepea/Documents/eclipse-java-2023-03-R-win32-x86_64/eclipse//plugins/org.eclipse.justj.openjdk.hotspot.jre.full.win32.x86_64_17.0.6.v20230204-1729/jre/bin/server;C:/Users/pepea/Documents/eclipse-java-2023-03-R-win32-x86_64/eclipse//plugins/org.eclipse.justj.openjdk.hotspot.jre.full.win32.x86_64_17.0.6.v20230204-1729/jre/bin;C:\Program Files (x86)\Common Files\Oracle\Java\javapath;C:\MinGW\mingw64\bin;C:\Windows\system32;C:\Windows;C:\Windows\System32\Wbem;C:\Windows\System32\WindowsPowerShell\v1.0\;C:\Windows\System32\OpenSSH\;C:\Program Files\NVIDIA Corporation\NVIDIA NvDLISR;C:\Program Files (x86)\NVIDIA Corporation\PhysX\Common;C:\Program Files\Git\cmd;C:\MinGW\mingw64\bin;C:\Users\pepea\AppData\Local\Microsoft\WindowsApps;C:\Users\pepea\AppData\Local\Programs\Microsoft VS Code\bin;C:\Users\pepea\AppData\Local\GitHubDesktop\bin;C:\Users\pepea\Documents\eclipse-java-2023-03-R-win32-x86_64\eclipse;
USERNAME=Jose Antonio
OS=Windows_NT
PROCESSOR_IDENTIFIER=AMD64 Family 25 Model 80 Stepping 0, AuthenticAMD
TMP=C:\Users\pepea\AppData\Local\Temp
TEMP=C:\Users\pepea\AppData\Local\Temp



---------------  S Y S T E M  ---------------

OS:
 Windows 10 , 64 bit Build 19041 (10.0.19041.2913)
OS uptime: 2 days 1:50 hours

CPU: total 16 (initial active 16) (16 cores per cpu, 2 threads per core) family 25 model 80 stepping 0 microcode 0x0, cx8, cmov, fxsr, ht, mmx, 3dnowpref, sse, sse2, sse3, ssse3, sse4a, sse4.1, sse4.2, popcnt, lzcnt, tsc, tscinvbit, avx, avx2, aes, erms, clmul, bmi1, bmi2, adx, sha, fma, vzeroupper, clflush, clflushopt

Memory: 4k page, system-wide physical 32100M (21331M free)
TotalPageFile size 36964M (AvailPageFile size 23428M)
current process WorkingSet (physical memory assigned to process): 232M, peak: 239M
current process commit charge ("private bytes"): 848M, peak: 856M

vm_info: OpenJDK 64-Bit Server VM (17.0.6+10) for windows-amd64 JRE (17.0.6+10), built on Jan 18 2023 10:08:59 by "temurin" with MS VC++ 16.7 (VS2019)

END.
