#
# A fatal error has been detected by the Java Runtime Environment:
#
#  EXCEPTION_ACCESS_VIOLATION (0xc0000005) at pc=0x00007ff89d7e44d3, pid=4980, tid=6800
#
# JRE version: OpenJDK Runtime Environment Temurin-17.0.4.1+1 (17.0.4.1+1) (build 17.0.4.1+1)
# Java VM: OpenJDK 64-Bit Server VM Temurin-17.0.4.1+1 (17.0.4.1+1, mixed mode, tiered, compressed oops, compressed class ptrs, g1 gc, windows-amd64)
# Problematic frame:
# C  [msvcrt.dll+0x744d3]
#
# No core dump will be written. Minidumps are not enabled by default on client versions of Windows
#
# If you would like to submit a bug report, please visit:
#   https://github.com/adoptium/adoptium-support/issues
# The crash happened outside the Java Virtual Machine in native code.
# See problematic frame for where to report the bug.
#

---------------  S U M M A R Y ------------

Command Line: -Dfile.encoding=UTF-8 -XX:+ShowCodeDetailsInExceptionMessages com.barquitosfc.game.DesktopLauncher

Host: AMD Ryzen 7 2700X Eight-Core Processor         , 8 cores, 6G,  Windows 10 , 64 bit Build 19041 (10.0.19041.1889)
Time: Sat May 13 11:37:36 2023 Hora de verano romance elapsed time: 404.217484 seconds (0d 0h 6m 44s)

---------------  T H R E A D  ---------------

Current thread (0x0000022562a1dbd0):  JavaThread "main" [_thread_in_native, id=6800, stack(0x000000f766500000,0x000000f766600000)]

Stack: [0x000000f766500000,0x000000f766600000],  sp=0x000000f7665fed08,  free space=1019k
Native frames: (J=compiled Java code, j=interpreted, Vv=VM code, C=native code)
C  [msvcrt.dll+0x744d3]
C  [gdx64.dll+0x2241]

Java frames: (J=compiled Java code, j=interpreted, Vv=VM code)
J 1171  com.badlogic.gdx.utils.BufferUtils.copyJni([FLjava/nio/Buffer;II)V (0 bytes) @ 0x000002256dc26010 [0x000002256dc25fa0+0x0000000000000070]
J 1437 c2 com.badlogic.gdx.graphics.g2d.SpriteBatch.flush()V (193 bytes) @ 0x000002256dc458bc [0x000002256dc45760+0x000000000000015c]
J 1883 c2 com.badlogic.gdx.scenes.scene2d.Group.drawChildren(Lcom/badlogic/gdx/graphics/g2d/Batch;F)V (551 bytes) @ 0x000002256dca78ec [0x000002256dca6c40+0x0000000000000cac]
J 1883 c2 com.badlogic.gdx.scenes.scene2d.Group.drawChildren(Lcom/badlogic/gdx/graphics/g2d/Batch;F)V (551 bytes) @ 0x000002256dca8fd4 [0x000002256dca6c40+0x0000000000002394]
J 1963 c2 com.badlogic.gdx.scenes.scene2d.Stage.draw()V (70 bytes) @ 0x000002256dd0b9b8 [0x000002256dd0af20+0x0000000000000a98]
J 1922 c2 com.barquitosfc.game.DragonBoatGame.render()V (2745 bytes) @ 0x000002256dcd5774 [0x000002256dcd4a20+0x0000000000000d54]
J 1960 c2 com.badlogic.gdx.backends.lwjgl3.Lwjgl3Window.update()Z (217 bytes) @ 0x000002256dd08700 [0x000002256dd07fa0+0x0000000000000760]
j  com.badlogic.gdx.backends.lwjgl3.Lwjgl3Application.loop()V+111
j  com.badlogic.gdx.backends.lwjgl3.Lwjgl3Application.<init>(Lcom/badlogic/gdx/ApplicationListener;Lcom/badlogic/gdx/backends/lwjgl3/Lwjgl3ApplicationConfiguration;)V+269
j  com.barquitosfc.game.DesktopLauncher.main([Ljava/lang/String;)V+46
v  ~StubRoutines::call_stub

siginfo: EXCEPTION_ACCESS_VIOLATION (0xc0000005), writing address 0x0000000000000000


Register to memory mapping:

RIP=0x00007ff89d7e44d3 msvcrt.dll
RAX=0x0 is NULL
RBX=0x0000022562a1de78 points into unknown readable memory: 0x000002257d5d9c30 | 30 9c 5d 7d 25 02 00 00
RCX=0x0000000000000010 is an unknown value
RDX=0x000000009bd50908 is pointing into object: [F 
{0x000000009bd508f8} - klass: {type array float}
 - length: 20000
RSP=0x000000f7665fed08 is pointing into the stack for thread: 0x0000022562a1dbd0
RBP=0x000000f7665feda0 is pointing into the stack for thread: 0x0000022562a1dbd0
RSI=0x0000000000000028 is an unknown value
RDI=0x0 is NULL
R8 =0x0000000000000010 is an unknown value
R9 =0x0000000000000002 is an unknown value
R10=0x00007ff842ca3300 jvm.dll
R11=0x000000009bd509a8 is pointing into object: [F 
{0x000000009bd508f8} - klass: {type array float}
 - length: 20000
R12=0x0 is NULL
R13=0x000000009bd50908 is pointing into object: [F 
{0x000000009bd508f8} - klass: {type array float}
 - length: 20000
R14=0x000000f7665fedd0 is pointing into the stack for thread: 0x0000022562a1dbd0
R15=0x0000022562a1dbd0 is a thread


Registers:
RAX=0x0000000000000000, RBX=0x0000022562a1de78, RCX=0x0000000000000010, RDX=0x000000009bd50908
RSP=0x000000f7665fed08, RBP=0x000000f7665feda0, RSI=0x0000000000000028, RDI=0x0000000000000000
R8 =0x0000000000000010, R9 =0x0000000000000002, R10=0x00007ff842ca3300, R11=0x000000009bd509a8
R12=0x0000000000000000, R13=0x000000009bd50908, R14=0x000000f7665fedd0, R15=0x0000022562a1dbd0
RIP=0x00007ff89d7e44d3, EFLAGS=0x0000000000010202

Top of Stack: (sp=0x000000f7665fed08)
0x000000f7665fed08:   00000000550d2241 0000022562a1de78
0x000000f7665fed18:   0000000000000028 0000022562a1dbd0
0x000000f7665fed28:   000000009bd688c8 0000000000000de1
0x000000f7665fed38:   000000009bd507f0 000000009bd50528
0x000000f7665fed48:   0000000000000000 000000f7665fede0
0x000000f7665fed58:   0000000000000000 000000009bd688c8
0x000000f7665fed68:   000002256dc260b0 000000f7665fedd0
0x000000f7665fed78:   000002256dc1fb84 0000000000000de1
0x000000f7665fed88:   000000009bd50528 0000000000000028
0x000000f7665fed98:   0000000000000000 000000009bd508f8
0x000000f7665feda8:   000000009bd507f0 0014000181440001
0x000000f7665fedb8:   000000009bd69550 00000225004b9490
0x000000f7665fedc8:   00007ff84bb073ee 0000000090f74650
0x000000f7665fedd8:   0000022566113db9 000000009bd506c8
0x000000f7665fede8:   000002256dc458bc 000000009bd50528
0x000000f7665fedf8:   9bd506c80000000c 0000022500000028 

Instructions: (pc=0x00007ff89d7e44d3)
0x00007ff89d7e43d3:   8b 54 02 f8 4c 89 19 4a 89 54 01 f8 c3 49 83 f8
0x00007ff89d7e43e3:   20 77 5a 0f 10 02 42 0f 10 4c 02 f0 0f 11 01 42
0x00007ff89d7e43f3:   0f 11 4c 01 f0 c3 0f 1f 80 00 00 00 00 4d 85 c0
0x00007ff89d7e4403:   74 15 48 2b d1 72 16 44 8a 1c 11 48 ff c1 49 ff
0x00007ff89d7e4413:   c8 44 88 59 ff 75 f0 c3 0f 1f 44 00 00 49 03 c8
0x00007ff89d7e4423:   44 8a 5c 11 ff 48 ff c9 49 ff c8 44 88 19 75 f0
0x00007ff89d7e4433:   c3 66 66 66 66 0f 1f 84 00 00 00 00 00 4e 8d 1c
0x00007ff89d7e4443:   02 48 2b d1 73 09 4c 3b d9 0f 87 6e 01 00 00 0f
0x00007ff89d7e4453:   10 04 11 48 83 c1 10 f6 c1 0f 74 12 48 83 e1 f0
0x00007ff89d7e4463:   0f 10 0c 11 0f 11 00 0f 28 c1 48 83 c1 10 4c 03
0x00007ff89d7e4473:   c0 4c 2b c1 4d 8b c8 49 c1 e9 06 74 6f 49 81 f9
0x00007ff89d7e4483:   00 10 00 00 0f 87 b3 00 00 00 49 83 e0 3f eb 2d
0x00007ff89d7e4493:   66 66 66 66 66 66 66 0f 1f 84 00 00 00 00 00 66
0x00007ff89d7e44a3:   66 66 66 66 66 66 0f 1f 84 00 00 00 00 00 66 66
0x00007ff89d7e44b3:   66 66 66 66 66 0f 1f 84 00 00 00 00 00 0f 10 0c
0x00007ff89d7e44c3:   11 0f 10 54 11 10 0f 10 5c 11 20 0f 10 64 11 30
0x00007ff89d7e44d3:   0f 29 41 f0 48 83 c1 40 49 ff c9 0f 29 49 c0 0f
0x00007ff89d7e44e3:   29 51 d0 0f 29 59 e0 0f 28 c4 75 d1 4d 8b c8 49
0x00007ff89d7e44f3:   c1 e9 04 74 19 0f 1f 84 00 00 00 00 00 0f 29 41
0x00007ff89d7e4503:   f0 0f 10 04 11 48 83 c1 10 49 ff c9 75 ef 49 83
0x00007ff89d7e4513:   e0 0f 74 0e 4e 8d 5c 01 f0 41 0f 10 0c 13 41 0f
0x00007ff89d7e4523:   11 0b 0f 29 41 f0 c3 66 66 66 66 66 66 66 0f 1f
0x00007ff89d7e4533:   84 00 00 00 00 00 0f 1f 80 00 00 00 00 4d 8b c8
0x00007ff89d7e4543:   49 c1 e9 06 49 83 e0 3f 0f 18 44 11 40 eb 2e 66
0x00007ff89d7e4553:   66 66 66 66 66 66 0f 1f 84 00 00 00 00 00 66 66
0x00007ff89d7e4563:   66 66 66 66 66 0f 1f 84 00 00 00 00 00 66 66 66
0x00007ff89d7e4573:   66 66 66 66 0f 1f 84 00 00 00 00 00 90 0f 10 0c
0x00007ff89d7e4583:   11 0f 10 54 11 10 0f 10 5c 11 20 0f 10 64 11 30
0x00007ff89d7e4593:   0f 2b 41 f0 48 83 c1 40 0f 18 44 11 40 49 ff c9
0x00007ff89d7e45a3:   0f 2b 49 c0 0f 2b 51 d0 0f 2b 59 e0 0f 28 c4 75
0x00007ff89d7e45b3:   cc 0f ae f8 e9 33 ff ff ff 0f 1f 40 00 49 03 c8
0x00007ff89d7e45c3:   0f 10 44 11 f0 48 83 e9 10 49 83 e8 10 f6 c1 0f 


Stack slot to memory mapping:
stack at sp + 0 slots: 0x00000000550d2241 gdx64.dll
stack at sp + 1 slots: 0x0000022562a1de78 points into unknown readable memory: 0x000002257d5d9c30 | 30 9c 5d 7d 25 02 00 00
stack at sp + 2 slots: 0x0000000000000028 is an unknown value
stack at sp + 3 slots: 0x0000022562a1dbd0 is a thread
stack at sp + 4 slots: 0x000000009bd688c8 is an oop: com.badlogic.gdx.scenes.scene2d.ui.Table 
{0x000000009bd688c8} - klass: 'com/badlogic/gdx/scenes/scene2d/ui/Table'
 - ---- fields (total size 28 words):
 - 'x' 'F' @12  0.000000
 - 'y' 'F' @16  0.000000
 - 'width' 'F' @20  0.000000
 - 'height' 'F' @24  0.000000
 - 'originX' 'F' @28  0.000000
 - 'originY' 'F' @32  0.000000
 - 'scaleX' 'F' @36  1.000000 (3f800000)
 - 'scaleY' 'F' @40  1.000000 (3f800000)
 - 'rotation' 'F' @44  0.000000
 - private 'visible' 'Z' @48  true
 - private 'debug' 'Z' @49  false
 - private 'stage' 'Lcom/badlogic/gdx/scenes/scene2d/Stage;' @52  a 'com/badlogic/gdx/scenes/scene2d/Stage'{0x000000009bd4ff38} (9bd4ff38)
 - 'parent' 'Lcom/badlogic/gdx/scenes/scene2d/Group;' @56  a 'com/badlogic/gdx/scenes/scene2d/Group'{0x000000009bd68600} (9bd68600)
 - private final 'listeners' 'Lcom/badlogic/gdx/utils/DelayedRemovalArray;' @60  a 'com/badlogic/gdx/utils/DelayedRemovalArray'{0x000000009bd689a8} (9bd689a8)
 - private final 'captureListeners' 'Lcom/badlogic/gdx/utils/DelayedRemovalArray;' @64  a 'com/badlogic/gdx/utils/DelayedRemovalArray'{0x000000009bd68a10} (9bd68a10)
 - private final 'actions' 'Lcom/badlogic/gdx/utils/Array;' @68  a 'com/badlogic/gdx/utils/Array'{0x000000009bd68a78} (9bd68a78)
 - private 'name' 'Ljava/lang/String;' @72  NULL (0)
 - private 'touchable' 'Lcom/badlogic/gdx/scenes/scene2d/Touchable;' @76  a 'com/badlogic/gdx/scenes/scene2d/Touchable'{0x0000000090f2a468} (90f2a468)
 - final 'color' 'Lcom/badlogic/gdx/graphics/Color;' @80  a 'com/badlogic/gdx/graphics/Color'{0x000000009bd68aa8} (9bd68aa8)
 - private 'userObject' 'Ljava/lang/Object;' @84  NULL (0)
 - 'transform' 'Z' @50  false
 - final 'children' 'Lcom/badlogic/gdx/utils/SnapshotArray;' @88  a 'com/badlogic/gdx/utils/SnapshotArray'{0x000000009bd68ac8} (9bd68ac8)
 - private final 'worldTransform' 'Lcom/badlogic/gdx/math/Affine2;' @92  a 'com/badlogic/gdx/math/Affine2'{0x000000009bd68b18} (9bd68b18)
 - private final 'computedTransform' 'Lcom/badlogic/gdx/math/Matrix4;' @96  a 'com/badlogic/gdx/math/Matrix4'{0x000000009bd68b40} (9bd68b40)
 - private final 'oldTransform' 'Lcom/badlogic/gdx/math/Matrix4;' @100  a 'com/badlogic/gdx/math/Matrix4'{0x000000009bd68ba0} (9bd68ba0)
 - private 'cullingArea' 'Lcom/badlogic/gdx/math/Rectangle;' @104  NULL (0)
 - private 'needsLayout' 'Z' @51  false
 - private 'fillParent' 'Z' @108  true
 - private 'layoutEnabled' 'Z' @109  true
 - private 'implicitEndRow' 'Z' @110  false
 - private 'sizeInvalid' 'Z' @111  false
 - private 'columns' 'I' @112  0
 - private 'rows' 'I' @116  0
 - private 'tableMinWidth' 'F' @120  0.000000
 - private 'tableMinHeight' 'F' @124  0.000000
 - private 'tablePrefWidth' 'F' @128  0.000000
 - private 'tablePrefHeight' 'F' @132  0.000000
 - 'align' 'I' @136  1
 - private 'clip' 'Z' @140  false
 - 'round' 'Z' @141  true
 - private final 'cells' 'Lcom/badlogic/gdx/utils/Array;' @144  a 'com/badlogic/gdx/utils/Array'{0x000000009bd68c00} (9bd68c00)
 - private final 'cellDefaults' 'Lcom/badlogic/gdx/scenes/scene2d/ui/Cell;' @148  a 'com/badlogic/gdx/scenes/scene2d/ui/Cell'{0x000000009bd68c78} (9bd68c78)
 - private final 'columnDefaults' 'Lcom/badlogic/gdx/utils/Array;' @152  a 'com/badlogic/gdx/utils/Array'{0x000000009bd68c40} (9bd68c40)
 - private 'rowDefaults' 'Lcom/badlogic/gdx/scenes/scene2d/ui/Cell;' @156  NULL (0)
 - private 'columnMinWidth' '[F' @160  [F{0x000000009bd6a3d8} (9bd6a3d8)
 - private 'rowMinHeight' '[F' @164  [F{0x000000009bd6a3e8} (9bd6a3e8)
 - private 'columnPrefWidth' '[F' @168  [F{0x000000009bd6a3f8} (9bd6a3f8)
 - private 'rowPrefHeight' '[F' @172  [F{0x000000009bd6a408} (9bd6a408)
 - private 'columnWidth' '[F' @176  [F{0x000000009bd6a418} (9bd6a418)
 - private 'rowHeight' '[F' @180  [F{0x000000009bd6a428} (9bd6a428)
 - private 'expandWidth' '[F' @184  [F{0x000000009bd6a438} (9bd6a438)
 - private 'expandHeight' '[F' @188  [F{0x000000009bd6a448} (9bd6a448)
 - 'padTop' 'Lcom/badlogic/gdx/scenes/scene2d/ui/Value;' @192  a 'com/badlogic/gdx/scenes/scene2d/ui/Table$2'{0x0000000090f431d8} (90f431d8)
 - 'padLeft' 'Lcom/badlogic/gdx/scenes/scene2d/ui/Value;' @196  a 'com/badlogic/gdx/scenes/scene2d/ui/Table$3'{0x0000000090f431e8} (90f431e8)
 - 'padBottom' 'Lcom/badlogic/gdx/scenes/scene2d/ui/Value;' @200  a 'com/badlogic/gdx/scenes/scene2d/ui/Table$4'{0x0000000090f431f8} (90f431f8)
 - 'padRight' 'Lcom/badlogic/gdx/scenes/scene2d/ui/Value;' @204  a 'com/badlogic/gdx/scenes/scene2d/ui/Table$5'{0x0000000090f43208} (90f43208)
 - 'debug' 'Lcom/badlogic/gdx/scenes/scene2d/ui/Table$Debug;' @208  a 'com/badlogic/gdx/scenes/scene2d/ui/Table$Debug'{0x0000000090f25ed0} (90f25ed0)
 - 'debugRects' 'Lcom/badlogic/gdx/utils/Array;' @212  NULL (0)
 - 'background' 'Lcom/badlogic/gdx/scenes/scene2d/utils/Drawable;' @216  NULL (0)
 - private 'skin' 'Lcom/badlogic/gdx/scenes/scene2d/ui/Skin;' @220  NULL (0)
stack at sp + 5 slots: 0x0000000000000de1 is an unknown value
stack at sp + 6 slots: 0x000000009bd507f0 is an oop: java.nio.DirectByteBuffer 
{0x000000009bd507f0} - klass: 'java/nio/DirectByteBuffer'
 - ---- fields (total size 8 words):
 - private 'mark' 'I' @12  -1 (ffffffff)
 - 'address' 'J' @16  0 (0 0)
 - private 'position' 'I' @24  0
 - private 'limit' 'I' @28  160 (a0)
 - private 'capacity' 'I' @32  80000 (13880)
 - final 'segment' 'Ljdk/internal/access/foreign/MemorySegmentProxy;' @36  NULL (0)
 - final 'offset' 'I' @40  0
 - 'isReadOnly' 'Z' @44  false
 - 'bigEndian' 'Z' @45  false
 - 'nativeByteOrder' 'Z' @46  true
 - final 'hb' '[B' @48  NULL (0)
 - private final 'isSync' 'Z' @47  false
 - private final 'fd' 'Ljava/io/FileDescriptor;' @52  NULL (0)
 - private final 'att' 'Ljava/lang/Object;' @56  NULL (0)
 - private final 'cleaner' 'Ljdk/internal/ref/Cleaner;' @60  NULL (0)
stack at sp + 7 slots: 0x000000009bd50528 is an oop: com.badlogic.gdx.graphics.g2d.SpriteBatch 
{0x000000009bd50528} - klass: 'com/badlogic/gdx/graphics/g2d/SpriteBatch'
 - ---- fields (total size 12 words):
 - 'idx' 'I' @12  40 (28)
 - 'invTexWidth' 'F' @16  0.002500 (3b23d70a)
 - 'invTexHeight' 'F' @20  0.015873 (3c820821)
 - private 'blendSrcFunc' 'I' @24  770 (302)
 - private 'blendDstFunc' 'I' @28  771 (303)
 - private 'blendSrcFuncAlpha' 'I' @32  770 (302)
 - private 'blendDstFuncAlpha' 'I' @36  771 (303)
 - 'colorPacked' 'F' @40  -170141173319264429905852091742258462720.000000 (feffffff)
 - public 'renderCalls' 'I' @44  1
 - public 'totalRenderCalls' 'I' @48  1
 - public 'maxSpritesInBatch' 'I' @52  2
 - 'drawing' 'Z' @56  true
 - private 'blendingDisabled' 'Z' @57  false
 - private 'ownsShader' 'Z' @58  true
 - private 'mesh' 'Lcom/badlogic/gdx/graphics/Mesh;' @60  a 'com/badlogic/gdx/graphics/Mesh'{0x000000009bd506c8} (9bd506c8)
 - final 'vertices' '[F' @64  [F{0x000000009bd508f8} (9bd508f8)
 - 'lastTexture' 'Lcom/badlogic/gdx/graphics/Texture;' @68  a 'com/badlogic/gdx/graphics/Texture'{0x0000000090f42e50} (90f42e50)
 - private final 'transformMatrix' 'Lcom/badlogic/gdx/math/Matrix4;' @72  a 'com/badlogic/gdx/math/Matrix4'{0x000000009bd50588} (9bd50588)
 - private final 'projectionMatrix' 'Lcom/badlogic/gdx/math/Matrix4;' @76  a 'com/badlogic/gdx/math/Matrix4'{0x000000009bd505e8} (9bd505e8)
 - private final 'combinedMatrix' 'Lcom/badlogic/gdx/math/Matrix4;' @80  a 'com/badlogic/gdx/math/Matrix4'{0x000000009bd50648} (9bd50648)
 - private final 'shader' 'Lcom/badlogic/gdx/graphics/glutils/ShaderProgram;' @84  a 'com/badlogic/gdx/graphics/glutils/ShaderProgram'{0x000000009bd67078} (9bd67078)
 - private 'customShader' 'Lcom/badlogic/gdx/graphics/glutils/ShaderProgram;' @88  NULL (0)
 - private final 'color' 'Lcom/badlogic/gdx/graphics/Color;' @92  a 'com/badlogic/gdx/graphics/Color'{0x000000009bd506a8} (9bd506a8)


---------------  P R O C E S S  ---------------

Threads class SMR info:
_java_thread_list=0x000002250081db00, length=13, elements={
0x0000022562a1dbd0, 0x000002257c056920, 0x000002257c057a10, 0x000002257c0797a0,
0x000002257c09cd50, 0x000002257c09d610, 0x000002257c09e0e0, 0x000002257c09fe10,
0x000002257c0a1bd0, 0x000002257c0a4cc0, 0x000002257cd82b40, 0x000002257cd7f180,
0x000002257cd7fb20
}

Java Threads: ( => current thread )
=>0x0000022562a1dbd0 JavaThread "main" [_thread_in_native, id=6800, stack(0x000000f766500000,0x000000f766600000)]
  0x000002257c056920 JavaThread "Reference Handler" daemon [_thread_blocked, id=12844, stack(0x000000f766c00000,0x000000f766d00000)]
  0x000002257c057a10 JavaThread "Finalizer" daemon [_thread_blocked, id=5900, stack(0x000000f766d00000,0x000000f766e00000)]
  0x000002257c0797a0 JavaThread "Signal Dispatcher" daemon [_thread_blocked, id=1760, stack(0x000000f766e00000,0x000000f766f00000)]
  0x000002257c09cd50 JavaThread "Attach Listener" daemon [_thread_blocked, id=13180, stack(0x000000f766f00000,0x000000f767000000)]
  0x000002257c09d610 JavaThread "Service Thread" daemon [_thread_blocked, id=11188, stack(0x000000f767000000,0x000000f767100000)]
  0x000002257c09e0e0 JavaThread "Monitor Deflation Thread" daemon [_thread_blocked, id=11592, stack(0x000000f767100000,0x000000f767200000)]
  0x000002257c09fe10 JavaThread "C2 CompilerThread0" daemon [_thread_blocked, id=1732, stack(0x000000f767200000,0x000000f767300000)]
  0x000002257c0a1bd0 JavaThread "C1 CompilerThread0" daemon [_thread_blocked, id=12484, stack(0x000000f767300000,0x000000f767400000)]
  0x000002257c0a4cc0 JavaThread "Sweeper thread" daemon [_thread_blocked, id=2756, stack(0x000000f767400000,0x000000f767500000)]
  0x000002257cd82b40 JavaThread "Notification Thread" daemon [_thread_blocked, id=11584, stack(0x000000f767500000,0x000000f767600000)]
  0x000002257cd7f180 JavaThread "Common-Cleaner" daemon [_thread_blocked, id=2932, stack(0x000000f767700000,0x000000f767800000)]
  0x000002257cd7fb20 JavaThread "LWJGL3 Timer" daemon [_thread_blocked, id=13112, stack(0x000000f767800000,0x000000f767900000)]

Other Threads:
  0x000002257c0515f0 VMThread "VM Thread" [stack: 0x000000f766b00000,0x000000f766c00000] [id=2588]
  0x000002257cd83140 WatcherThread [stack: 0x000000f767600000,0x000000f767700000] [id=12460]
  0x0000022562a70570 GCTaskThread "GC Thread#0" [stack: 0x000000f766600000,0x000000f766700000] [id=12468]
  0x000002250095cab0 GCTaskThread "GC Thread#1" [stack: 0x000000f768200000,0x000000f768300000] [id=11784]
  0x0000022500a9ff50 GCTaskThread "GC Thread#2" [stack: 0x000000f768300000,0x000000f768400000] [id=13216]
  0x0000022500f568c0 GCTaskThread "GC Thread#3" [stack: 0x000000f768400000,0x000000f768500000] [id=6216]
  0x0000022500b4fb20 GCTaskThread "GC Thread#4" [stack: 0x000000f768500000,0x000000f768600000] [id=12956]
  0x0000022500b4fdd0 GCTaskThread "GC Thread#5" [stack: 0x000000f768600000,0x000000f768700000] [id=6868]
  0x0000022500b50080 GCTaskThread "GC Thread#6" [stack: 0x000000f768700000,0x000000f768800000] [id=4548]
  0x0000022500b316e0 GCTaskThread "GC Thread#7" [stack: 0x000000f768800000,0x000000f768900000] [id=12656]
  0x0000022562a80aa0 ConcurrentGCThread "G1 Main Marker" [stack: 0x000000f766700000,0x000000f766800000] [id=12308]
  0x0000022562a814b0 ConcurrentGCThread "G1 Conc#0" [stack: 0x000000f766800000,0x000000f766900000] [id=7348]
  0x00000225f0ac3340 ConcurrentGCThread "G1 Conc#1" [stack: 0x000000f766200000,0x000000f766300000] [id=10976]
  0x0000022562ae96a0 ConcurrentGCThread "G1 Refine#0" [stack: 0x000000f766900000,0x000000f766a00000] [id=3008]
  0x00000225fd690bf0 ConcurrentGCThread "G1 Refine#1" [stack: 0x000000f766300000,0x000000f766400000] [id=2416]
  0x000002257bec01f0 ConcurrentGCThread "G1 Service" [stack: 0x000000f766a00000,0x000000f766b00000] [id=9384]

Threads with active compile tasks:

VM state: not at safepoint (normal execution)

VM Mutex/Monitor currently owned by a thread: None

Heap address: 0x0000000090e00000, size: 1778 MB, Compressed Oops mode: 32-bit

CDS archive(s) not mapped
Compressed class space mapped at: 0x0000000100000000-0x0000000140000000, reserved size: 1073741824
Narrow klass base: 0x0000000000000000, Narrow klass shift: 3, Narrow klass range: 0x140000000

GC Precious Log:
 CPUs: 8 total, 8 available
 Memory: 7106M
 Large Page Support: Disabled
 NUMA Support: Disabled
 Compressed Oops: Enabled (32-bit)
 Heap Region Size: 1M
 Heap Min Capacity: 8M
 Heap Initial Capacity: 112M
 Heap Max Capacity: 1778M
 Pre-touch: Disabled
 Parallel Workers: 8
 Concurrent Workers: 2
 Concurrent Refinement Workers: 8
 Periodic GC: Disabled

Heap:
 garbage-first heap   total 211968K, used 163202K [0x0000000090e00000, 0x0000000100000000)
  region size 1024K, 39 young (39936K), 7 survivors (7168K)
 Metaspace       used 13923K, committed 14080K, reserved 1064960K
  class space    used 1095K, committed 1152K, reserved 1048576K

Heap Regions: E=young(eden), S=young(survivor), O=old, HS=humongous(starts), HC=humongous(continues), CS=collection set, F=free, OA=open archive, CA=closed archive, TAMS=top-at-mark-start (previous, next)
|   0|0x0000000090e00000, 0x0000000090f00000, 0x0000000090f00000|100%| O|  |TAMS 0x0000000090f00000, 0x0000000090e00000| Untracked 
|   1|0x0000000090f00000, 0x0000000091000000, 0x0000000091000000|100%| O|  |TAMS 0x0000000091000000, 0x0000000090f00000| Untracked 
|   2|0x0000000091000000, 0x0000000091100000, 0x0000000091100000|100%| O|  |TAMS 0x0000000091100000, 0x0000000091000000| Untracked 
|   3|0x0000000091100000, 0x0000000091200000, 0x0000000091200000|100%| O|  |TAMS 0x0000000091200000, 0x0000000091100000| Untracked 
|   4|0x0000000091200000, 0x0000000091300000, 0x0000000091300000|100%| O|  |TAMS 0x0000000091300000, 0x0000000091200000| Untracked 
|   5|0x0000000091300000, 0x0000000091400000, 0x0000000091400000|100%| O|  |TAMS 0x0000000091400000, 0x0000000091300000| Untracked 
|   6|0x0000000091400000, 0x0000000091500000, 0x0000000091500000|100%| O|  |TAMS 0x0000000091500000, 0x0000000091400000| Untracked 
|   7|0x0000000091500000, 0x0000000091600000, 0x0000000091600000|100%| O|  |TAMS 0x0000000091600000, 0x0000000091500000| Untracked 
|   8|0x0000000091600000, 0x0000000091700000, 0x0000000091700000|100%| O|  |TAMS 0x0000000091700000, 0x0000000091600000| Untracked 
|   9|0x0000000091700000, 0x0000000091800000, 0x0000000091800000|100%| O|  |TAMS 0x0000000091800000, 0x0000000091700000| Untracked 
|  10|0x0000000091800000, 0x0000000091900000, 0x0000000091900000|100%| O|  |TAMS 0x0000000091900000, 0x0000000091800000| Untracked 
|  11|0x0000000091900000, 0x0000000091a00000, 0x0000000091a00000|100%| O|  |TAMS 0x0000000091a00000, 0x0000000091900000| Untracked 
|  12|0x0000000091a00000, 0x0000000091b00000, 0x0000000091b00000|100%| O|  |TAMS 0x0000000091b00000, 0x0000000091a00000| Untracked 
|  13|0x0000000091b00000, 0x0000000091c00000, 0x0000000091c00000|100%| O|  |TAMS 0x0000000091c00000, 0x0000000091b00000| Untracked 
|  14|0x0000000091c00000, 0x0000000091d00000, 0x0000000091d00000|100%| O|  |TAMS 0x0000000091d00000, 0x0000000091c00000| Untracked 
|  15|0x0000000091d00000, 0x0000000091e00000, 0x0000000091e00000|100%| O|  |TAMS 0x0000000091e00000, 0x0000000091d00000| Untracked 
|  16|0x0000000091e00000, 0x0000000091f00000, 0x0000000091f00000|100%| O|  |TAMS 0x0000000091f00000, 0x0000000091e00000| Untracked 
|  17|0x0000000091f00000, 0x0000000092000000, 0x0000000092000000|100%| O|  |TAMS 0x0000000092000000, 0x0000000091f00000| Untracked 
|  18|0x0000000092000000, 0x0000000092100000, 0x0000000092100000|100%| O|  |TAMS 0x0000000092100000, 0x0000000092000000| Untracked 
|  19|0x0000000092100000, 0x0000000092200000, 0x0000000092200000|100%| O|  |TAMS 0x0000000092200000, 0x0000000092100000| Untracked 
|  20|0x0000000092200000, 0x0000000092300000, 0x0000000092300000|100%| O|  |TAMS 0x0000000092300000, 0x0000000092200000| Untracked 
|  21|0x0000000092300000, 0x0000000092400000, 0x0000000092400000|100%| O|  |TAMS 0x0000000092400000, 0x0000000092300000| Untracked 
|  22|0x0000000092400000, 0x0000000092500000, 0x0000000092500000|100%| O|  |TAMS 0x0000000092500000, 0x0000000092400000| Untracked 
|  23|0x0000000092500000, 0x0000000092600000, 0x0000000092600000|100%| O|  |TAMS 0x0000000092600000, 0x0000000092500000| Untracked 
|  24|0x0000000092600000, 0x0000000092700000, 0x0000000092700000|100%| O|  |TAMS 0x0000000092700000, 0x0000000092600000| Untracked 
|  25|0x0000000092700000, 0x0000000092800000, 0x0000000092800000|100%| O|  |TAMS 0x0000000092800000, 0x0000000092700000| Untracked 
|  26|0x0000000092800000, 0x0000000092900000, 0x0000000092900000|100%| O|  |TAMS 0x0000000092900000, 0x0000000092800000| Untracked 
|  27|0x0000000092900000, 0x0000000092a00000, 0x0000000092a00000|100%| O|  |TAMS 0x0000000092a00000, 0x0000000092900000| Untracked 
|  28|0x0000000092a00000, 0x0000000092b00000, 0x0000000092b00000|100%| O|  |TAMS 0x0000000092b00000, 0x0000000092a00000| Untracked 
|  29|0x0000000092b00000, 0x0000000092c00000, 0x0000000092c00000|100%| O|  |TAMS 0x0000000092c00000, 0x0000000092b00000| Untracked 
|  30|0x0000000092c00000, 0x0000000092d00000, 0x0000000092d00000|100%| O|  |TAMS 0x0000000092d00000, 0x0000000092c00000| Untracked 
|  31|0x0000000092d00000, 0x0000000092e00000, 0x0000000092e00000|100%| O|  |TAMS 0x0000000092e00000, 0x0000000092d00000| Untracked 
|  32|0x0000000092e00000, 0x0000000092f00000, 0x0000000092f00000|100%| O|  |TAMS 0x0000000092f00000, 0x0000000092e00000| Untracked 
|  33|0x0000000092f00000, 0x0000000093000000, 0x0000000093000000|100%| O|  |TAMS 0x0000000093000000, 0x0000000092f00000| Untracked 
|  34|0x0000000093000000, 0x0000000093100000, 0x0000000093100000|100%| O|  |TAMS 0x0000000093100000, 0x0000000093000000| Untracked 
|  35|0x0000000093100000, 0x0000000093200000, 0x0000000093200000|100%| O|  |TAMS 0x0000000093200000, 0x0000000093100000| Untracked 
|  36|0x0000000093200000, 0x0000000093300000, 0x0000000093300000|100%| O|  |TAMS 0x0000000093300000, 0x0000000093200000| Untracked 
|  37|0x0000000093300000, 0x0000000093400000, 0x0000000093400000|100%| O|  |TAMS 0x0000000093400000, 0x0000000093300000| Untracked 
|  38|0x0000000093400000, 0x0000000093500000, 0x0000000093500000|100%| O|  |TAMS 0x0000000093500000, 0x0000000093400000| Untracked 
|  39|0x0000000093500000, 0x0000000093600000, 0x0000000093600000|100%| O|  |TAMS 0x0000000093600000, 0x0000000093500000| Untracked 
|  40|0x0000000093600000, 0x0000000093700000, 0x0000000093700000|100%| O|  |TAMS 0x0000000093700000, 0x0000000093600000| Untracked 
|  41|0x0000000093700000, 0x0000000093800000, 0x0000000093800000|100%| O|  |TAMS 0x0000000093800000, 0x0000000093700000| Untracked 
|  42|0x0000000093800000, 0x0000000093900000, 0x0000000093900000|100%| O|  |TAMS 0x0000000093900000, 0x0000000093800000| Untracked 
|  43|0x0000000093900000, 0x0000000093a00000, 0x0000000093a00000|100%| O|  |TAMS 0x0000000093a00000, 0x0000000093900000| Untracked 
|  44|0x0000000093a00000, 0x0000000093b00000, 0x0000000093b00000|100%| O|  |TAMS 0x0000000093b00000, 0x0000000093a00000| Untracked 
|  45|0x0000000093b00000, 0x0000000093c00000, 0x0000000093c00000|100%| O|  |TAMS 0x0000000093c00000, 0x0000000093b00000| Untracked 
|  46|0x0000000093c00000, 0x0000000093d00000, 0x0000000093d00000|100%| O|  |TAMS 0x0000000093d00000, 0x0000000093c00000| Untracked 
|  47|0x0000000093d00000, 0x0000000093e00000, 0x0000000093e00000|100%| O|  |TAMS 0x0000000093e00000, 0x0000000093d00000| Untracked 
|  48|0x0000000093e00000, 0x0000000093f00000, 0x0000000093f00000|100%| O|  |TAMS 0x0000000093f00000, 0x0000000093e00000| Untracked 
|  49|0x0000000093f00000, 0x0000000094000000, 0x0000000094000000|100%| O|  |TAMS 0x0000000094000000, 0x0000000093f00000| Untracked 
|  50|0x0000000094000000, 0x0000000094100000, 0x0000000094100000|100%| O|  |TAMS 0x0000000094100000, 0x0000000094000000| Untracked 
|  51|0x0000000094100000, 0x0000000094200000, 0x0000000094200000|100%| O|  |TAMS 0x0000000094200000, 0x0000000094100000| Untracked 
|  52|0x0000000094200000, 0x0000000094300000, 0x0000000094300000|100%| O|  |TAMS 0x0000000094300000, 0x0000000094200000| Untracked 
|  53|0x0000000094300000, 0x0000000094400000, 0x0000000094400000|100%| O|  |TAMS 0x0000000094400000, 0x0000000094300000| Untracked 
|  54|0x0000000094400000, 0x0000000094500000, 0x0000000094500000|100%| O|  |TAMS 0x0000000094500000, 0x0000000094400000| Untracked 
|  55|0x0000000094500000, 0x0000000094600000, 0x0000000094600000|100%| O|  |TAMS 0x0000000094600000, 0x0000000094500000| Untracked 
|  56|0x0000000094600000, 0x0000000094700000, 0x0000000094700000|100%| O|  |TAMS 0x0000000094700000, 0x0000000094600000| Untracked 
|  57|0x0000000094700000, 0x0000000094800000, 0x0000000094800000|100%| O|  |TAMS 0x0000000094800000, 0x0000000094700000| Untracked 
|  58|0x0000000094800000, 0x0000000094900000, 0x0000000094900000|100%| O|  |TAMS 0x0000000094900000, 0x0000000094800000| Untracked 
|  59|0x0000000094900000, 0x0000000094a00000, 0x0000000094a00000|100%| O|  |TAMS 0x0000000094a00000, 0x0000000094900000| Untracked 
|  60|0x0000000094a00000, 0x0000000094b00000, 0x0000000094b00000|100%| O|  |TAMS 0x0000000094b00000, 0x0000000094a00000| Untracked 
|  61|0x0000000094b00000, 0x0000000094c00000, 0x0000000094c00000|100%| O|  |TAMS 0x0000000094c00000, 0x0000000094b00000| Untracked 
|  62|0x0000000094c00000, 0x0000000094d00000, 0x0000000094d00000|100%| O|  |TAMS 0x0000000094d00000, 0x0000000094c00000| Untracked 
|  63|0x0000000094d00000, 0x0000000094e00000, 0x0000000094e00000|100%| O|  |TAMS 0x0000000094e00000, 0x0000000094d00000| Untracked 
|  64|0x0000000094e00000, 0x0000000094f00000, 0x0000000094f00000|100%| O|  |TAMS 0x0000000094f00000, 0x0000000094e00000| Untracked 
|  65|0x0000000094f00000, 0x0000000095000000, 0x0000000095000000|100%| O|  |TAMS 0x0000000095000000, 0x0000000094f00000| Untracked 
|  66|0x0000000095000000, 0x0000000095100000, 0x0000000095100000|100%| O|  |TAMS 0x0000000095100000, 0x0000000095000000| Untracked 
|  67|0x0000000095100000, 0x0000000095200000, 0x0000000095200000|100%| O|  |TAMS 0x0000000095200000, 0x0000000095100000| Untracked 
|  68|0x0000000095200000, 0x0000000095300000, 0x0000000095300000|100%| O|  |TAMS 0x0000000095300000, 0x0000000095200000| Untracked 
|  69|0x0000000095300000, 0x0000000095400000, 0x0000000095400000|100%| O|  |TAMS 0x0000000095400000, 0x0000000095300000| Untracked 
|  70|0x0000000095400000, 0x0000000095500000, 0x0000000095500000|100%| O|  |TAMS 0x0000000095500000, 0x0000000095400000| Untracked 
|  71|0x0000000095500000, 0x0000000095600000, 0x0000000095600000|100%| O|  |TAMS 0x0000000095600000, 0x0000000095500000| Untracked 
|  72|0x0000000095600000, 0x0000000095700000, 0x0000000095700000|100%| O|  |TAMS 0x0000000095700000, 0x0000000095600000| Untracked 
|  73|0x0000000095700000, 0x0000000095800000, 0x0000000095800000|100%| O|  |TAMS 0x0000000095800000, 0x0000000095700000| Untracked 
|  74|0x0000000095800000, 0x0000000095900000, 0x0000000095900000|100%| O|  |TAMS 0x0000000095900000, 0x0000000095800000| Untracked 
|  75|0x0000000095900000, 0x0000000095a00000, 0x0000000095a00000|100%| O|  |TAMS 0x0000000095a00000, 0x0000000095900000| Untracked 
|  76|0x0000000095a00000, 0x0000000095b00000, 0x0000000095b00000|100%| O|  |TAMS 0x0000000095b00000, 0x0000000095a00000| Untracked 
|  77|0x0000000095b00000, 0x0000000095c00000, 0x0000000095c00000|100%| O|  |TAMS 0x0000000095c00000, 0x0000000095b00000| Untracked 
|  78|0x0000000095c00000, 0x0000000095d00000, 0x0000000095d00000|100%| O|  |TAMS 0x0000000095d00000, 0x0000000095c00000| Untracked 
|  79|0x0000000095d00000, 0x0000000095e00000, 0x0000000095e00000|100%| O|  |TAMS 0x0000000095e00000, 0x0000000095d00000| Untracked 
|  80|0x0000000095e00000, 0x0000000095f00000, 0x0000000095f00000|100%| O|  |TAMS 0x0000000095f00000, 0x0000000095e00000| Untracked 
|  81|0x0000000095f00000, 0x0000000096000000, 0x0000000096000000|100%| O|  |TAMS 0x0000000096000000, 0x0000000095f00000| Untracked 
|  82|0x0000000096000000, 0x0000000096100000, 0x0000000096100000|100%| O|  |TAMS 0x0000000096100000, 0x0000000096000000| Untracked 
|  83|0x0000000096100000, 0x0000000096200000, 0x0000000096200000|100%| O|  |TAMS 0x0000000096200000, 0x0000000096100000| Untracked 
|  84|0x0000000096200000, 0x0000000096300000, 0x0000000096300000|100%| O|  |TAMS 0x0000000096300000, 0x0000000096200000| Untracked 
|  85|0x0000000096300000, 0x0000000096400000, 0x0000000096400000|100%| O|  |TAMS 0x0000000096400000, 0x0000000096300000| Untracked 
|  86|0x0000000096400000, 0x0000000096500000, 0x0000000096500000|100%| O|  |TAMS 0x0000000096500000, 0x0000000096400000| Untracked 
|  87|0x0000000096500000, 0x0000000096600000, 0x0000000096600000|100%| O|  |TAMS 0x0000000096600000, 0x0000000096500000| Untracked 
|  88|0x0000000096600000, 0x0000000096700000, 0x0000000096700000|100%| O|  |TAMS 0x0000000096700000, 0x0000000096600000| Untracked 
|  89|0x0000000096700000, 0x0000000096800000, 0x0000000096800000|100%| O|  |TAMS 0x0000000096800000, 0x0000000096700000| Untracked 
|  90|0x0000000096800000, 0x0000000096900000, 0x0000000096900000|100%| O|  |TAMS 0x0000000096900000, 0x0000000096800000| Untracked 
|  91|0x0000000096900000, 0x0000000096a00000, 0x0000000096a00000|100%| O|  |TAMS 0x0000000096a00000, 0x0000000096900000| Untracked 
|  92|0x0000000096a00000, 0x0000000096b00000, 0x0000000096b00000|100%| O|  |TAMS 0x0000000096b00000, 0x0000000096a00000| Untracked 
|  93|0x0000000096b00000, 0x0000000096b39800, 0x0000000096c00000| 22%| O|  |TAMS 0x0000000096b00000, 0x0000000096b00000| Untracked 
|  94|0x0000000096c00000, 0x0000000096d00000, 0x0000000096d00000|100%| O|  |TAMS 0x0000000096d00000, 0x0000000096c00000| Untracked 
|  95|0x0000000096d00000, 0x0000000096e00000, 0x0000000096e00000|100%| O|  |TAMS 0x0000000096e00000, 0x0000000096d00000| Untracked 
|  96|0x0000000096e00000, 0x0000000096f00000, 0x0000000096f00000|100%| O|  |TAMS 0x0000000096f00000, 0x0000000096e00000| Untracked 
|  97|0x0000000096f00000, 0x0000000097000000, 0x0000000097000000|100%| O|  |TAMS 0x0000000097000000, 0x0000000096f00000| Untracked 
|  98|0x0000000097000000, 0x0000000097100000, 0x0000000097100000|100%| O|  |TAMS 0x0000000097100000, 0x0000000097000000| Untracked 
|  99|0x0000000097100000, 0x0000000097200000, 0x0000000097200000|100%| O|  |TAMS 0x0000000097200000, 0x0000000097100000| Untracked 
| 100|0x0000000097200000, 0x0000000097300000, 0x0000000097300000|100%| O|  |TAMS 0x0000000097300000, 0x0000000097200000| Untracked 
| 101|0x0000000097300000, 0x0000000097400000, 0x0000000097400000|100%| O|  |TAMS 0x0000000097400000, 0x0000000097300000| Untracked 
| 102|0x0000000097400000, 0x0000000097500000, 0x0000000097500000|100%| O|  |TAMS 0x0000000097500000, 0x0000000097400000| Untracked 
| 103|0x0000000097500000, 0x0000000097600000, 0x0000000097600000|100%| O|  |TAMS 0x0000000097600000, 0x0000000097500000| Untracked 
| 104|0x0000000097600000, 0x0000000097700000, 0x0000000097700000|100%| O|  |TAMS 0x0000000097700000, 0x0000000097600000| Untracked 
| 105|0x0000000097700000, 0x0000000097800000, 0x0000000097800000|100%| O|  |TAMS 0x0000000097800000, 0x0000000097700000| Untracked 
| 106|0x0000000097800000, 0x0000000097900000, 0x0000000097900000|100%| O|  |TAMS 0x0000000097900000, 0x0000000097800000| Untracked 
| 107|0x0000000097900000, 0x0000000097a00000, 0x0000000097a00000|100%| O|  |TAMS 0x0000000097a00000, 0x0000000097900000| Untracked 
| 108|0x0000000097a00000, 0x0000000097b00000, 0x0000000097b00000|100%| O|  |TAMS 0x0000000097b00000, 0x0000000097a00000| Untracked 
| 109|0x0000000097b00000, 0x0000000097c00000, 0x0000000097c00000|100%| O|  |TAMS 0x0000000097c00000, 0x0000000097b00000| Untracked 
| 110|0x0000000097c00000, 0x0000000097d00000, 0x0000000097d00000|100%| O|  |TAMS 0x0000000097d00000, 0x0000000097c00000| Untracked 
| 111|0x0000000097d00000, 0x0000000097e00000, 0x0000000097e00000|100%| O|  |TAMS 0x0000000097e00000, 0x0000000097d00000| Untracked 
| 112|0x0000000097e00000, 0x0000000097f00000, 0x0000000097f00000|100%| O|  |TAMS 0x0000000097f00000, 0x0000000097e00000| Untracked 
| 113|0x0000000097f00000, 0x0000000098000000, 0x0000000098000000|100%| O|  |TAMS 0x0000000098000000, 0x0000000097f00000| Untracked 
| 114|0x0000000098000000, 0x0000000098100000, 0x0000000098100000|100%| O|  |TAMS 0x0000000098100000, 0x0000000098000000| Untracked 
| 115|0x0000000098100000, 0x0000000098200000, 0x0000000098200000|100%| O|  |TAMS 0x0000000098200000, 0x0000000098100000| Untracked 
| 116|0x0000000098200000, 0x0000000098300000, 0x0000000098300000|100%| O|  |TAMS 0x0000000098300000, 0x0000000098200000| Untracked 
| 117|0x0000000098300000, 0x0000000098400000, 0x0000000098400000|100%| O|  |TAMS 0x0000000098400000, 0x0000000098300000| Untracked 
| 118|0x0000000098400000, 0x0000000098500000, 0x0000000098500000|100%| O|  |TAMS 0x0000000098500000, 0x0000000098400000| Untracked 
| 119|0x0000000098500000, 0x0000000098600000, 0x0000000098600000|100%| O|  |TAMS 0x0000000098600000, 0x0000000098500000| Untracked 
| 120|0x0000000098600000, 0x0000000098700000, 0x0000000098700000|100%| O|  |TAMS 0x0000000098700000, 0x0000000098600000| Untracked 
| 121|0x0000000098700000, 0x0000000098800000, 0x0000000098800000|100%| O|  |TAMS 0x000000009872cc00, 0x0000000098700000| Untracked 
| 122|0x0000000098800000, 0x0000000098900000, 0x0000000098900000|100%| O|  |TAMS 0x0000000098800000, 0x0000000098800000| Untracked 
| 123|0x0000000098900000, 0x0000000098900000, 0x0000000098a00000|  0%| F|  |TAMS 0x0000000098900000, 0x0000000098900000| Untracked 
| 124|0x0000000098a00000, 0x0000000098a00000, 0x0000000098b00000|  0%| F|  |TAMS 0x0000000098a00000, 0x0000000098a00000| Untracked 
| 125|0x0000000098b00000, 0x0000000098b00000, 0x0000000098c00000|  0%| F|  |TAMS 0x0000000098b00000, 0x0000000098b00000| Untracked 
| 126|0x0000000098c00000, 0x0000000098c00000, 0x0000000098d00000|  0%| F|  |TAMS 0x0000000098c00000, 0x0000000098c00000| Untracked 
| 127|0x0000000098d00000, 0x0000000098d00000, 0x0000000098e00000|  0%| F|  |TAMS 0x0000000098d00000, 0x0000000098d00000| Untracked 
| 128|0x0000000098e00000, 0x0000000098e00000, 0x0000000098f00000|  0%| F|  |TAMS 0x0000000098e00000, 0x0000000098e00000| Untracked 
| 129|0x0000000098f00000, 0x0000000098f00000, 0x0000000099000000|  0%| F|  |TAMS 0x0000000098f00000, 0x0000000098f00000| Untracked 
| 130|0x0000000099000000, 0x0000000099000000, 0x0000000099100000|  0%| F|  |TAMS 0x0000000099000000, 0x0000000099000000| Untracked 
| 131|0x0000000099100000, 0x0000000099100000, 0x0000000099200000|  0%| F|  |TAMS 0x0000000099100000, 0x0000000099100000| Untracked 
| 132|0x0000000099200000, 0x0000000099200000, 0x0000000099300000|  0%| F|  |TAMS 0x0000000099200000, 0x0000000099200000| Untracked 
| 133|0x0000000099300000, 0x0000000099300000, 0x0000000099400000|  0%| F|  |TAMS 0x0000000099300000, 0x0000000099300000| Untracked 
| 134|0x0000000099400000, 0x0000000099400000, 0x0000000099500000|  0%| F|  |TAMS 0x0000000099400000, 0x0000000099400000| Untracked 
| 135|0x0000000099500000, 0x0000000099500000, 0x0000000099600000|  0%| F|  |TAMS 0x0000000099500000, 0x0000000099500000| Untracked 
| 136|0x0000000099600000, 0x0000000099600000, 0x0000000099700000|  0%| F|  |TAMS 0x0000000099600000, 0x0000000099600000| Untracked 
| 137|0x0000000099700000, 0x0000000099700000, 0x0000000099800000|  0%| F|  |TAMS 0x0000000099700000, 0x0000000099700000| Untracked 
| 138|0x0000000099800000, 0x0000000099800000, 0x0000000099900000|  0%| F|  |TAMS 0x0000000099800000, 0x0000000099800000| Untracked 
| 139|0x0000000099900000, 0x0000000099900000, 0x0000000099a00000|  0%| F|  |TAMS 0x0000000099900000, 0x0000000099900000| Untracked 
| 140|0x0000000099a00000, 0x0000000099a00000, 0x0000000099b00000|  0%| F|  |TAMS 0x0000000099a00000, 0x0000000099a00000| Untracked 
| 141|0x0000000099b00000, 0x0000000099b00000, 0x0000000099c00000|  0%| F|  |TAMS 0x0000000099b00000, 0x0000000099b00000| Untracked 
| 142|0x0000000099c00000, 0x0000000099c00000, 0x0000000099d00000|  0%| F|  |TAMS 0x0000000099c00000, 0x0000000099c00000| Untracked 
| 143|0x0000000099d00000, 0x0000000099d00000, 0x0000000099e00000|  0%| F|  |TAMS 0x0000000099d00000, 0x0000000099d00000| Untracked 
| 144|0x0000000099e00000, 0x0000000099e27300, 0x0000000099f00000| 15%| S|CS|TAMS 0x0000000099e00000, 0x0000000099e00000| Complete 
| 145|0x0000000099f00000, 0x000000009a000000, 0x000000009a000000|100%| S|CS|TAMS 0x0000000099f00000, 0x0000000099f00000| Complete 
| 146|0x000000009a000000, 0x000000009a000000, 0x000000009a100000|  0%| F|  |TAMS 0x000000009a000000, 0x000000009a000000| Untracked 
| 147|0x000000009a100000, 0x000000009a100000, 0x000000009a200000|  0%| F|  |TAMS 0x000000009a100000, 0x000000009a100000| Untracked 
| 148|0x000000009a200000, 0x000000009a200000, 0x000000009a300000|  0%| F|  |TAMS 0x000000009a200000, 0x000000009a200000| Untracked 
| 149|0x000000009a300000, 0x000000009a300000, 0x000000009a400000|  0%| F|  |TAMS 0x000000009a300000, 0x000000009a300000| Untracked 
| 150|0x000000009a400000, 0x000000009a400000, 0x000000009a500000|  0%| F|  |TAMS 0x000000009a400000, 0x000000009a400000| Untracked 
| 151|0x000000009a500000, 0x000000009a600000, 0x000000009a600000|100%| S|CS|TAMS 0x000000009a500000, 0x000000009a500000| Complete 
| 152|0x000000009a600000, 0x000000009a700000, 0x000000009a700000|100%| S|CS|TAMS 0x000000009a600000, 0x000000009a600000| Complete 
| 153|0x000000009a700000, 0x000000009a800000, 0x000000009a800000|100%| S|CS|TAMS 0x000000009a700000, 0x000000009a700000| Complete 
| 154|0x000000009a800000, 0x000000009a900000, 0x000000009a900000|100%| S|CS|TAMS 0x000000009a800000, 0x000000009a800000| Complete 
| 155|0x000000009a900000, 0x000000009aa00000, 0x000000009aa00000|100%| S|CS|TAMS 0x000000009a900000, 0x000000009a900000| Complete 
| 156|0x000000009aa00000, 0x000000009aa00000, 0x000000009ab00000|  0%| F|  |TAMS 0x000000009aa00000, 0x000000009aa00000| Untracked 
| 157|0x000000009ab00000, 0x000000009ab00000, 0x000000009ac00000|  0%| F|  |TAMS 0x000000009ab00000, 0x000000009ab00000| Untracked 
| 158|0x000000009ac00000, 0x000000009ac00000, 0x000000009ad00000|  0%| F|  |TAMS 0x000000009ac00000, 0x000000009ac00000| Untracked 
| 159|0x000000009ad00000, 0x000000009ad00000, 0x000000009ae00000|  0%| F|  |TAMS 0x000000009ad00000, 0x000000009ad00000| Untracked 
| 160|0x000000009ae00000, 0x000000009ae00000, 0x000000009af00000|  0%| F|  |TAMS 0x000000009ae00000, 0x000000009ae00000| Untracked 
| 161|0x000000009af00000, 0x000000009af00000, 0x000000009b000000|  0%| F|  |TAMS 0x000000009af00000, 0x000000009af00000| Untracked 
| 162|0x000000009b000000, 0x000000009b000000, 0x000000009b100000|  0%| F|  |TAMS 0x000000009b000000, 0x000000009b000000| Untracked 
| 163|0x000000009b100000, 0x000000009b100000, 0x000000009b200000|  0%| F|  |TAMS 0x000000009b100000, 0x000000009b100000| Untracked 
| 164|0x000000009b200000, 0x000000009b200000, 0x000000009b300000|  0%| F|  |TAMS 0x000000009b200000, 0x000000009b200000| Untracked 
| 165|0x000000009b300000, 0x000000009b300000, 0x000000009b400000|  0%| F|  |TAMS 0x000000009b300000, 0x000000009b300000| Untracked 
| 166|0x000000009b400000, 0x000000009b400000, 0x000000009b500000|  0%| F|  |TAMS 0x000000009b400000, 0x000000009b400000| Untracked 
| 167|0x000000009b500000, 0x000000009b500000, 0x000000009b600000|  0%| F|  |TAMS 0x000000009b500000, 0x000000009b500000| Untracked 
| 168|0x000000009b600000, 0x000000009b600000, 0x000000009b700000|  0%| F|  |TAMS 0x000000009b600000, 0x000000009b600000| Untracked 
| 169|0x000000009b700000, 0x000000009b700000, 0x000000009b800000|  0%| F|  |TAMS 0x000000009b700000, 0x000000009b700000| Untracked 
| 170|0x000000009b800000, 0x000000009b800000, 0x000000009b900000|  0%| F|  |TAMS 0x000000009b800000, 0x000000009b800000| Untracked 
| 171|0x000000009b900000, 0x000000009b900000, 0x000000009ba00000|  0%| F|  |TAMS 0x000000009b900000, 0x000000009b900000| Untracked 
| 172|0x000000009ba00000, 0x000000009ba00000, 0x000000009bb00000|  0%| F|  |TAMS 0x000000009ba00000, 0x000000009ba00000| Untracked 
| 173|0x000000009bb00000, 0x000000009bb00000, 0x000000009bc00000|  0%| F|  |TAMS 0x000000009bb00000, 0x000000009bb00000| Untracked 
| 174|0x000000009bc00000, 0x000000009bc00000, 0x000000009bd00000|  0%| F|  |TAMS 0x000000009bc00000, 0x000000009bc00000| Untracked 
| 175|0x000000009bd00000, 0x000000009bd80800, 0x000000009be00000| 50%| E|  |TAMS 0x000000009bd00000, 0x000000009bd00000| Complete 
| 176|0x000000009be00000, 0x000000009bf00000, 0x000000009bf00000|100%| E|CS|TAMS 0x000000009be00000, 0x000000009be00000| Complete 
| 177|0x000000009bf00000, 0x000000009c000000, 0x000000009c000000|100%| E|CS|TAMS 0x000000009bf00000, 0x000000009bf00000| Complete 
| 178|0x000000009c000000, 0x000000009c100000, 0x000000009c100000|100%| E|CS|TAMS 0x000000009c000000, 0x000000009c000000| Complete 
| 179|0x000000009c100000, 0x000000009c200000, 0x000000009c200000|100%| E|CS|TAMS 0x000000009c100000, 0x000000009c100000| Complete 
| 180|0x000000009c200000, 0x000000009c300000, 0x000000009c300000|100%| E|CS|TAMS 0x000000009c200000, 0x000000009c200000| Complete 
| 181|0x000000009c300000, 0x000000009c400000, 0x000000009c400000|100%| E|CS|TAMS 0x000000009c300000, 0x000000009c300000| Complete 
| 182|0x000000009c400000, 0x000000009c500000, 0x000000009c500000|100%| E|CS|TAMS 0x000000009c400000, 0x000000009c400000| Complete 
| 183|0x000000009c500000, 0x000000009c600000, 0x000000009c600000|100%| E|CS|TAMS 0x000000009c500000, 0x000000009c500000| Complete 
| 184|0x000000009c600000, 0x000000009c700000, 0x000000009c700000|100%| E|CS|TAMS 0x000000009c600000, 0x000000009c600000| Complete 
| 185|0x000000009c700000, 0x000000009c800000, 0x000000009c800000|100%| E|CS|TAMS 0x000000009c700000, 0x000000009c700000| Complete 
| 186|0x000000009c800000, 0x000000009c900000, 0x000000009c900000|100%| E|CS|TAMS 0x000000009c800000, 0x000000009c800000| Complete 
| 187|0x000000009c900000, 0x000000009ca00000, 0x000000009ca00000|100%| E|CS|TAMS 0x000000009c900000, 0x000000009c900000| Complete 
| 188|0x000000009ca00000, 0x000000009cb00000, 0x000000009cb00000|100%| E|CS|TAMS 0x000000009ca00000, 0x000000009ca00000| Complete 
| 189|0x000000009cb00000, 0x000000009cc00000, 0x000000009cc00000|100%| E|CS|TAMS 0x000000009cb00000, 0x000000009cb00000| Complete 
| 190|0x000000009cc00000, 0x000000009cd00000, 0x000000009cd00000|100%| E|CS|TAMS 0x000000009cc00000, 0x000000009cc00000| Complete 
| 191|0x000000009cd00000, 0x000000009ce00000, 0x000000009ce00000|100%| E|CS|TAMS 0x000000009cd00000, 0x000000009cd00000| Complete 
| 192|0x000000009ce00000, 0x000000009cf00000, 0x000000009cf00000|100%| E|CS|TAMS 0x000000009ce00000, 0x000000009ce00000| Complete 
| 193|0x000000009cf00000, 0x000000009d000000, 0x000000009d000000|100%| E|CS|TAMS 0x000000009cf00000, 0x000000009cf00000| Complete 
| 194|0x000000009d000000, 0x000000009d100000, 0x000000009d100000|100%| E|CS|TAMS 0x000000009d000000, 0x000000009d000000| Complete 
| 195|0x000000009d100000, 0x000000009d200000, 0x000000009d200000|100%| E|CS|TAMS 0x000000009d100000, 0x000000009d100000| Complete 
| 196|0x000000009d200000, 0x000000009d300000, 0x000000009d300000|100%| E|CS|TAMS 0x000000009d200000, 0x000000009d200000| Complete 
| 197|0x000000009d300000, 0x000000009d400000, 0x000000009d400000|100%| E|CS|TAMS 0x000000009d300000, 0x000000009d300000| Complete 
| 198|0x000000009d400000, 0x000000009d500000, 0x000000009d500000|100%| E|CS|TAMS 0x000000009d400000, 0x000000009d400000| Complete 
| 199|0x000000009d500000, 0x000000009d600000, 0x000000009d600000|100%| E|CS|TAMS 0x000000009d500000, 0x000000009d500000| Complete 
| 200|0x000000009d600000, 0x000000009d700000, 0x000000009d700000|100%| E|CS|TAMS 0x000000009d600000, 0x000000009d600000| Complete 
| 201|0x000000009d700000, 0x000000009d800000, 0x000000009d800000|100%| E|CS|TAMS 0x000000009d700000, 0x000000009d700000| Complete 
| 202|0x000000009d800000, 0x000000009d900000, 0x000000009d900000|100%| E|CS|TAMS 0x000000009d800000, 0x000000009d800000| Complete 
| 203|0x000000009d900000, 0x000000009da00000, 0x000000009da00000|100%| E|CS|TAMS 0x000000009d900000, 0x000000009d900000| Complete 
| 204|0x000000009da00000, 0x000000009db00000, 0x000000009db00000|100%| E|CS|TAMS 0x000000009da00000, 0x000000009da00000| Complete 
| 205|0x000000009db00000, 0x000000009dc00000, 0x000000009dc00000|100%| E|CS|TAMS 0x000000009db00000, 0x000000009db00000| Complete 
| 206|0x000000009dc00000, 0x000000009dd00000, 0x000000009dd00000|100%| E|CS|TAMS 0x000000009dc00000, 0x000000009dc00000| Complete 

Card table byte_map: [0x0000022575790000,0x0000022575b10000] _byte_map_base: 0x0000022575309000

Marking Bits (Prev, Next): (CMBitMap*) 0x0000022562a71bd0, (CMBitMap*) 0x0000022562a71b90
 Prev Bits: [0x0000022577a60000, 0x0000022579628000)
 Next Bits: [0x0000022575e90000, 0x0000022577a58000)

Polling page: 0x00000225621f0000

Metaspace:

Usage:
  Non-class:     12.53 MB used.
      Class:      1.07 MB used.
       Both:     13.60 MB used.

Virtual space:
  Non-class space:       16.00 MB reserved,      12.62 MB ( 79%) committed,  2 nodes.
      Class space:        1.00 GB reserved,       1.12 MB ( <1%) committed,  1 nodes.
             Both:        1.02 GB reserved,      13.75 MB (  1%) committed. 

Chunk freelists:
   Non-Class:  2.48 MB
       Class:  2.70 MB
        Both:  5.19 MB

MaxMetaspaceSize: unlimited
CompressedClassSpaceSize: 1.00 GB
Initial GC threshold: 21.00 MB
Current GC threshold: 22.94 MB
CDS: off
MetaspaceReclaimPolicy: balanced
 - commit_granule_bytes: 65536.
 - commit_granule_words: 8192.
 - virtual_space_node_default_size: 1048576.
 - enlarge_chunks_in_place: 1.
 - new_chunks_are_fully_committed: 0.
 - uncommit_free_chunks: 1.
 - use_allocation_guard: 0.
 - handle_deallocations: 1.


Internal statistics:

num_allocs_failed_limit: 0.
num_arena_births: 68.
num_arena_deaths: 0.
num_vsnodes_births: 3.
num_vsnodes_deaths: 0.
num_space_committed: 218.
num_space_uncommitted: 0.
num_chunks_returned_to_freelist: 0.
num_chunks_taken_from_freelist: 268.
num_chunk_merges: 0.
num_chunk_splits: 188.
num_chunks_enlarged: 153.
num_purges: 0.
num_inconsistent_stats: 0.

CodeHeap 'non-profiled nmethods': size=120000Kb used=1406Kb max_used=1406Kb free=118593Kb
 bounds [0x000002256dbb0000, 0x000002256de20000, 0x00000225750e0000]
CodeHeap 'profiled nmethods': size=120000Kb used=3535Kb max_used=3535Kb free=116464Kb
 bounds [0x0000022566680000, 0x0000022566a00000, 0x000002256dbb0000]
CodeHeap 'non-nmethods': size=5760Kb used=1606Kb max_used=1658Kb free=4154Kb
 bounds [0x00000225660e0000, 0x0000022566350000, 0x0000022566680000]
 total_blobs=3001 nmethods=1965 adapters=949
 compilation: enabled
              stopped_count=0, restarted_count=0
 full_count=0

Compilation events (20 events):
Event: 108.674 Thread 0x000002257c09fe10 1961       4       com.badlogic.gdx.backends.lwjgl3.Lwjgl3Graphics::update (111 bytes)
Event: 108.675 Thread 0x000002257c09fe10 nmethod 1961 0x000002256dd0a490 code [0x000002256dd0a620, 0x000002256dd0a758]
Event: 110.784 Thread 0x000002257c09fe10 1962       4       org.lwjgl.glfw.GLFW::glfwPollEvents (9 bytes)
Event: 110.784 Thread 0x000002257c09fe10 nmethod 1962 0x000002256dd0a810 code [0x000002256dd0a9a0, 0x000002256dd0aa28]
Event: 112.869 Thread 0x000002257c09fe10 1963       4       com.badlogic.gdx.scenes.scene2d.Stage::draw (70 bytes)
Event: 112.891 Thread 0x000002257c09fe10 nmethod 1963 0x000002256dd0ab10 code [0x000002256dd0af20, 0x000002256dd0c458]
Event: 114.818 Thread 0x000002257c09fe10 1964       4       java.nio.ShortBuffer::flip (7 bytes)
Event: 114.819 Thread 0x000002257c09fe10 nmethod 1964 0x000002256dd0da10 code [0x000002256dd0db80, 0x000002256dd0dc18]
Event: 119.085 Thread 0x000002257c09fe10 1965       4       com.badlogic.gdx.graphics.glutils.ShaderProgram::addManagedShader (38 bytes)
Event: 119.094 Thread 0x000002257c09fe10 nmethod 1965 0x000002256dd0dd10 code [0x000002256dd0df60, 0x000002256dd0e920]
Event: 123.802 Thread 0x000002257c09fe10 1966       4       com.barquitosfc.game.DragonBoatGame$2::<init> (10 bytes)
Event: 123.803 Thread 0x000002257c09fe10 nmethod 1966 0x000002256dd0f090 code [0x000002256dd0f200, 0x000002256dd0f338]
Event: 123.803 Thread 0x000002257c09fe10 1967       4       com.barquitosfc.game.DragonBoatGame$3::<init> (10 bytes)
Event: 123.804 Thread 0x000002257c09fe10 nmethod 1967 0x000002256dd0f390 code [0x000002256dd0f500, 0x000002256dd0f638]
Event: 123.804 Thread 0x000002257c09fe10 1968       4       com.barquitosfc.game.DragonBoatGame$4::<init> (10 bytes)
Event: 123.805 Thread 0x000002257c09fe10 nmethod 1968 0x000002256dd0f690 code [0x000002256dd0f800, 0x000002256dd0f938]
Event: 345.901 Thread 0x000002257c0a1bd0 1969 % !   3       java.lang.ref.Reference::processPendingReferences @ 27 (118 bytes)
Event: 345.907 Thread 0x000002257c0a1bd0 nmethod 1969% 0x00000225669f2110 code [0x00000225669f2360, 0x00000225669f2d18]
Event: 352.167 Thread 0x000002257c0a1bd0 1970   !   3       java.lang.ref.Reference::processPendingReferences (118 bytes)
Event: 352.170 Thread 0x000002257c0a1bd0 nmethod 1970 0x00000225669f3010 code [0x00000225669f3260, 0x00000225669f3bb8]

GC Heap History (20 events):
Event: 375.552 GC heap before
{Heap before GC invocations=103 (full 0):
 garbage-first heap   total 140288K, used 128475K [0x0000000090e00000, 0x0000000100000000)
  region size 1024K, 6 young (6144K), 1 survivors (1024K)
 Metaspace       used 13923K, committed 14080K, reserved 1064960K
  class space    used 1095K, committed 1152K, reserved 1048576K
}
Event: 375.553 GC heap after
{Heap after GC invocations=104 (full 0):
 garbage-first heap   total 140288K, used 123615K [0x0000000090e00000, 0x0000000100000000)
  region size 1024K, 1 young (1024K), 1 survivors (1024K)
 Metaspace       used 13923K, committed 14080K, reserved 1064960K
  class space    used 1095K, committed 1152K, reserved 1048576K
}
Event: 376.351 GC heap before
{Heap before GC invocations=104 (full 0):
 garbage-first heap   total 140288K, used 128735K [0x0000000090e00000, 0x0000000100000000)
  region size 1024K, 6 young (6144K), 1 survivors (1024K)
 Metaspace       used 13923K, committed 14080K, reserved 1064960K
  class space    used 1095K, committed 1152K, reserved 1048576K
}
Event: 376.352 GC heap after
{Heap after GC invocations=105 (full 0):
 garbage-first heap   total 140288K, used 123907K [0x0000000090e00000, 0x0000000100000000)
  region size 1024K, 1 young (1024K), 1 survivors (1024K)
 Metaspace       used 13923K, committed 14080K, reserved 1064960K
  class space    used 1095K, committed 1152K, reserved 1048576K
}
Event: 377.151 GC heap before
{Heap before GC invocations=105 (full 0):
 garbage-first heap   total 140288K, used 129027K [0x0000000090e00000, 0x0000000100000000)
  region size 1024K, 6 young (6144K), 1 survivors (1024K)
 Metaspace       used 13923K, committed 14080K, reserved 1064960K
  class space    used 1095K, committed 1152K, reserved 1048576K
}
Event: 377.151 GC heap after
{Heap after GC invocations=106 (full 0):
 garbage-first heap   total 140288K, used 124167K [0x0000000090e00000, 0x0000000100000000)
  region size 1024K, 1 young (1024K), 1 survivors (1024K)
 Metaspace       used 13923K, committed 14080K, reserved 1064960K
  class space    used 1095K, committed 1152K, reserved 1048576K
}
Event: 377.951 GC heap before
{Heap before GC invocations=106 (full 0):
 garbage-first heap   total 140288K, used 129287K [0x0000000090e00000, 0x0000000100000000)
  region size 1024K, 6 young (6144K), 1 survivors (1024K)
 Metaspace       used 13923K, committed 14080K, reserved 1064960K
  class space    used 1095K, committed 1152K, reserved 1048576K
}
Event: 377.952 GC heap after
{Heap after GC invocations=107 (full 0):
 garbage-first heap   total 140288K, used 124444K [0x0000000090e00000, 0x0000000100000000)
  region size 1024K, 1 young (1024K), 1 survivors (1024K)
 Metaspace       used 13923K, committed 14080K, reserved 1064960K
  class space    used 1095K, committed 1152K, reserved 1048576K
}
Event: 378.751 GC heap before
{Heap before GC invocations=107 (full 0):
 garbage-first heap   total 140288K, used 129564K [0x0000000090e00000, 0x0000000100000000)
  region size 1024K, 6 young (6144K), 1 survivors (1024K)
 Metaspace       used 13923K, committed 14080K, reserved 1064960K
  class space    used 1095K, committed 1152K, reserved 1048576K
}
Event: 378.752 GC heap after
{Heap after GC invocations=108 (full 0):
 garbage-first heap   total 140288K, used 124738K [0x0000000090e00000, 0x0000000100000000)
  region size 1024K, 1 young (1024K), 1 survivors (1024K)
 Metaspace       used 13923K, committed 14080K, reserved 1064960K
  class space    used 1095K, committed 1152K, reserved 1048576K
}
Event: 379.551 GC heap before
{Heap before GC invocations=108 (full 0):
 garbage-first heap   total 140288K, used 129858K [0x0000000090e00000, 0x0000000100000000)
  region size 1024K, 6 young (6144K), 1 survivors (1024K)
 Metaspace       used 13923K, committed 14080K, reserved 1064960K
  class space    used 1095K, committed 1152K, reserved 1048576K
}
Event: 379.567 GC heap after
{Heap after GC invocations=109 (full 0):
 garbage-first heap   total 140288K, used 124964K [0x0000000090e00000, 0x0000000100000000)
  region size 1024K, 1 young (1024K), 1 survivors (1024K)
 Metaspace       used 13923K, committed 14080K, reserved 1064960K
  class space    used 1095K, committed 1152K, reserved 1048576K
}
Event: 381.001 GC heap before
{Heap before GC invocations=110 (full 0):
 garbage-first heap   total 211968K, used 134180K [0x0000000090e00000, 0x0000000100000000)
  region size 1024K, 10 young (10240K), 1 survivors (1024K)
 Metaspace       used 13923K, committed 14080K, reserved 1064960K
  class space    used 1095K, committed 1152K, reserved 1048576K
}
Event: 381.003 GC heap after
{Heap after GC invocations=111 (full 0):
 garbage-first heap   total 211968K, used 125443K [0x0000000090e00000, 0x0000000100000000)
  region size 1024K, 2 young (2048K), 2 survivors (2048K)
 Metaspace       used 13923K, committed 14080K, reserved 1064960K
  class space    used 1095K, committed 1152K, reserved 1048576K
}
Event: 382.284 GC heap before
{Heap before GC invocations=111 (full 0):
 garbage-first heap   total 211968K, used 132611K [0x0000000090e00000, 0x0000000100000000)
  region size 1024K, 10 young (10240K), 2 survivors (2048K)
 Metaspace       used 13923K, committed 14080K, reserved 1064960K
  class space    used 1095K, committed 1152K, reserved 1048576K
}
Event: 382.286 GC heap after
{Heap after GC invocations=112 (full 0):
 garbage-first heap   total 211968K, used 125685K [0x0000000090e00000, 0x0000000100000000)
  region size 1024K, 2 young (2048K), 2 survivors (2048K)
 Metaspace       used 13923K, committed 14080K, reserved 1064960K
  class space    used 1095K, committed 1152K, reserved 1048576K
}
Event: 390.935 GC heap before
{Heap before GC invocations=112 (full 0):
 garbage-first heap   total 211968K, used 180981K [0x0000000090e00000, 0x0000000100000000)
  region size 1024K, 56 young (57344K), 2 survivors (2048K)
 Metaspace       used 13923K, committed 14080K, reserved 1064960K
  class space    used 1095K, committed 1152K, reserved 1048576K
}
Event: 390.938 GC heap after
{Heap after GC invocations=113 (full 0):
 garbage-first heap   total 211968K, used 128753K [0x0000000090e00000, 0x0000000100000000)
  region size 1024K, 5 young (5120K), 5 survivors (5120K)
 Metaspace       used 13923K, committed 14080K, reserved 1064960K
  class space    used 1095K, committed 1152K, reserved 1048576K
}
Event: 399.152 GC heap before
{Heap before GC invocations=113 (full 0):
 garbage-first heap   total 211968K, used 180977K [0x0000000090e00000, 0x0000000100000000)
  region size 1024K, 56 young (57344K), 5 survivors (5120K)
 Metaspace       used 13923K, committed 14080K, reserved 1064960K
  class space    used 1095K, committed 1152K, reserved 1048576K
}
Event: 399.156 GC heap after
{Heap after GC invocations=114 (full 0):
 garbage-first heap   total 211968K, used 131458K [0x0000000090e00000, 0x0000000100000000)
  region size 1024K, 7 young (7168K), 7 survivors (7168K)
 Metaspace       used 13923K, committed 14080K, reserved 1064960K
  class space    used 1095K, committed 1152K, reserved 1048576K
}

Deoptimization events (20 events):
Event: 11.470 Thread 0x0000022562a1dbd0 DEOPT PACKING pc=0x00000225669660e0 sp=0x000000f7665fe7d0
Event: 11.470 Thread 0x0000022562a1dbd0 DEOPT UNPACKING pc=0x0000022566132b43 sp=0x000000f7665fdc88 mode 0
Event: 11.490 Thread 0x0000022562a1dbd0 DEOPT PACKING pc=0x0000022566966d0a sp=0x000000f7665fe7a0
Event: 11.490 Thread 0x0000022562a1dbd0 DEOPT UNPACKING pc=0x0000022566132b43 sp=0x000000f7665fdc70 mode 0
Event: 12.950 Thread 0x0000022562a1dbd0 Uncommon trap: trap_request=0xffffff45 fr.pc=0x000002256dc664b8 relative=0x0000000000000298
Event: 12.950 Thread 0x0000022562a1dbd0 Uncommon trap: reason=unstable_if action=reinterpret pc=0x000002256dc664b8 method=com.badlogic.gdx.graphics.g2d.Sprite.getBoundingRectangle()Lcom/badlogic/gdx/math/Rectangle; @ 81 c2
Event: 12.950 Thread 0x0000022562a1dbd0 DEOPT PACKING pc=0x000002256dc664b8 sp=0x000000f7665fedb0
Event: 12.950 Thread 0x0000022562a1dbd0 DEOPT UNPACKING pc=0x00000225661323a3 sp=0x000000f7665fed30 mode 2
Event: 21.355 Thread 0x0000022562a1dbd0 Uncommon trap: trap_request=0xffffff45 fr.pc=0x000002256dc496a8 relative=0x00000000000000a8
Event: 21.355 Thread 0x0000022562a1dbd0 Uncommon trap: reason=unstable_if action=reinterpret pc=0x000002256dc496a8 method=com.barquitosfc.game.Carril.<init>(I)V @ 35 c2
Event: 21.355 Thread 0x0000022562a1dbd0 DEOPT PACKING pc=0x000002256dc496a8 sp=0x000000f7665fed60
Event: 21.355 Thread 0x0000022562a1dbd0 DEOPT UNPACKING pc=0x00000225661323a3 sp=0x000000f7665fecf8 mode 2
Event: 22.424 Thread 0x0000022562a1dbd0 Uncommon trap: trap_request=0xffffff45 fr.pc=0x000002256dc8298c relative=0x00000000000000cc
Event: 22.424 Thread 0x0000022562a1dbd0 Uncommon trap: reason=unstable_if action=reinterpret pc=0x000002256dc8298c method=com.badlogic.gdx.scenes.scene2d.ui.WidgetGroup.validate()V @ 84 c2
Event: 22.424 Thread 0x0000022562a1dbd0 DEOPT PACKING pc=0x000002256dc8298c sp=0x000000f7665fec60
Event: 22.424 Thread 0x0000022562a1dbd0 DEOPT UNPACKING pc=0x00000225661323a3 sp=0x000000f7665febe8 mode 2
Event: 29.452 Thread 0x0000022562a1dbd0 Uncommon trap: trap_request=0xffffff45 fr.pc=0x000002256dc8ef9c relative=0x0000000000000c9c
Event: 29.452 Thread 0x0000022562a1dbd0 Uncommon trap: reason=unstable_if action=reinterpret pc=0x000002256dc8ef9c method=java.nio.Bits.tryReserveMemory(JJ)Z @ 30 c2
Event: 29.452 Thread 0x0000022562a1dbd0 DEOPT PACKING pc=0x000002256dc8ef9c sp=0x000000f7665fe9c0
Event: 29.452 Thread 0x0000022562a1dbd0 DEOPT UNPACKING pc=0x00000225661323a3 sp=0x000000f7665fe828 mode 2

Classes unloaded (0 events):
No events

Classes redefined (0 events):
No events

Internal exceptions (20 events):
Event: 0.317 Thread 0x0000022562a1dbd0 Exception <a 'java/lang/NoSuchMethodError'{0x00000000977e6630}: 'int java.lang.invoke.DirectMethodHandle$Holder.invokeSpecial(java.lang.Object, java.lang.Object, java.lang.Object)'> (0x00000000977e6630) 
thrown [s\src\hotspot\share\interpreter\linkResolver.cpp, line 759]
Event: 0.348 Thread 0x0000022562a1dbd0 Exception <a 'sun/nio/fs/WindowsException'{0x000000009768e340}> (0x000000009768e340) 
thrown [s\src\hotspot\share\prims\jni.cpp, line 516]
Event: 0.348 Thread 0x0000022562a1dbd0 Exception <a 'sun/nio/fs/WindowsException'{0x000000009768e8c0}> (0x000000009768e8c0) 
thrown [s\src\hotspot\share\prims\jni.cpp, line 516]
Event: 0.360 Thread 0x0000022562a1dbd0 Exception <a 'java/lang/NoSuchMethodError'{0x00000000976d56b8}: 'int java.lang.invoke.DirectMethodHandle$Holder.invokeStaticInit(java.lang.Object, java.lang.Object, int, long)'> (0x00000000976d56b8) 
thrown [s\src\hotspot\share\interpreter\linkResolver.cpp, line 759]
Event: 0.360 Thread 0x0000022562a1dbd0 Exception <a 'java/lang/NoSuchMethodError'{0x00000000976daf80}: 'java.lang.Object java.lang.invoke.DirectMethodHandle$Holder.newInvokeSpecial(java.lang.Object, java.lang.Object, int)'> (0x00000000976daf80) 
thrown [s\src\hotspot\share\interpreter\linkResolver.cpp, line 759]
Event: 0.363 Thread 0x0000022562a1dbd0 Exception <a 'java/lang/NoSuchMethodError'{0x00000000976f03f8}: 'int java.lang.invoke.DirectMethodHandle$Holder.invokeStaticInit(java.lang.Object, java.lang.Object, long, long)'> (0x00000000976f03f8) 
thrown [s\src\hotspot\share\interpreter\linkResolver.cpp, line 759]
Event: 0.364 Thread 0x0000022562a1dbd0 Exception <a 'java/lang/NoSuchMethodError'{0x00000000976f6508}: 'java.lang.Object java.lang.invoke.DirectMethodHandle$Holder.newInvokeSpecial(java.lang.Object, java.lang.Object, long)'> (0x00000000976f6508) 
thrown [s\src\hotspot\share\interpreter\linkResolver.cpp, line 759]
Event: 0.364 Thread 0x0000022562a1dbd0 Exception <a 'java/lang/NoSuchMethodError'{0x00000000976fa550}: 'java.lang.Object java.lang.invoke.Invokers$Holder.linkToTargetMethod(java.lang.Object, long, java.lang.Object)'> (0x00000000976fa550) 
thrown [s\src\hotspot\share\interpreter\linkResolver.cpp, line 759]
Event: 0.365 Thread 0x0000022562a1dbd0 Exception <a 'java/lang/NoSuchMethodError'{0x00000000975023e0}: 'int java.lang.invoke.DirectMethodHandle$Holder.invokeStaticInit(java.lang.Object, java.lang.Object, java.lang.Object, long)'> (0x00000000975023e0) 
thrown [s\src\hotspot\share\interpreter\linkResolver.cpp, line 759]
Event: 0.383 Thread 0x0000022562a1dbd0 Exception <a 'sun/nio/fs/WindowsException'{0x00000000975c0a60}> (0x00000000975c0a60) 
thrown [s\src\hotspot\share\prims\jni.cpp, line 516]
Event: 0.383 Thread 0x0000022562a1dbd0 Exception <a 'sun/nio/fs/WindowsException'{0x00000000975c0e20}> (0x00000000975c0e20) 
thrown [s\src\hotspot\share\prims\jni.cpp, line 516]
Event: 0.402 Thread 0x0000022562a1dbd0 Exception <a 'sun/nio/fs/WindowsException'{0x0000000097483ee0}> (0x0000000097483ee0) 
thrown [s\src\hotspot\share\prims\jni.cpp, line 516]
Event: 0.403 Thread 0x0000022562a1dbd0 Exception <a 'sun/nio/fs/WindowsException'{0x0000000097484270}> (0x0000000097484270) 
thrown [s\src\hotspot\share\prims\jni.cpp, line 516]
Event: 0.439 Thread 0x0000022562a1dbd0 Exception <a 'sun/nio/fs/WindowsException'{0x0000000097318d50}> (0x0000000097318d50) 
thrown [s\src\hotspot\share\prims\jni.cpp, line 516]
Event: 0.439 Thread 0x0000022562a1dbd0 Exception <a 'sun/nio/fs/WindowsException'{0x0000000097319100}> (0x0000000097319100) 
thrown [s\src\hotspot\share\prims\jni.cpp, line 516]
Event: 0.490 Thread 0x0000022562a1dbd0 Exception <a 'java/lang/NoSuchMethodError'{0x0000000097365bc0}: 'java.lang.Object java.lang.invoke.DirectMethodHandle$Holder.newInvokeSpecial(java.lang.Object, long)'> (0x0000000097365bc0) 
thrown [s\src\hotspot\share\interpreter\linkResolver.cpp, line 759]
Event: 0.705 Thread 0x0000022562a1dbd0 Exception <a 'sun/nio/fs/WindowsException'{0x0000000097298130}> (0x0000000097298130) 
thrown [s\src\hotspot\share\prims\jni.cpp, line 516]
Event: 0.705 Thread 0x0000022562a1dbd0 Exception <a 'sun/nio/fs/WindowsException'{0x0000000097298508}> (0x0000000097298508) 
thrown [s\src\hotspot\share\prims\jni.cpp, line 516]
Event: 0.710 Thread 0x0000022562a1dbd0 Exception <a 'sun/nio/fs/WindowsException'{0x00000000972a7c60}> (0x00000000972a7c60) 
thrown [s\src\hotspot\share\prims\jni.cpp, line 516]
Event: 0.710 Thread 0x0000022562a1dbd0 Exception <a 'sun/nio/fs/WindowsException'{0x00000000972a7f70}> (0x00000000972a7f70) 
thrown [s\src\hotspot\share\prims\jni.cpp, line 516]

VM Operations (20 events):
Event: 377.151 Executing VM operation: G1CollectForAllocation
Event: 377.151 Executing VM operation: G1CollectForAllocation done
Event: 377.951 Executing VM operation: G1CollectForAllocation
Event: 377.952 Executing VM operation: G1CollectForAllocation done
Event: 378.751 Executing VM operation: G1CollectForAllocation
Event: 378.752 Executing VM operation: G1CollectForAllocation done
Event: 379.551 Executing VM operation: G1CollectForAllocation
Event: 379.568 Executing VM operation: G1CollectForAllocation done
Event: 379.689 Executing VM operation: G1Concurrent
Event: 379.698 Executing VM operation: G1Concurrent done
Event: 379.728 Executing VM operation: G1Concurrent
Event: 379.728 Executing VM operation: G1Concurrent done
Event: 381.001 Executing VM operation: G1CollectForAllocation
Event: 381.003 Executing VM operation: G1CollectForAllocation done
Event: 382.284 Executing VM operation: G1CollectForAllocation
Event: 382.286 Executing VM operation: G1CollectForAllocation done
Event: 390.935 Executing VM operation: G1CollectForAllocation
Event: 390.938 Executing VM operation: G1CollectForAllocation done
Event: 399.152 Executing VM operation: G1CollectForAllocation
Event: 399.156 Executing VM operation: G1CollectForAllocation done

Events (20 events):
Event: 1.414 loading class java/lang/reflect/Proxy$1 done
Event: 1.414 loading class java/io/Externalizable
Event: 1.414 loading class java/io/Externalizable done
Event: 1.414 loading class java/io/ObjectStreamClass$2
Event: 1.414 loading class java/io/ObjectStreamClass$2 done
Event: 1.414 loading class java/io/ClassCache$CacheRef
Event: 1.415 loading class java/io/ClassCache$CacheRef done
Event: 1.415 loading class java/io/ObjectStreamClass$FieldReflectorKey
Event: 1.415 loading class java/io/ObjectStreamClass$FieldReflectorKey done
Event: 1.415 loading class java/io/ObjectStreamClass$FieldReflector
Event: 1.415 loading class java/io/ObjectStreamClass$FieldReflector done
Event: 1.415 loading class java/io/ObjectStreamClass$ExceptionInfo
Event: 1.415 loading class java/io/ObjectStreamClass$ExceptionInfo done
Event: 1.444 Thread 0x000002257d5755a0 Thread added: 0x000002257d5755a0
Event: 1.742 Thread 0x000002257d5755a0 Thread exited: 0x000002257d5755a0
Event: 1.752 Thread 0x000002257cd7fb20 Thread added: 0x000002257cd7fb20
Event: 1.817 loading class java/lang/SecurityException
Event: 1.817 loading class java/lang/SecurityException done
Event: 1.818 loading class java/lang/reflect/InvocationTargetException
Event: 1.818 loading class java/lang/reflect/InvocationTargetException done


Dynamic libraries:
0x00007ff63dbe0000 - 0x00007ff63dbee000 	C:\Users\Windows 10\.p2\pool\plugins\org.eclipse.justj.openjdk.hotspot.jre.full.win32.x86_64_17.0.4.v20220903-1038\jre\bin\javaw.exe
0x00007ff89f710000 - 0x00007ff89f908000 	C:\Windows\SYSTEM32\ntdll.dll
0x00007ff89f180000 - 0x00007ff89f23d000 	C:\Windows\System32\KERNEL32.DLL
0x00007ff89d4a0000 - 0x00007ff89d76e000 	C:\Windows\System32\KERNELBASE.dll
0x00007ff89cff0000 - 0x00007ff89d0f0000 	C:\Windows\System32\ucrtbase.dll
0x00007ff884b50000 - 0x00007ff884b69000 	C:\Users\Windows 10\.p2\pool\plugins\org.eclipse.justj.openjdk.hotspot.jre.full.win32.x86_64_17.0.4.v20220903-1038\jre\bin\VCRUNTIME140.dll
0x00007ff884b30000 - 0x00007ff884b48000 	C:\Users\Windows 10\.p2\pool\plugins\org.eclipse.justj.openjdk.hotspot.jre.full.win32.x86_64_17.0.4.v20220903-1038\jre\bin\jli.dll
0x00007ff89f530000 - 0x00007ff89f6d0000 	C:\Windows\System32\USER32.dll
0x00007ff89d0f0000 - 0x00007ff89d112000 	C:\Windows\System32\win32u.dll
0x00007ff89f110000 - 0x00007ff89f13a000 	C:\Windows\System32\GDI32.dll
0x00007ff8884a0000 - 0x00007ff88873a000 	C:\Windows\WinSxS\amd64_microsoft.windows.common-controls_6595b64144ccf1df_6.0.19041.1110_none_60b5254171f9507e\COMCTL32.dll
0x00007ff89ce30000 - 0x00007ff89cf3b000 	C:\Windows\System32\gdi32full.dll
0x00007ff89d770000 - 0x00007ff89d80e000 	C:\Windows\System32\msvcrt.dll
0x00007ff89d1e0000 - 0x00007ff89d27d000 	C:\Windows\System32\msvcp_win.dll
0x00007ff89f140000 - 0x00007ff89f170000 	C:\Windows\System32\IMM32.DLL
0x00007ff884bd0000 - 0x00007ff884bdc000 	C:\Users\Windows 10\.p2\pool\plugins\org.eclipse.justj.openjdk.hotspot.jre.full.win32.x86_64_17.0.4.v20220903-1038\jre\bin\vcruntime140_1.dll
0x00007ff883f70000 - 0x00007ff884001000 	C:\Users\Windows 10\.p2\pool\plugins\org.eclipse.justj.openjdk.hotspot.jre.full.win32.x86_64_17.0.4.v20220903-1038\jre\bin\msvcp140.dll
0x00007ff842120000 - 0x00007ff842d66000 	C:\Users\Windows 10\.p2\pool\plugins\org.eclipse.justj.openjdk.hotspot.jre.full.win32.x86_64_17.0.4.v20220903-1038\jre\bin\server\jvm.dll
0x00007ff89d810000 - 0x00007ff89d8be000 	C:\Windows\System32\ADVAPI32.dll
0x00007ff89ecf0000 - 0x00007ff89ed8c000 	C:\Windows\System32\sechost.dll
0x00007ff89f240000 - 0x00007ff89f365000 	C:\Windows\System32\RPCRT4.dll
0x00007ff89e330000 - 0x00007ff89e338000 	C:\Windows\System32\PSAPI.DLL
0x00007ff893610000 - 0x00007ff893637000 	C:\Windows\SYSTEM32\WINMM.dll
0x00007ff8985d0000 - 0x00007ff8985d9000 	C:\Windows\SYSTEM32\WSOCK32.dll
0x00007ff893c60000 - 0x00007ff893c6a000 	C:\Windows\SYSTEM32\VERSION.dll
0x00007ff89e730000 - 0x00007ff89e79b000 	C:\Windows\System32\WS2_32.dll
0x00007ff89ad40000 - 0x00007ff89ad52000 	C:\Windows\SYSTEM32\kernel.appcore.dll
0x00007ff898230000 - 0x00007ff89823a000 	C:\Users\Windows 10\.p2\pool\plugins\org.eclipse.justj.openjdk.hotspot.jre.full.win32.x86_64_17.0.4.v20220903-1038\jre\bin\jimage.dll
0x00007ff889910000 - 0x00007ff889af4000 	C:\Windows\SYSTEM32\DBGHELP.DLL
0x00007ff87cc60000 - 0x00007ff87cc8c000 	C:\Windows\SYSTEM32\dbgcore.DLL
0x00007ff89d280000 - 0x00007ff89d302000 	C:\Windows\System32\bcryptPrimitives.dll
0x00007ff876840000 - 0x00007ff876865000 	C:\Users\Windows 10\.p2\pool\plugins\org.eclipse.justj.openjdk.hotspot.jre.full.win32.x86_64_17.0.4.v20220903-1038\jre\bin\java.dll
0x00007ff881be0000 - 0x00007ff881bf8000 	C:\Users\Windows 10\.p2\pool\plugins\org.eclipse.justj.openjdk.hotspot.jre.full.win32.x86_64_17.0.4.v20220903-1038\jre\bin\zip.dll
0x00007ff89dbe0000 - 0x00007ff89e323000 	C:\Windows\System32\SHELL32.dll
0x00007ff89af40000 - 0x00007ff89b6d5000 	C:\Windows\SYSTEM32\windows.storage.dll
0x00007ff89ed90000 - 0x00007ff89f0e4000 	C:\Windows\System32\combase.dll
0x00007ff89c890000 - 0x00007ff89c8c0000 	C:\Windows\SYSTEM32\Wldp.dll
0x00007ff89e460000 - 0x00007ff89e50d000 	C:\Windows\System32\SHCORE.dll
0x00007ff89da50000 - 0x00007ff89daa5000 	C:\Windows\System32\shlwapi.dll
0x00007ff89cd70000 - 0x00007ff89cd8f000 	C:\Windows\SYSTEM32\profapi.dll
0x00007ff87bff0000 - 0x00007ff87c009000 	C:\Users\Windows 10\.p2\pool\plugins\org.eclipse.justj.openjdk.hotspot.jre.full.win32.x86_64_17.0.4.v20220903-1038\jre\bin\net.dll
0x00007ff8902c0000 - 0x00007ff8903ca000 	C:\Windows\SYSTEM32\WINHTTP.dll
0x00007ff89c5f0000 - 0x00007ff89c65a000 	C:\Windows\system32\mswsock.dll
0x00007ff8784f0000 - 0x00007ff878505000 	C:\Users\Windows 10\.p2\pool\plugins\org.eclipse.justj.openjdk.hotspot.jre.full.win32.x86_64_17.0.4.v20220903-1038\jre\bin\nio.dll
0x00000000550d0000 - 0x00000000550f9000 	C:\Users\Windows 10\AppData\Local\Temp\libgdxWindows 10\e787ab0a\gdx64.dll
0x00007ff884ab0000 - 0x00007ff884b25000 	C:\Users\Windows 10\AppData\Local\Temp\lwjglWindows 10\3.3.1-build-7\lwjgl.dll
0x00007ff841df0000 - 0x00007ff842049000 	C:\Users\WINDOW~1\AppData\Local\Temp\lwjglWindows 10\3.3.1-build-7\jemalloc.dll
0x00007ff883f00000 - 0x00007ff883f61000 	C:\Users\WINDOW~1\AppData\Local\Temp\lwjglWindows 10\3.3.1-build-7\glfw.dll
0x00007ff883eb0000 - 0x00007ff883ef5000 	C:\Windows\SYSTEM32\dinput8.dll
0x00007ff885660000 - 0x00007ff885671000 	C:\Windows\SYSTEM32\xinput1_4.dll
0x00007ff89d190000 - 0x00007ff89d1de000 	C:\Windows\System32\cfgmgr32.dll
0x00007ff89cbe0000 - 0x00007ff89cc0c000 	C:\Windows\SYSTEM32\DEVOBJ.dll
0x00007ff89aa50000 - 0x00007ff89aa7f000 	C:\Windows\SYSTEM32\dwmapi.dll
0x00007ff890a50000 - 0x00007ff890ba2000 	C:\Windows\SYSTEM32\inputhost.dll
0x00007ff89f400000 - 0x00007ff89f4cd000 	C:\Windows\System32\OLEAUT32.dll
0x00007ff898d90000 - 0x00007ff898ee4000 	C:\Windows\SYSTEM32\wintypes.dll
0x00007ff89a450000 - 0x00007ff89a542000 	C:\Windows\SYSTEM32\CoreMessaging.dll
0x00007ff8980b0000 - 0x00007ff8981a6000 	C:\Windows\SYSTEM32\PROPSYS.dll
0x00007ff89a0f0000 - 0x00007ff89a44e000 	C:\Windows\SYSTEM32\CoreUIComponents.dll
0x00007ff89bb30000 - 0x00007ff89bb63000 	C:\Windows\SYSTEM32\ntmarta.dll
0x00007ff89a7c0000 - 0x00007ff89a85e000 	C:\Windows\system32\uxtheme.dll
0x00007ff89e340000 - 0x00007ff89e455000 	C:\Windows\System32\MSCTF.dll
0x00007ff83f340000 - 0x00007ff83f4d7000 	C:\Users\WINDOW~1\AppData\Local\Temp\lwjglWindows 10\3.3.1-build-7\OpenAL.dll
0x00007ff89dab0000 - 0x00007ff89dbda000 	C:\Windows\System32\ole32.dll
0x00007ff89d8c0000 - 0x00007ff89d969000 	C:\Windows\System32\clbcatq.dll
0x00007ff8962b0000 - 0x00007ff896335000 	C:\Windows\System32\MMDevApi.dll
0x00007ff896360000 - 0x00007ff8964e2000 	C:\Windows\SYSTEM32\AUDIOSES.DLL
0x00007ff89c400000 - 0x00007ff89c44b000 	C:\Windows\SYSTEM32\powrprof.dll
0x00007ff89c270000 - 0x00007ff89c282000 	C:\Windows\SYSTEM32\UMPDC.dll
0x00007ff89a950000 - 0x00007ff89a964000 	C:\Windows\SYSTEM32\resourcepolicyclient.dll
0x00007ff841cc0000 - 0x00007ff841de7000 	C:\Windows\SYSTEM32\opengl32.dll
0x00007ff883e80000 - 0x00007ff883eac000 	C:\Windows\SYSTEM32\GLU32.dll
0x00007ff896bb0000 - 0x00007ff896ca7000 	C:\Windows\System32\AppXDeploymentClient.dll
0x00007ff84a660000 - 0x00007ff84df91000 	C:\Windows\System32\DriverStore\FileRepository\nv_dispig.inf_amd64_009debfbd2e1619b\nvoglv64.dll
0x00007ff89e7a0000 - 0x00007ff89ec0f000 	C:\Windows\System32\SETUPAPI.dll
0x00007ff89d470000 - 0x00007ff89d497000 	C:\Windows\System32\bcrypt.dll
0x00007ff8983d0000 - 0x00007ff8983e4000 	C:\Windows\SYSTEM32\WTSAPI32.dll
0x00007ff89ca20000 - 0x00007ff89ca32000 	C:\Windows\SYSTEM32\msasn1.dll
0x00007ff893c20000 - 0x00007ff893c51000 	C:\Windows\SYSTEM32\cryptnet.dll
0x00007ff89d310000 - 0x00007ff89d466000 	C:\Windows\System32\CRYPT32.dll
0x00007ff893ad0000 - 0x00007ff893c18000 	C:\Windows\SYSTEM32\drvstore.dll
0x00007ff89c800000 - 0x00007ff89c80c000 	C:\Windows\SYSTEM32\cryptbase.dll
0x00007ff89d120000 - 0x00007ff89d189000 	C:\Windows\System32\WINTRUST.dll
0x00007ff893d30000 - 0x00007ff893d6b000 	C:\Windows\SYSTEM32\dxcore.dll
0x00007ff85cc30000 - 0x00007ff85cf01000 	C:\Windows\system32\nvspcap64.dll
0x00007ff89bba0000 - 0x00007ff89bbfa000 	C:\Windows\SYSTEM32\WINSTA.dll
0x00007ff883e20000 - 0x00007ff883e7d000 	C:\Users\Windows 10\AppData\Local\Temp\lwjglWindows 10\3.3.1-build-7\lwjgl_opengl.dll
0x00007ff890bb0000 - 0x00007ff890ca9000 	C:\Windows\SYSTEM32\textinputframework.dll

dbghelp: loaded successfully - version: 4.0.5 - missing functions: none
symbol engine: initialized successfully - sym options: 0x614 - pdb path: .;C:\Users\Windows 10\.p2\pool\plugins\org.eclipse.justj.openjdk.hotspot.jre.full.win32.x86_64_17.0.4.v20220903-1038\jre\bin;C:\Windows\SYSTEM32;C:\Windows\WinSxS\amd64_microsoft.windows.common-controls_6595b64144ccf1df_6.0.19041.1110_none_60b5254171f9507e;C:\Users\Windows 10\.p2\pool\plugins\org.eclipse.justj.openjdk.hotspot.jre.full.win32.x86_64_17.0.4.v20220903-1038\jre\bin\server;C:\Users\Windows 10\AppData\Local\Temp\libgdxWindows 10\e787ab0a;C:\Users\Windows 10\AppData\Local\Temp\lwjglWindows 10\3.3.1-build-7;C:\Users\WINDOW~1\AppData\Local\Temp\lwjglWindows 10\3.3.1-build-7;C:\Windows\System32\DriverStore\FileRepository\nv_dispig.inf_amd64_009debfbd2e1619b

VM Arguments:
jvm_args: -Dfile.encoding=UTF-8 -XX:+ShowCodeDetailsInExceptionMessages 
java_command: com.barquitosfc.game.DesktopLauncher
java_class_path (initial): C:\Users\Windows 10\Documents\GitHub\UMA-IIS23-A-E7\dragonboatracing\desktop\bin\main;\dragonboatracing-desktop\bin\default;\dragonboatracing-core\bin\default;C:\Users\Windows 10\Documents\GitHub\UMA-IIS23-A-E7\dragonboatracing\core\bin\main;C:\Users\Windows 10\.gradle\caches\modules-2\files-2.1\com.badlogicgames.gdx\gdx-backend-lwjgl3\1.11.0\58a96db4cd349be4292d547856aa1e1c5f065f4e\gdx-backend-lwjgl3-1.11.0.jar;C:\Users\Windows 10\.gradle\caches\modules-2\files-2.1\com.badlogicgames.gdx\gdx-platform\1.11.0\697fb13eada6d3c6ca648c9788692b0159add126\gdx-platform-1.11.0-natives-desktop.jar;C:\Users\Windows 10\.gradle\caches\modules-2\files-2.1\com.badlogicgames.gdx\gdx-freetype-platform\1.11.0\420e2c2c206843a0d51010be28a141a1eb946235\gdx-freetype-platform-1.11.0-natives-desktop.jar;C:\Users\Windows 10\.gradle\caches\modules-2\files-2.1\com.badlogicgames.gdx\gdx\1.11.0\ffe1206d1004cd9e40027e28964be0fea0399af7\gdx-1.11.0.jar;C:\Users\Windows 10\.gradle\caches\modules-2\files-2.1\org.lwjgl\lwjgl-glfw\3.3.1\cbac1b8d30cb4795149c1ef540f912671a8616d0\lwjgl-glfw-3.3.1.jar;C:\Users\Windows 10\.gradle\caches\modules-2\files-2.1\org.lwjgl\lwjgl-glfw\3.3.1\81716978214ecbda15050ca394b06ef61501a49e\lwjgl-glfw-3.3.1-natives-linux.jar;C:\Users\Windows 10\.gradle\caches\modules-2\files-2.1\org.lwjgl\lwjgl-glfw\3.3.1\816d935933f2dd743074c4e717cc25b55720f294\lwjgl-glfw-3.3.1-natives-linux-arm32.jar;C:\Users\Windows 10\.gradle\caches\modules-2\files-2.1\org.lwjgl\lwjgl-glfw\3.3.1\513eb39b866d0fe131a18d5c517087805433b029\lwjgl-glfw-3.3.1-natives-linux-arm64.jar;C:\Users\Windows 10\.gradle\caches\modules-2\files-2.1\org.lwjgl\lwjgl-glfw\3.3.1\9ec4ce1fc8c85fdef03ef4ff2aace6f5775fb280\lwjgl-glfw-3.3.1-natives-macos.jar;C:\Users\Windows 10\.gradle\caches\modules-2\files-2.1\org.lwjgl\lwjgl-glfw\3.3.1\cac0d3f712a3da7641fa174735a5f315de7ffe0a\lwjgl-glfw-3.3.1-natives-macos-arm64.jar;C:\Users\Windows 10\.gradle\caches\modules-2\files-2.1\org.lwjgl\lwjgl-glfw\3.3.1\ed8
Launcher Type: SUN_STANDARD

[Global flags]
     intx CICompilerCount                          = 4                                         {product} {ergonomic}
     uint ConcGCThreads                            = 2                                         {product} {ergonomic}
     uint G1ConcRefinementThreads                  = 8                                         {product} {ergonomic}
   size_t G1HeapRegionSize                         = 1048576                                   {product} {ergonomic}
    uintx GCDrainStackTargetSize                   = 64                                        {product} {ergonomic}
   size_t InitialHeapSize                          = 117440512                                 {product} {ergonomic}
   size_t MarkStackSize                            = 4194304                                   {product} {ergonomic}
   size_t MaxHeapSize                              = 1864368128                                {product} {ergonomic}
   size_t MaxNewSize                               = 1117782016                                {product} {ergonomic}
   size_t MinHeapDeltaBytes                        = 1048576                                   {product} {ergonomic}
   size_t MinHeapSize                              = 8388608                                   {product} {ergonomic}
    uintx NonNMethodCodeHeapSize                   = 5839372                                {pd product} {ergonomic}
    uintx NonProfiledCodeHeapSize                  = 122909434                              {pd product} {ergonomic}
    uintx ProfiledCodeHeapSize                     = 122909434                              {pd product} {ergonomic}
    uintx ReservedCodeCacheSize                    = 251658240                              {pd product} {ergonomic}
     bool SegmentedCodeCache                       = true                                      {product} {ergonomic}
     bool ShowCodeDetailsInExceptionMessages       = true                                   {manageable} {command line}
   size_t SoftMaxHeapSize                          = 1864368128                             {manageable} {ergonomic}
     bool UseCompressedClassPointers               = true                           {product lp64_product} {ergonomic}
     bool UseCompressedOops                        = true                           {product lp64_product} {ergonomic}
     bool UseG1GC                                  = true                                      {product} {ergonomic}
     bool UseLargePagesIndividualAllocation        = false                                  {pd product} {ergonomic}

Logging:
Log output configuration:
 #0: stdout all=warning uptime,level,tags
 #1: stderr all=off uptime,level,tags

Environment Variables:
PATH=C:/Users/Windows 10/.p2/pool/plugins/org.eclipse.justj.openjdk.hotspot.jre.full.win32.x86_64_17.0.4.v20220903-1038/jre/bin/server;C:/Users/Windows 10/.p2/pool/plugins/org.eclipse.justj.openjdk.hotspot.jre.full.win32.x86_64_17.0.4.v20220903-1038/jre/bin;C:\Gradle\gradle-8.1.1\bin;C:\Program Files\NVIDIA Corporation\NVIDIA NvDLISR;C:\Users\Windows 10\AppData\Roaming\cabal\bin;C:\Users\Windows 10\AppData\Roaming\local\bin;C:\Users\Windows 10\AppData\Local\Microsoft\WindowsApps;C:\Users\Windows 10\AppData\Local\Programs\Microsoft VS Code\bin;C:\Users\Windows 10\AppData\Local\GitHubDesktop\bin;C:\Windows\system32;
USERNAME=Windows 10
OS=Windows_NT
PROCESSOR_IDENTIFIER=AMD64 Family 23 Model 8 Stepping 2, AuthenticAMD
TMP=C:\Users\WINDOW~1\AppData\Local\Temp
TEMP=C:\Users\WINDOW~1\AppData\Local\Temp



---------------  S Y S T E M  ---------------

OS:
 Windows 10 , 64 bit Build 19041 (10.0.19041.1889)
OS uptime: 0 days 2:28 hours

CPU: total 8 (initial active 8) (16 cores per cpu, 2 threads per core) family 23 model 8 stepping 2 microcode 0x0, cx8, cmov, fxsr, ht, mmx, 3dnowpref, sse, sse2, sse3, ssse3, sse4a, sse4.1, sse4.2, popcnt, lzcnt, tsc, tscinvbit, avx, avx2, aes, clmul, bmi1, bmi2, adx, sha, fma, vzeroupper, clflush, clflushopt

Memory: 4k page, system-wide physical 7106M (350M free)
TotalPageFile size 28610M (AvailPageFile size 0M)
current process WorkingSet (physical memory assigned to process): 549M, peak: 757M
current process commit charge ("private bytes"): 5722M, peak: 5723M

vm_info: OpenJDK 64-Bit Server VM (17.0.4.1+1) for windows-amd64 JRE (17.0.4.1+1), built on Aug 17 2022 07:42:43 by "temurin" with MS VC++ 16.7 (VS2019)

END.
