#
# A fatal error has been detected by the Java Runtime Environment:
#
#  EXCEPTION_ACCESS_VIOLATION (0xc0000005) at pc=0x00007ffbe7d544d3, pid=11064, tid=10460
#
# JRE version: OpenJDK Runtime Environment Temurin-17.0.2+8 (17.0.2+8) (build 17.0.2+8)
# Java VM: OpenJDK 64-Bit Server VM Temurin-17.0.2+8 (17.0.2+8, mixed mode, tiered, compressed oops, compressed class ptrs, g1 gc, windows-amd64)
# Problematic frame:
# C  [msvcrt.dll+0x744d3]
#
# No core dump will be written. Minidumps are not enabled by default on client versions of Windows
#
# If you would like to submit a bug report, please visit:
#   https://github.com/adoptium/adoptium-support/issues
# The crash happened outside the Java Virtual Machine in native code.
# See problematic frame for where to report the bug.
#

---------------  S U M M A R Y ------------

Command Line: -Dfile.encoding=Cp1252 -XX:+ShowCodeDetailsInExceptionMessages com.barquitosfc.game.DesktopLauncher

Host: Intel(R) Core(TM) i7-8750H CPU @ 2.20GHz, 12 cores, 15G,  Windows 10 , 64 bit Build 19041 (10.0.19041.2788)
Time: Thu Apr 27 18:28:45 2023 Hora de verano romance elapsed time: 683.820887 seconds (0d 0h 11m 23s)

---------------  T H R E A D  ---------------

Current thread (0x0000000002bcbd80):  JavaThread "main" [_thread_in_native, id=10460, stack(0x00000000022a0000,0x00000000023a0000)]

Stack: [0x00000000022a0000,0x00000000023a0000],  sp=0x000000000239f0a8,  free space=1020k
Native frames: (J=compiled Java code, j=interpreted, Vv=VM code, C=native code)
C  [msvcrt.dll+0x744d3]
C  [gdx64.dll+0x2241]

Java frames: (J=compiled Java code, j=interpreted, Vv=VM code)
J 1099  com.badlogic.gdx.utils.BufferUtils.copyJni([FLjava/nio/Buffer;II)V (0 bytes) @ 0x000000000dda2818 [0x000000000dda27a0+0x0000000000000078]
J 1436 c2 com.badlogic.gdx.graphics.g2d.SpriteBatch.flush()V (193 bytes) @ 0x000000000ddca258 [0x000000000ddca0e0+0x0000000000000178]
J 1469 c2 com.badlogic.gdx.scenes.scene2d.Group.drawChildren(Lcom/badlogic/gdx/graphics/g2d/Batch;F)V (551 bytes) @ 0x000000000dde9ce8 [0x000000000dde8f60+0x0000000000000d88]
J 1453 c2 com.badlogic.gdx.scenes.scene2d.Group.draw(Lcom/badlogic/gdx/graphics/g2d/Batch;F)V (35 bytes) @ 0x000000000dddb908 [0x000000000dddb840+0x00000000000000c8]
J 1469 c2 com.badlogic.gdx.scenes.scene2d.Group.drawChildren(Lcom/badlogic/gdx/graphics/g2d/Batch;F)V (551 bytes) @ 0x000000000ddeaaf8 [0x000000000dde8f60+0x0000000000001b98]
J 1453 c2 com.badlogic.gdx.scenes.scene2d.Group.draw(Lcom/badlogic/gdx/graphics/g2d/Batch;F)V (35 bytes) @ 0x000000000dddb908 [0x000000000dddb840+0x00000000000000c8]
J 1535 c2 com.badlogic.gdx.scenes.scene2d.Stage.draw()V (70 bytes) @ 0x000000000de24708 [0x000000000de244e0+0x0000000000000228]
J 1565 c2 com.barquitosfc.game.DragonBoatGame.render()V (2523 bytes) @ 0x000000000de3c438 [0x000000000de39840+0x0000000000002bf8]
J 1563 c2 com.badlogic.gdx.backends.lwjgl3.Lwjgl3Window.update()Z (217 bytes) @ 0x000000000de37c28 [0x000000000de376c0+0x0000000000000568]
J 1585% c2 com.badlogic.gdx.backends.lwjgl3.Lwjgl3Application.loop()V (468 bytes) @ 0x000000000de50648 [0x000000000de50120+0x0000000000000528]
j  com.badlogic.gdx.backends.lwjgl3.Lwjgl3Application.<init>(Lcom/badlogic/gdx/ApplicationListener;Lcom/badlogic/gdx/backends/lwjgl3/Lwjgl3ApplicationConfiguration;)V+269
j  com.barquitosfc.game.DesktopLauncher.main([Ljava/lang/String;)V+46
v  ~StubRoutines::call_stub

siginfo: EXCEPTION_ACCESS_VIOLATION (0xc0000005), writing address 0x0000000000000000


Register to memory mapping:

RIP=0x00007ffbe7d544d3 msvcrt.dll
RAX=0x0 is NULL
RBX=0x0000000002bcc028 points into unknown readable memory: 0x0000000022aa2800 | 00 28 aa 22 00 00 00 00
RCX=0x0000000000000010 is an unknown value
RDX=0x000000071f567448 is pointing into object: [F 
{0x000000071f567438} - klass: {type array float}
 - length: 20000
RSP=0x000000000239f0a8 is pointing into the stack for thread: 0x0000000002bcbd80
RBP=0x000000000239f140 is pointing into the stack for thread: 0x0000000002bcbd80
RSI=0x0000000000000014 is an unknown value
RDI=0x0 is NULL
R8 =0x0 is NULL
R9 =0x0000000000000001 is an unknown value
R10=0x00007ffbb3ab4130 jvm.dll
R11=0x000000071f567498 is pointing into object: [F 
{0x000000071f567438} - klass: {type array float}
 - length: 20000
R12=0x0 is NULL
R13=0x000000071f567448 is pointing into object: [F 
{0x000000071f567438} - klass: {type array float}
 - length: 20000
R14=0x000000000239f170 is pointing into the stack for thread: 0x0000000002bcbd80
R15=0x0000000002bcbd80 is a thread


Registers:
RAX=0x0000000000000000, RBX=0x0000000002bcc028, RCX=0x0000000000000010, RDX=0x000000071f567448
RSP=0x000000000239f0a8, RBP=0x000000000239f140, RSI=0x0000000000000014, RDI=0x0000000000000000
R8 =0x0000000000000000, R9 =0x0000000000000001, R10=0x00007ffbb3ab4130, R11=0x000000071f567498
R12=0x0000000000000000, R13=0x000000071f567448, R14=0x000000000239f170, R15=0x0000000002bcbd80
RIP=0x00007ffbe7d544d3, EFLAGS=0x0000000000010246

Top of Stack: (sp=0x000000000239f0a8)
0x000000000239f0a8:   000000005d552241 0000000002bcc028
0x000000000239f0b8:   0000000000000014 00000000266b2f00
0x000000000239f0c8:   000000000000000f 0000000002bcbd80
0x000000000239f0d8:   000000071f567330 0000000000000050
0x000000000239f0e8:   0000000000000000 000000000239f180
0x000000000239f0f8:   0000000000000000 000000071f57f408
0x000000000239f108:   000000000dda28b0 000000071f567068
0x000000000239f118:   000000000dda128c 00000000e3eafec1
0x000000000239f128:   00000000e0632c46 0000000000000014
0x000000000239f138:   0000000000000000 000000071f567438
0x000000000239f148:   000000071f567330 fffffffffffffffe
0x000000000239f158:   00000000265396a8 0000000026302510
0x000000000239f168:   0000000026301340 0000000703026010
0x000000000239f178:   0000000703145770 000000071f567208
0x000000000239f188:   000000000ddca258 000000071f567068
0x000000000239f198:   e3eace4100000006 0000000000000014 

Instructions: (pc=0x00007ffbe7d544d3)
0x00007ffbe7d543d3:   8b 54 02 f8 4c 89 19 4a 89 54 01 f8 c3 49 83 f8
0x00007ffbe7d543e3:   20 77 5a 0f 10 02 42 0f 10 4c 02 f0 0f 11 01 42
0x00007ffbe7d543f3:   0f 11 4c 01 f0 c3 0f 1f 80 00 00 00 00 4d 85 c0
0x00007ffbe7d54403:   74 15 48 2b d1 72 16 44 8a 1c 11 48 ff c1 49 ff
0x00007ffbe7d54413:   c8 44 88 59 ff 75 f0 c3 0f 1f 44 00 00 49 03 c8
0x00007ffbe7d54423:   44 8a 5c 11 ff 48 ff c9 49 ff c8 44 88 19 75 f0
0x00007ffbe7d54433:   c3 66 66 66 66 0f 1f 84 00 00 00 00 00 4e 8d 1c
0x00007ffbe7d54443:   02 48 2b d1 73 09 4c 3b d9 0f 87 6e 01 00 00 0f
0x00007ffbe7d54453:   10 04 11 48 83 c1 10 f6 c1 0f 74 12 48 83 e1 f0
0x00007ffbe7d54463:   0f 10 0c 11 0f 11 00 0f 28 c1 48 83 c1 10 4c 03
0x00007ffbe7d54473:   c0 4c 2b c1 4d 8b c8 49 c1 e9 06 74 6f 49 81 f9
0x00007ffbe7d54483:   00 10 00 00 0f 87 b3 00 00 00 49 83 e0 3f eb 2d
0x00007ffbe7d54493:   66 66 66 66 66 66 66 0f 1f 84 00 00 00 00 00 66
0x00007ffbe7d544a3:   66 66 66 66 66 66 0f 1f 84 00 00 00 00 00 66 66
0x00007ffbe7d544b3:   66 66 66 66 66 0f 1f 84 00 00 00 00 00 0f 10 0c
0x00007ffbe7d544c3:   11 0f 10 54 11 10 0f 10 5c 11 20 0f 10 64 11 30
0x00007ffbe7d544d3:   0f 29 41 f0 48 83 c1 40 49 ff c9 0f 29 49 c0 0f
0x00007ffbe7d544e3:   29 51 d0 0f 29 59 e0 0f 28 c4 75 d1 4d 8b c8 49
0x00007ffbe7d544f3:   c1 e9 04 74 19 0f 1f 84 00 00 00 00 00 0f 29 41
0x00007ffbe7d54503:   f0 0f 10 04 11 48 83 c1 10 49 ff c9 75 ef 49 83
0x00007ffbe7d54513:   e0 0f 74 0e 4e 8d 5c 01 f0 41 0f 10 0c 13 41 0f
0x00007ffbe7d54523:   11 0b 0f 29 41 f0 c3 66 66 66 66 66 66 66 0f 1f
0x00007ffbe7d54533:   84 00 00 00 00 00 0f 1f 80 00 00 00 00 4d 8b c8
0x00007ffbe7d54543:   49 c1 e9 06 49 83 e0 3f 0f 18 44 11 40 eb 2e 66
0x00007ffbe7d54553:   66 66 66 66 66 66 0f 1f 84 00 00 00 00 00 66 66
0x00007ffbe7d54563:   66 66 66 66 66 0f 1f 84 00 00 00 00 00 66 66 66
0x00007ffbe7d54573:   66 66 66 66 0f 1f 84 00 00 00 00 00 90 0f 10 0c
0x00007ffbe7d54583:   11 0f 10 54 11 10 0f 10 5c 11 20 0f 10 64 11 30
0x00007ffbe7d54593:   0f 2b 41 f0 48 83 c1 40 0f 18 44 11 40 49 ff c9
0x00007ffbe7d545a3:   0f 2b 49 c0 0f 2b 51 d0 0f 2b 59 e0 0f 28 c4 75
0x00007ffbe7d545b3:   cc 0f ae f8 e9 33 ff ff ff 0f 1f 40 00 49 03 c8
0x00007ffbe7d545c3:   0f 10 44 11 f0 48 83 e9 10 49 83 e8 10 f6 c1 0f 


Stack slot to memory mapping:
stack at sp + 0 slots: 0x000000005d552241 gdx64.dll
stack at sp + 1 slots: 0x0000000002bcc028 points into unknown readable memory: 0x0000000022aa2800 | 00 28 aa 22 00 00 00 00
stack at sp + 2 slots: 0x0000000000000014 is an unknown value
stack at sp + 3 slots: 0x00000000266b2f00 points into unknown readable memory: 0x0000000000000000 | 00 00 00 00 00 00 00 00
stack at sp + 4 slots: 0x000000000000000f is an unknown value
stack at sp + 5 slots: 0x0000000002bcbd80 is a thread
stack at sp + 6 slots: 0x000000071f567330 is an oop: java.nio.DirectByteBuffer 
{0x000000071f567330} - klass: 'java/nio/DirectByteBuffer'
 - ---- fields (total size 8 words):
 - private 'mark' 'I' @12  -1 (ffffffff)
 - 'address' 'J' @16  0 (0 0)
 - private 'position' 'I' @24  0
 - private 'limit' 'I' @28  80 (50)
 - private 'capacity' 'I' @32  80000 (13880)
 - final 'segment' 'Ljdk/internal/access/foreign/MemorySegmentProxy;' @36  NULL (0)
 - final 'offset' 'I' @40  0
 - 'isReadOnly' 'Z' @44  false
 - 'bigEndian' 'Z' @45  false
 - 'nativeByteOrder' 'Z' @46  true
 - final 'hb' '[B' @48  NULL (0)
 - private final 'isSync' 'Z' @47  false
 - private final 'fd' 'Ljava/io/FileDescriptor;' @52  NULL (0)
 - private final 'att' 'Ljava/lang/Object;' @56  NULL (0)
 - private final 'cleaner' 'Ljdk/internal/ref/Cleaner;' @60  NULL (0)
stack at sp + 7 slots: 0x0000000000000050 is an unknown value


---------------  P R O C E S S  ---------------

Threads class SMR info:
_java_thread_list=0x000000002665d0d0, length=13, elements={
0x0000000002bcbd80, 0x0000000022810390, 0x0000000022810f40, 0x000000002286c390,
0x000000002286ce50, 0x000000002286f910, 0x0000000022833ad0, 0x00000000228346c0,
0x0000000022835160, 0x0000000022835b50, 0x00000000229f3220, 0x0000000022a089f0,
0x00000000268000b0
}

Java Threads: ( => current thread )
=>0x0000000002bcbd80 JavaThread "main" [_thread_in_native, id=10460, stack(0x00000000022a0000,0x00000000023a0000)]
  0x0000000022810390 JavaThread "Reference Handler" daemon [_thread_blocked, id=12904, stack(0x0000000022d00000,0x0000000022e00000)]
  0x0000000022810f40 JavaThread "Finalizer" daemon [_thread_blocked, id=8820, stack(0x0000000022e00000,0x0000000022f00000)]
  0x000000002286c390 JavaThread "Signal Dispatcher" daemon [_thread_blocked, id=6948, stack(0x0000000023020000,0x0000000023120000)]
  0x000000002286ce50 JavaThread "Attach Listener" daemon [_thread_blocked, id=13040, stack(0x0000000023120000,0x0000000023220000)]
  0x000000002286f910 JavaThread "Service Thread" daemon [_thread_blocked, id=6928, stack(0x0000000023220000,0x0000000023320000)]
  0x0000000022833ad0 JavaThread "Monitor Deflation Thread" daemon [_thread_blocked, id=1124, stack(0x0000000023320000,0x0000000023420000)]
  0x00000000228346c0 JavaThread "C2 CompilerThread0" daemon [_thread_blocked, id=13224, stack(0x0000000023420000,0x0000000023520000)]
  0x0000000022835160 JavaThread "C1 CompilerThread0" daemon [_thread_blocked, id=12340, stack(0x0000000023520000,0x0000000023620000)]
  0x0000000022835b50 JavaThread "Sweeper thread" daemon [_thread_blocked, id=13828, stack(0x0000000023620000,0x0000000023720000)]
  0x00000000229f3220 JavaThread "Notification Thread" daemon [_thread_blocked, id=12940, stack(0x0000000023720000,0x0000000023820000)]
  0x0000000022a089f0 JavaThread "Common-Cleaner" daemon [_thread_blocked, id=11996, stack(0x0000000023920000,0x0000000023a20000)]
  0x00000000268000b0 JavaThread "LWJGL3 Timer" daemon [_thread_blocked, id=13724, stack(0x0000000030800000,0x0000000030900000)]

Other Threads:
  0x0000000022809e20 VMThread "VM Thread" [stack: 0x0000000022c00000,0x0000000022d00000] [id=3380]
  0x0000000002c395c0 WatcherThread [stack: 0x0000000023820000,0x0000000023920000] [id=2136]
  0x0000000002c1a940 GCTaskThread "GC Thread#0" [stack: 0x000000001ee20000,0x000000001ef20000] [id=6288]
  0x00000000268fb260 GCTaskThread "GC Thread#1" [stack: 0x0000000030a40000,0x0000000030b40000] [id=14048]
  0x00000000268fa7a0 GCTaskThread "GC Thread#2" [stack: 0x0000000030b40000,0x0000000030c40000] [id=10004]
  0x00000000268fad00 GCTaskThread "GC Thread#3" [stack: 0x0000000030c40000,0x0000000030d40000] [id=11368]
  0x00000000268fafb0 GCTaskThread "GC Thread#4" [stack: 0x0000000030d40000,0x0000000030e40000] [id=10332]
  0x00000000268faa50 GCTaskThread "GC Thread#5" [stack: 0x0000000030e40000,0x0000000030f40000] [id=14192]
  0x0000000026a1fe70 GCTaskThread "GC Thread#6" [stack: 0x0000000033bf0000,0x0000000033cf0000] [id=8076]
  0x0000000026a22c20 GCTaskThread "GC Thread#7" [stack: 0x0000000033cf0000,0x0000000033df0000] [id=13960]
  0x00000000360f30a0 GCTaskThread "GC Thread#8" [stack: 0x00000003a6610000,0x00000003a6710000] [id=6284]
  0x00000000360f3350 GCTaskThread "GC Thread#9" [stack: 0x00000003a6710000,0x00000003a6810000] [id=9136]
  0x0000000002c2bd20 ConcurrentGCThread "G1 Main Marker" [stack: 0x000000001ef20000,0x000000001f020000] [id=7328]
  0x0000000002c2e750 ConcurrentGCThread "G1 Conc#0" [stack: 0x000000001f020000,0x000000001f120000] [id=14108]
  0x00000000517490a0 ConcurrentGCThread "G1 Conc#1" [stack: 0x00000001cca30000,0x00000001ccb30000] [id=12672]
  0x0000000051749350 ConcurrentGCThread "G1 Conc#2" [stack: 0x00000001ccb30000,0x00000001ccc30000] [id=10932]
  0x0000000002c90770 ConcurrentGCThread "G1 Refine#0" [stack: 0x0000000021dc0000,0x0000000021ec0000] [id=13652]
  0x000000003ac30ec0 ConcurrentGCThread "G1 Refine#1" [stack: 0x00000002188d0000,0x00000002189d0000] [id=13512]
  0x0000000002c92040 ConcurrentGCThread "G1 Service" [stack: 0x0000000021ec0000,0x0000000021fc0000] [id=6248]

Threads with active compile tasks:

VM state: not at safepoint (normal execution)

VM Mutex/Monitor currently owned by a thread: None

Heap address: 0x0000000703000000, size: 4048 MB, Compressed Oops mode: Zero based, Oop shift amount: 3

CDS archive(s) not mapped
Compressed class space mapped at: 0x0000000800000000-0x0000000840000000, reserved size: 1073741824
Narrow klass base: 0x0000000800000000, Narrow klass shift: 0, Narrow klass range: 0x40000000

GC Precious Log:
 CPUs: 12 total, 12 available
 Memory: 16191M
 Large Page Support: Disabled
 NUMA Support: Disabled
 Compressed Oops: Enabled (Zero based)
 Heap Region Size: 2M
 Heap Min Capacity: 8M
 Heap Initial Capacity: 254M
 Heap Max Capacity: 4048M
 Pre-touch: Disabled
 Parallel Workers: 10
 Concurrent Workers: 3
 Concurrent Refinement Workers: 10
 Periodic GC: Disabled

Heap:
 garbage-first heap   total 481280K, used 416845K [0x0000000703000000, 0x0000000800000000)
  region size 2048K, 11 young (22528K), 2 survivors (4096K)
 Metaspace       used 12801K, committed 12928K, reserved 1064960K
  class space    used 1001K, committed 1024K, reserved 1048576K

Heap Regions: E=young(eden), S=young(survivor), O=old, HS=humongous(starts), HC=humongous(continues), CS=collection set, F=free, OA=open archive, CA=closed archive, TAMS=top-at-mark-start (previous, next)
|   0|0x0000000703000000, 0x0000000703200000, 0x0000000703200000|100%| O|  |TAMS 0x0000000703200000, 0x0000000703000000| Untracked 
|   1|0x0000000703200000, 0x0000000703400000, 0x0000000703400000|100%| O|  |TAMS 0x0000000703400000, 0x0000000703200000| Untracked 
|   2|0x0000000703400000, 0x0000000703600000, 0x0000000703600000|100%| O|  |TAMS 0x0000000703600000, 0x0000000703400000| Untracked 
|   3|0x0000000703600000, 0x0000000703800000, 0x0000000703800000|100%| O|  |TAMS 0x0000000703800000, 0x0000000703600000| Untracked 
|   4|0x0000000703800000, 0x0000000703a00000, 0x0000000703a00000|100%| O|  |TAMS 0x0000000703a00000, 0x0000000703800000| Untracked 
|   5|0x0000000703a00000, 0x0000000703c00000, 0x0000000703c00000|100%| O|  |TAMS 0x0000000703c00000, 0x0000000703a00000| Untracked 
|   6|0x0000000703c00000, 0x0000000703e00000, 0x0000000703e00000|100%| O|  |TAMS 0x0000000703e00000, 0x0000000703c00000| Untracked 
|   7|0x0000000703e00000, 0x0000000704000000, 0x0000000704000000|100%| O|  |TAMS 0x0000000704000000, 0x0000000703e00000| Untracked 
|   8|0x0000000704000000, 0x0000000704200000, 0x0000000704200000|100%| O|  |TAMS 0x0000000704200000, 0x0000000704000000| Untracked 
|   9|0x0000000704200000, 0x0000000704400000, 0x0000000704400000|100%| O|  |TAMS 0x0000000704400000, 0x0000000704200000| Untracked 
|  10|0x0000000704400000, 0x0000000704600000, 0x0000000704600000|100%| O|  |TAMS 0x0000000704600000, 0x0000000704400000| Untracked 
|  11|0x0000000704600000, 0x0000000704800000, 0x0000000704800000|100%| O|  |TAMS 0x0000000704800000, 0x0000000704600000| Untracked 
|  12|0x0000000704800000, 0x0000000704a00000, 0x0000000704a00000|100%| O|  |TAMS 0x0000000704a00000, 0x0000000704800000| Untracked 
|  13|0x0000000704a00000, 0x0000000704c00000, 0x0000000704c00000|100%| O|  |TAMS 0x0000000704c00000, 0x0000000704a00000| Untracked 
|  14|0x0000000704c00000, 0x0000000704e00000, 0x0000000704e00000|100%| O|  |TAMS 0x0000000704e00000, 0x0000000704c00000| Untracked 
|  15|0x0000000704e00000, 0x0000000705000000, 0x0000000705000000|100%| O|  |TAMS 0x0000000705000000, 0x0000000704e00000| Untracked 
|  16|0x0000000705000000, 0x0000000705200000, 0x0000000705200000|100%| O|  |TAMS 0x0000000705200000, 0x0000000705000000| Untracked 
|  17|0x0000000705200000, 0x0000000705400000, 0x0000000705400000|100%| O|  |TAMS 0x0000000705400000, 0x0000000705200000| Untracked 
|  18|0x0000000705400000, 0x0000000705600000, 0x0000000705600000|100%| O|  |TAMS 0x0000000705600000, 0x0000000705400000| Untracked 
|  19|0x0000000705600000, 0x0000000705800000, 0x0000000705800000|100%| O|  |TAMS 0x0000000705800000, 0x0000000705600000| Untracked 
|  20|0x0000000705800000, 0x0000000705a00000, 0x0000000705a00000|100%| O|  |TAMS 0x0000000705a00000, 0x0000000705800000| Untracked 
|  21|0x0000000705a00000, 0x0000000705c00000, 0x0000000705c00000|100%| O|  |TAMS 0x0000000705c00000, 0x0000000705a00000| Untracked 
|  22|0x0000000705c00000, 0x0000000705e00000, 0x0000000705e00000|100%| O|  |TAMS 0x0000000705e00000, 0x0000000705c00000| Untracked 
|  23|0x0000000705e00000, 0x0000000706000000, 0x0000000706000000|100%| O|  |TAMS 0x0000000706000000, 0x0000000705e00000| Untracked 
|  24|0x0000000706000000, 0x0000000706200000, 0x0000000706200000|100%| O|  |TAMS 0x0000000706200000, 0x0000000706000000| Untracked 
|  25|0x0000000706200000, 0x0000000706400000, 0x0000000706400000|100%| O|  |TAMS 0x0000000706400000, 0x0000000706200000| Untracked 
|  26|0x0000000706400000, 0x0000000706600000, 0x0000000706600000|100%| O|  |TAMS 0x0000000706600000, 0x0000000706400000| Untracked 
|  27|0x0000000706600000, 0x0000000706800000, 0x0000000706800000|100%| O|  |TAMS 0x0000000706800000, 0x0000000706600000| Untracked 
|  28|0x0000000706800000, 0x0000000706a00000, 0x0000000706a00000|100%| O|  |TAMS 0x0000000706a00000, 0x0000000706800000| Untracked 
|  29|0x0000000706a00000, 0x0000000706c00000, 0x0000000706c00000|100%| O|  |TAMS 0x0000000706c00000, 0x0000000706a00000| Untracked 
|  30|0x0000000706c00000, 0x0000000706e00000, 0x0000000706e00000|100%| O|  |TAMS 0x0000000706e00000, 0x0000000706c00000| Untracked 
|  31|0x0000000706e00000, 0x0000000707000000, 0x0000000707000000|100%| O|  |TAMS 0x0000000707000000, 0x0000000706e00000| Untracked 
|  32|0x0000000707000000, 0x0000000707200000, 0x0000000707200000|100%| O|  |TAMS 0x0000000707200000, 0x0000000707000000| Untracked 
|  33|0x0000000707200000, 0x0000000707400000, 0x0000000707400000|100%| O|  |TAMS 0x0000000707200000, 0x0000000707200000| Untracked 
|  34|0x0000000707400000, 0x0000000707600000, 0x0000000707600000|100%| O|  |TAMS 0x0000000707600000, 0x0000000707400000| Untracked 
|  35|0x0000000707600000, 0x0000000707800000, 0x0000000707800000|100%| O|  |TAMS 0x0000000707800000, 0x0000000707600000| Untracked 
|  36|0x0000000707800000, 0x0000000707a00000, 0x0000000707a00000|100%| O|  |TAMS 0x0000000707a00000, 0x0000000707800000| Untracked 
|  37|0x0000000707a00000, 0x0000000707c00000, 0x0000000707c00000|100%| O|  |TAMS 0x0000000707c00000, 0x0000000707a00000| Untracked 
|  38|0x0000000707c00000, 0x0000000707e00000, 0x0000000707e00000|100%| O|  |TAMS 0x0000000707e00000, 0x0000000707c00000| Untracked 
|  39|0x0000000707e00000, 0x0000000708000000, 0x0000000708000000|100%| O|  |TAMS 0x0000000708000000, 0x0000000707e00000| Untracked 
|  40|0x0000000708000000, 0x0000000708200000, 0x0000000708200000|100%| O|  |TAMS 0x0000000708200000, 0x0000000708000000| Untracked 
|  41|0x0000000708200000, 0x0000000708400000, 0x0000000708400000|100%| O|  |TAMS 0x0000000708400000, 0x0000000708200000| Untracked 
|  42|0x0000000708400000, 0x0000000708600000, 0x0000000708600000|100%| O|  |TAMS 0x0000000708600000, 0x0000000708400000| Untracked 
|  43|0x0000000708600000, 0x0000000708800000, 0x0000000708800000|100%| O|  |TAMS 0x0000000708800000, 0x0000000708600000| Untracked 
|  44|0x0000000708800000, 0x0000000708a00000, 0x0000000708a00000|100%| O|  |TAMS 0x0000000708a00000, 0x0000000708800000| Untracked 
|  45|0x0000000708a00000, 0x0000000708c00000, 0x0000000708c00000|100%| O|  |TAMS 0x0000000708c00000, 0x0000000708a00000| Untracked 
|  46|0x0000000708c00000, 0x0000000708e00000, 0x0000000708e00000|100%| O|  |TAMS 0x0000000708e00000, 0x0000000708c00000| Untracked 
|  47|0x0000000708e00000, 0x0000000709000000, 0x0000000709000000|100%| O|  |TAMS 0x0000000709000000, 0x0000000708e00000| Untracked 
|  48|0x0000000709000000, 0x0000000709200000, 0x0000000709200000|100%| O|  |TAMS 0x0000000709200000, 0x0000000709000000| Untracked 
|  49|0x0000000709200000, 0x0000000709400000, 0x0000000709400000|100%| O|  |TAMS 0x0000000709400000, 0x0000000709200000| Untracked 
|  50|0x0000000709400000, 0x0000000709600000, 0x0000000709600000|100%| O|  |TAMS 0x0000000709600000, 0x0000000709400000| Untracked 
|  51|0x0000000709600000, 0x0000000709800000, 0x0000000709800000|100%| O|  |TAMS 0x0000000709800000, 0x0000000709600000| Untracked 
|  52|0x0000000709800000, 0x0000000709a00000, 0x0000000709a00000|100%| O|  |TAMS 0x0000000709a00000, 0x0000000709800000| Untracked 
|  53|0x0000000709a00000, 0x0000000709c00000, 0x0000000709c00000|100%| O|  |TAMS 0x0000000709c00000, 0x0000000709a00000| Untracked 
|  54|0x0000000709c00000, 0x0000000709e00000, 0x0000000709e00000|100%| O|  |TAMS 0x0000000709e00000, 0x0000000709c00000| Untracked 
|  55|0x0000000709e00000, 0x000000070a000000, 0x000000070a000000|100%| O|  |TAMS 0x000000070a000000, 0x0000000709e00000| Untracked 
|  56|0x000000070a000000, 0x000000070a200000, 0x000000070a200000|100%| O|  |TAMS 0x000000070a200000, 0x000000070a000000| Untracked 
|  57|0x000000070a200000, 0x000000070a400000, 0x000000070a400000|100%| O|  |TAMS 0x000000070a400000, 0x000000070a200000| Untracked 
|  58|0x000000070a400000, 0x000000070a600000, 0x000000070a600000|100%| O|  |TAMS 0x000000070a600000, 0x000000070a400000| Untracked 
|  59|0x000000070a600000, 0x000000070a800000, 0x000000070a800000|100%| O|  |TAMS 0x000000070a800000, 0x000000070a600000| Untracked 
|  60|0x000000070a800000, 0x000000070aa00000, 0x000000070aa00000|100%| O|  |TAMS 0x000000070aa00000, 0x000000070a800000| Untracked 
|  61|0x000000070aa00000, 0x000000070ac00000, 0x000000070ac00000|100%| O|  |TAMS 0x000000070ac00000, 0x000000070aa00000| Untracked 
|  62|0x000000070ac00000, 0x000000070ae00000, 0x000000070ae00000|100%| O|  |TAMS 0x000000070ae00000, 0x000000070ac00000| Untracked 
|  63|0x000000070ae00000, 0x000000070b000000, 0x000000070b000000|100%| O|  |TAMS 0x000000070b000000, 0x000000070ae00000| Untracked 
|  64|0x000000070b000000, 0x000000070b200000, 0x000000070b200000|100%| O|  |TAMS 0x000000070b200000, 0x000000070b000000| Untracked 
|  65|0x000000070b200000, 0x000000070b400000, 0x000000070b400000|100%| O|  |TAMS 0x000000070b400000, 0x000000070b200000| Untracked 
|  66|0x000000070b400000, 0x000000070b600000, 0x000000070b600000|100%| O|  |TAMS 0x000000070b600000, 0x000000070b400000| Untracked 
|  67|0x000000070b600000, 0x000000070b800000, 0x000000070b800000|100%| O|  |TAMS 0x000000070b800000, 0x000000070b600000| Untracked 
|  68|0x000000070b800000, 0x000000070ba00000, 0x000000070ba00000|100%| O|  |TAMS 0x000000070ba00000, 0x000000070b800000| Untracked 
|  69|0x000000070ba00000, 0x000000070bc00000, 0x000000070bc00000|100%| O|  |TAMS 0x000000070bc00000, 0x000000070ba00000| Untracked 
|  70|0x000000070bc00000, 0x000000070be00000, 0x000000070be00000|100%| O|  |TAMS 0x000000070be00000, 0x000000070bc00000| Untracked 
|  71|0x000000070be00000, 0x000000070c000000, 0x000000070c000000|100%| O|  |TAMS 0x000000070c000000, 0x000000070be00000| Untracked 
|  72|0x000000070c000000, 0x000000070c200000, 0x000000070c200000|100%| O|  |TAMS 0x000000070c200000, 0x000000070c000000| Untracked 
|  73|0x000000070c200000, 0x000000070c400000, 0x000000070c400000|100%| O|  |TAMS 0x000000070c400000, 0x000000070c200000| Untracked 
|  74|0x000000070c400000, 0x000000070c600000, 0x000000070c600000|100%| O|  |TAMS 0x000000070c600000, 0x000000070c400000| Untracked 
|  75|0x000000070c600000, 0x000000070c800000, 0x000000070c800000|100%| O|  |TAMS 0x000000070c800000, 0x000000070c600000| Untracked 
|  76|0x000000070c800000, 0x000000070ca00000, 0x000000070ca00000|100%| O|  |TAMS 0x000000070ca00000, 0x000000070c800000| Untracked 
|  77|0x000000070ca00000, 0x000000070cc00000, 0x000000070cc00000|100%| O|  |TAMS 0x000000070cc00000, 0x000000070ca00000| Untracked 
|  78|0x000000070cc00000, 0x000000070ce00000, 0x000000070ce00000|100%| O|  |TAMS 0x000000070ce00000, 0x000000070cc00000| Untracked 
|  79|0x000000070ce00000, 0x000000070d000000, 0x000000070d000000|100%| O|  |TAMS 0x000000070d000000, 0x000000070ce00000| Untracked 
|  80|0x000000070d000000, 0x000000070d200000, 0x000000070d200000|100%| O|  |TAMS 0x000000070d200000, 0x000000070d000000| Untracked 
|  81|0x000000070d200000, 0x000000070d400000, 0x000000070d400000|100%| O|  |TAMS 0x000000070d400000, 0x000000070d200000| Untracked 
|  82|0x000000070d400000, 0x000000070d600000, 0x000000070d600000|100%| O|  |TAMS 0x000000070d600000, 0x000000070d400000| Untracked 
|  83|0x000000070d600000, 0x000000070d800000, 0x000000070d800000|100%| O|  |TAMS 0x000000070d800000, 0x000000070d600000| Untracked 
|  84|0x000000070d800000, 0x000000070da00000, 0x000000070da00000|100%| O|  |TAMS 0x000000070da00000, 0x000000070d800000| Untracked 
|  85|0x000000070da00000, 0x000000070dc00000, 0x000000070dc00000|100%| O|  |TAMS 0x000000070dc00000, 0x000000070da00000| Untracked 
|  86|0x000000070dc00000, 0x000000070de00000, 0x000000070de00000|100%| O|  |TAMS 0x000000070de00000, 0x000000070dc00000| Untracked 
|  87|0x000000070de00000, 0x000000070e000000, 0x000000070e000000|100%| O|  |TAMS 0x000000070e000000, 0x000000070de00000| Untracked 
|  88|0x000000070e000000, 0x000000070e200000, 0x000000070e200000|100%| O|  |TAMS 0x000000070e200000, 0x000000070e000000| Untracked 
|  89|0x000000070e200000, 0x000000070e400000, 0x000000070e400000|100%| O|  |TAMS 0x000000070e400000, 0x000000070e200000| Untracked 
|  90|0x000000070e400000, 0x000000070e600000, 0x000000070e600000|100%| O|  |TAMS 0x000000070e600000, 0x000000070e400000| Untracked 
|  91|0x000000070e600000, 0x000000070e800000, 0x000000070e800000|100%| O|  |TAMS 0x000000070e600000, 0x000000070e600000| Untracked 
|  92|0x000000070e800000, 0x000000070ea00000, 0x000000070ea00000|100%| O|  |TAMS 0x000000070ea00000, 0x000000070e800000| Untracked 
|  93|0x000000070ea00000, 0x000000070ec00000, 0x000000070ec00000|100%| O|  |TAMS 0x000000070ec00000, 0x000000070ea00000| Untracked 
|  94|0x000000070ec00000, 0x000000070ee00000, 0x000000070ee00000|100%| O|  |TAMS 0x000000070ee00000, 0x000000070ec00000| Untracked 
|  95|0x000000070ee00000, 0x000000070f000000, 0x000000070f000000|100%| O|  |TAMS 0x000000070f000000, 0x000000070ee00000| Untracked 
|  96|0x000000070f000000, 0x000000070f200000, 0x000000070f200000|100%| O|  |TAMS 0x000000070f200000, 0x000000070f000000| Untracked 
|  97|0x000000070f200000, 0x000000070f400000, 0x000000070f400000|100%| O|  |TAMS 0x000000070f400000, 0x000000070f200000| Untracked 
|  98|0x000000070f400000, 0x000000070f600000, 0x000000070f600000|100%| O|  |TAMS 0x000000070f600000, 0x000000070f400000| Untracked 
|  99|0x000000070f600000, 0x000000070f800000, 0x000000070f800000|100%| O|  |TAMS 0x000000070f800000, 0x000000070f600000| Untracked 
| 100|0x000000070f800000, 0x000000070fa00000, 0x000000070fa00000|100%| O|  |TAMS 0x000000070fa00000, 0x000000070f800000| Untracked 
| 101|0x000000070fa00000, 0x000000070fc00000, 0x000000070fc00000|100%| O|  |TAMS 0x000000070fc00000, 0x000000070fa00000| Untracked 
| 102|0x000000070fc00000, 0x000000070fe00000, 0x000000070fe00000|100%| O|  |TAMS 0x000000070fe00000, 0x000000070fc00000| Untracked 
| 103|0x000000070fe00000, 0x0000000710000000, 0x0000000710000000|100%| O|  |TAMS 0x0000000710000000, 0x000000070fe00000| Untracked 
| 104|0x0000000710000000, 0x0000000710200000, 0x0000000710200000|100%| O|  |TAMS 0x0000000710200000, 0x0000000710000000| Untracked 
| 105|0x0000000710200000, 0x0000000710400000, 0x0000000710400000|100%| O|  |TAMS 0x0000000710400000, 0x0000000710200000| Untracked 
| 106|0x0000000710400000, 0x0000000710600000, 0x0000000710600000|100%| O|  |TAMS 0x0000000710600000, 0x0000000710400000| Untracked 
| 107|0x0000000710600000, 0x0000000710800000, 0x0000000710800000|100%| O|  |TAMS 0x0000000710800000, 0x0000000710600000| Untracked 
| 108|0x0000000710800000, 0x0000000710a00000, 0x0000000710a00000|100%| O|  |TAMS 0x0000000710a00000, 0x0000000710800000| Untracked 
| 109|0x0000000710a00000, 0x0000000710c00000, 0x0000000710c00000|100%| O|  |TAMS 0x0000000710c00000, 0x0000000710a00000| Untracked 
| 110|0x0000000710c00000, 0x0000000710e00000, 0x0000000710e00000|100%| O|  |TAMS 0x0000000710e00000, 0x0000000710c00000| Untracked 
| 111|0x0000000710e00000, 0x0000000711000000, 0x0000000711000000|100%| O|  |TAMS 0x0000000711000000, 0x0000000710e00000| Untracked 
| 112|0x0000000711000000, 0x0000000711200000, 0x0000000711200000|100%| O|  |TAMS 0x0000000711200000, 0x0000000711000000| Untracked 
| 113|0x0000000711200000, 0x0000000711400000, 0x0000000711400000|100%| O|  |TAMS 0x0000000711400000, 0x0000000711200000| Untracked 
| 114|0x0000000711400000, 0x0000000711600000, 0x0000000711600000|100%| O|  |TAMS 0x0000000711600000, 0x0000000711400000| Untracked 
| 115|0x0000000711600000, 0x0000000711800000, 0x0000000711800000|100%| O|  |TAMS 0x0000000711800000, 0x0000000711600000| Untracked 
| 116|0x0000000711800000, 0x0000000711a00000, 0x0000000711a00000|100%| O|  |TAMS 0x0000000711a00000, 0x0000000711800000| Untracked 
| 117|0x0000000711a00000, 0x0000000711c00000, 0x0000000711c00000|100%| O|  |TAMS 0x0000000711c00000, 0x0000000711a00000| Untracked 
| 118|0x0000000711c00000, 0x0000000711e00000, 0x0000000711e00000|100%| O|  |TAMS 0x0000000711e00000, 0x0000000711c00000| Untracked 
| 119|0x0000000711e00000, 0x0000000712000000, 0x0000000712000000|100%| O|  |TAMS 0x0000000712000000, 0x0000000711e00000| Untracked 
| 120|0x0000000712000000, 0x0000000712200000, 0x0000000712200000|100%| O|  |TAMS 0x0000000712200000, 0x0000000712000000| Untracked 
| 121|0x0000000712200000, 0x0000000712400000, 0x0000000712400000|100%| O|  |TAMS 0x0000000712400000, 0x0000000712200000| Untracked 
| 122|0x0000000712400000, 0x0000000712600000, 0x0000000712600000|100%| O|  |TAMS 0x0000000712600000, 0x0000000712400000| Untracked 
| 123|0x0000000712600000, 0x0000000712800000, 0x0000000712800000|100%| O|  |TAMS 0x0000000712800000, 0x0000000712600000| Untracked 
| 124|0x0000000712800000, 0x0000000712a00000, 0x0000000712a00000|100%| O|  |TAMS 0x0000000712a00000, 0x0000000712800000| Untracked 
| 125|0x0000000712a00000, 0x0000000712c00000, 0x0000000712c00000|100%| O|  |TAMS 0x0000000712c00000, 0x0000000712a00000| Untracked 
| 126|0x0000000712c00000, 0x0000000712e00000, 0x0000000712e00000|100%| O|  |TAMS 0x0000000712e00000, 0x0000000712c00000| Untracked 
| 127|0x0000000712e00000, 0x0000000713000000, 0x0000000713000000|100%| O|  |TAMS 0x0000000713000000, 0x0000000712e00000| Untracked 
| 128|0x0000000713000000, 0x0000000713200000, 0x0000000713200000|100%| O|  |TAMS 0x0000000713200000, 0x0000000713000000| Untracked 
| 129|0x0000000713200000, 0x0000000713400000, 0x0000000713400000|100%| O|  |TAMS 0x0000000713400000, 0x0000000713200000| Untracked 
| 130|0x0000000713400000, 0x0000000713600000, 0x0000000713600000|100%| O|  |TAMS 0x0000000713600000, 0x0000000713400000| Untracked 
| 131|0x0000000713600000, 0x0000000713800000, 0x0000000713800000|100%| O|  |TAMS 0x0000000713800000, 0x0000000713600000| Untracked 
| 132|0x0000000713800000, 0x0000000713a00000, 0x0000000713a00000|100%| O|  |TAMS 0x0000000713a00000, 0x0000000713800000| Untracked 
| 133|0x0000000713a00000, 0x0000000713c00000, 0x0000000713c00000|100%| O|  |TAMS 0x0000000713c00000, 0x0000000713a00000| Untracked 
| 134|0x0000000713c00000, 0x0000000713e00000, 0x0000000713e00000|100%| O|  |TAMS 0x0000000713e00000, 0x0000000713c00000| Untracked 
| 135|0x0000000713e00000, 0x0000000714000000, 0x0000000714000000|100%| O|  |TAMS 0x0000000714000000, 0x0000000713e00000| Untracked 
| 136|0x0000000714000000, 0x0000000714200000, 0x0000000714200000|100%| O|  |TAMS 0x0000000714200000, 0x0000000714000000| Untracked 
| 137|0x0000000714200000, 0x0000000714400000, 0x0000000714400000|100%| O|  |TAMS 0x0000000714400000, 0x0000000714200000| Untracked 
| 138|0x0000000714400000, 0x0000000714600000, 0x0000000714600000|100%| O|  |TAMS 0x000000071446d800, 0x0000000714400000| Untracked 
| 139|0x0000000714600000, 0x0000000714800000, 0x0000000714800000|100%| O|  |TAMS 0x0000000714600000, 0x0000000714600000| Untracked 
| 140|0x0000000714800000, 0x0000000714a00000, 0x0000000714a00000|100%| O|  |TAMS 0x0000000714800000, 0x0000000714800000| Untracked 
| 141|0x0000000714a00000, 0x0000000714c00000, 0x0000000714c00000|100%| O|  |TAMS 0x0000000714a00000, 0x0000000714a00000| Untracked 
| 142|0x0000000714c00000, 0x0000000714e00000, 0x0000000714e00000|100%| O|  |TAMS 0x0000000714c00000, 0x0000000714c00000| Untracked 
| 143|0x0000000714e00000, 0x0000000715000000, 0x0000000715000000|100%| O|  |TAMS 0x0000000714e00000, 0x0000000714e00000| Untracked 
| 144|0x0000000715000000, 0x0000000715200000, 0x0000000715200000|100%| O|  |TAMS 0x0000000715000000, 0x0000000715000000| Untracked 
| 145|0x0000000715200000, 0x0000000715400000, 0x0000000715400000|100%| O|  |TAMS 0x0000000715200000, 0x0000000715200000| Untracked 
| 146|0x0000000715400000, 0x0000000715600000, 0x0000000715600000|100%| O|  |TAMS 0x0000000715400000, 0x0000000715400000| Untracked 
| 147|0x0000000715600000, 0x0000000715800000, 0x0000000715800000|100%| O|  |TAMS 0x0000000715600000, 0x0000000715600000| Untracked 
| 148|0x0000000715800000, 0x0000000715a00000, 0x0000000715a00000|100%| O|  |TAMS 0x0000000715800000, 0x0000000715800000| Untracked 
| 149|0x0000000715a00000, 0x0000000715c00000, 0x0000000715c00000|100%| O|  |TAMS 0x0000000715a00000, 0x0000000715a00000| Untracked 
| 150|0x0000000715c00000, 0x0000000715e00000, 0x0000000715e00000|100%| O|  |TAMS 0x0000000715c00000, 0x0000000715c00000| Untracked 
| 151|0x0000000715e00000, 0x0000000716000000, 0x0000000716000000|100%| O|  |TAMS 0x0000000715e00000, 0x0000000715e00000| Untracked 
| 152|0x0000000716000000, 0x0000000716200000, 0x0000000716200000|100%| O|  |TAMS 0x0000000716000000, 0x0000000716000000| Untracked 
| 153|0x0000000716200000, 0x0000000716400000, 0x0000000716400000|100%| O|  |TAMS 0x0000000716200000, 0x0000000716200000| Untracked 
| 154|0x0000000716400000, 0x0000000716600000, 0x0000000716600000|100%| O|  |TAMS 0x0000000716400000, 0x0000000716400000| Untracked 
| 155|0x0000000716600000, 0x0000000716800000, 0x0000000716800000|100%| O|  |TAMS 0x0000000716600000, 0x0000000716600000| Untracked 
| 156|0x0000000716800000, 0x0000000716a00000, 0x0000000716a00000|100%| O|  |TAMS 0x0000000716800000, 0x0000000716800000| Untracked 
| 157|0x0000000716a00000, 0x0000000716c00000, 0x0000000716c00000|100%| O|  |TAMS 0x0000000716a00000, 0x0000000716a00000| Untracked 
| 158|0x0000000716c00000, 0x0000000716e00000, 0x0000000716e00000|100%| O|  |TAMS 0x0000000716c00000, 0x0000000716c00000| Untracked 
| 159|0x0000000716e00000, 0x0000000717000000, 0x0000000717000000|100%| O|  |TAMS 0x0000000716e00000, 0x0000000716e00000| Untracked 
| 160|0x0000000717000000, 0x0000000717200000, 0x0000000717200000|100%| O|  |TAMS 0x0000000717000000, 0x0000000717000000| Untracked 
| 161|0x0000000717200000, 0x0000000717400000, 0x0000000717400000|100%| O|  |TAMS 0x0000000717200000, 0x0000000717200000| Untracked 
| 162|0x0000000717400000, 0x0000000717600000, 0x0000000717600000|100%| O|  |TAMS 0x0000000717400000, 0x0000000717400000| Untracked 
| 163|0x0000000717600000, 0x0000000717800000, 0x0000000717800000|100%| O|  |TAMS 0x0000000717600000, 0x0000000717600000| Untracked 
| 164|0x0000000717800000, 0x0000000717a00000, 0x0000000717a00000|100%| O|  |TAMS 0x0000000717800000, 0x0000000717800000| Untracked 
| 165|0x0000000717a00000, 0x0000000717c00000, 0x0000000717c00000|100%| O|  |TAMS 0x0000000717a00000, 0x0000000717a00000| Untracked 
| 166|0x0000000717c00000, 0x0000000717e00000, 0x0000000717e00000|100%| O|  |TAMS 0x0000000717c00000, 0x0000000717c00000| Untracked 
| 167|0x0000000717e00000, 0x0000000718000000, 0x0000000718000000|100%| O|  |TAMS 0x0000000717e00000, 0x0000000717e00000| Untracked 
| 168|0x0000000718000000, 0x0000000718200000, 0x0000000718200000|100%| O|  |TAMS 0x0000000718000000, 0x0000000718000000| Untracked 
| 169|0x0000000718200000, 0x0000000718400000, 0x0000000718400000|100%| O|  |TAMS 0x0000000718200000, 0x0000000718200000| Untracked 
| 170|0x0000000718400000, 0x0000000718600000, 0x0000000718600000|100%| O|  |TAMS 0x0000000718400000, 0x0000000718400000| Untracked 
| 171|0x0000000718600000, 0x0000000718800000, 0x0000000718800000|100%| O|  |TAMS 0x0000000718600000, 0x0000000718600000| Untracked 
| 172|0x0000000718800000, 0x0000000718a00000, 0x0000000718a00000|100%| O|  |TAMS 0x0000000718800000, 0x0000000718800000| Untracked 
| 173|0x0000000718a00000, 0x0000000718c00000, 0x0000000718c00000|100%| O|  |TAMS 0x0000000718a00000, 0x0000000718a00000| Untracked 
| 174|0x0000000718c00000, 0x0000000718e00000, 0x0000000718e00000|100%| O|  |TAMS 0x0000000718c00000, 0x0000000718c00000| Untracked 
| 175|0x0000000718e00000, 0x0000000719000000, 0x0000000719000000|100%| O|  |TAMS 0x0000000718e00000, 0x0000000718e00000| Untracked 
| 176|0x0000000719000000, 0x0000000719200000, 0x0000000719200000|100%| O|  |TAMS 0x0000000719000000, 0x0000000719000000| Untracked 
| 177|0x0000000719200000, 0x0000000719400000, 0x0000000719400000|100%| O|  |TAMS 0x0000000719200000, 0x0000000719200000| Untracked 
| 178|0x0000000719400000, 0x0000000719600000, 0x0000000719600000|100%| O|  |TAMS 0x0000000719400000, 0x0000000719400000| Untracked 
| 179|0x0000000719600000, 0x0000000719800000, 0x0000000719800000|100%| O|  |TAMS 0x0000000719600000, 0x0000000719600000| Untracked 
| 180|0x0000000719800000, 0x0000000719a00000, 0x0000000719a00000|100%| O|  |TAMS 0x0000000719800000, 0x0000000719800000| Untracked 
| 181|0x0000000719a00000, 0x0000000719c00000, 0x0000000719c00000|100%| O|  |TAMS 0x0000000719a00000, 0x0000000719a00000| Untracked 
| 182|0x0000000719c00000, 0x0000000719e00000, 0x0000000719e00000|100%| O|  |TAMS 0x0000000719c00000, 0x0000000719c00000| Untracked 
| 183|0x0000000719e00000, 0x000000071a000000, 0x000000071a000000|100%| O|  |TAMS 0x0000000719e00000, 0x0000000719e00000| Untracked 
| 184|0x000000071a000000, 0x000000071a200000, 0x000000071a200000|100%| O|  |TAMS 0x000000071a000000, 0x000000071a000000| Untracked 
| 185|0x000000071a200000, 0x000000071a400000, 0x000000071a400000|100%| O|  |TAMS 0x000000071a200000, 0x000000071a200000| Untracked 
| 186|0x000000071a400000, 0x000000071a600000, 0x000000071a600000|100%| O|  |TAMS 0x000000071a400000, 0x000000071a400000| Untracked 
| 187|0x000000071a600000, 0x000000071a800000, 0x000000071a800000|100%| O|  |TAMS 0x000000071a600000, 0x000000071a600000| Untracked 
| 188|0x000000071a800000, 0x000000071aa00000, 0x000000071aa00000|100%| O|  |TAMS 0x000000071a800000, 0x000000071a800000| Untracked 
| 189|0x000000071aa00000, 0x000000071ac00000, 0x000000071ac00000|100%| O|  |TAMS 0x000000071aa00000, 0x000000071aa00000| Untracked 
| 190|0x000000071ac00000, 0x000000071ae00000, 0x000000071ae00000|100%| O|  |TAMS 0x000000071ac00000, 0x000000071ac00000| Untracked 
| 191|0x000000071ae00000, 0x000000071b000000, 0x000000071b000000|100%| O|  |TAMS 0x000000071ae00000, 0x000000071ae00000| Untracked 
| 192|0x000000071b000000, 0x000000071b200000, 0x000000071b200000|100%| O|  |TAMS 0x000000071b000000, 0x000000071b000000| Untracked 
| 193|0x000000071b200000, 0x000000071b400000, 0x000000071b400000|100%| O|  |TAMS 0x000000071b200000, 0x000000071b200000| Untracked 
| 194|0x000000071b400000, 0x000000071b600000, 0x000000071b600000|100%| O|  |TAMS 0x000000071b400000, 0x000000071b400000| Untracked 
| 195|0x000000071b600000, 0x000000071b645400, 0x000000071b800000| 13%| O|  |TAMS 0x000000071b600000, 0x000000071b600000| Untracked 
| 196|0x000000071b800000, 0x000000071b800000, 0x000000071ba00000|  0%| F|  |TAMS 0x000000071b800000, 0x000000071b800000| Untracked 
| 197|0x000000071ba00000, 0x000000071ba00000, 0x000000071bc00000|  0%| F|  |TAMS 0x000000071ba00000, 0x000000071ba00000| Untracked 
| 198|0x000000071bc00000, 0x000000071bc00000, 0x000000071be00000|  0%| F|  |TAMS 0x000000071bc00000, 0x000000071bc00000| Untracked 
| 199|0x000000071be00000, 0x000000071be00000, 0x000000071c000000|  0%| F|  |TAMS 0x000000071be00000, 0x000000071be00000| Untracked 
| 200|0x000000071c000000, 0x000000071c000000, 0x000000071c200000|  0%| F|  |TAMS 0x000000071c000000, 0x000000071c000000| Untracked 
| 201|0x000000071c200000, 0x000000071c200000, 0x000000071c400000|  0%| F|  |TAMS 0x000000071c200000, 0x000000071c200000| Untracked 
| 202|0x000000071c400000, 0x000000071c400000, 0x000000071c600000|  0%| F|  |TAMS 0x000000071c400000, 0x000000071c400000| Untracked 
| 203|0x000000071c600000, 0x000000071c600000, 0x000000071c800000|  0%| F|  |TAMS 0x000000071c600000, 0x000000071c600000| Untracked 
| 204|0x000000071c800000, 0x000000071c800000, 0x000000071ca00000|  0%| F|  |TAMS 0x000000071c800000, 0x000000071c800000| Untracked 
| 205|0x000000071ca00000, 0x000000071ca00000, 0x000000071cc00000|  0%| F|  |TAMS 0x000000071ca00000, 0x000000071ca00000| Untracked 
| 206|0x000000071cc00000, 0x000000071cc00000, 0x000000071ce00000|  0%| F|  |TAMS 0x000000071cc00000, 0x000000071cc00000| Untracked 
| 207|0x000000071ce00000, 0x000000071ce00000, 0x000000071d000000|  0%| F|  |TAMS 0x000000071ce00000, 0x000000071ce00000| Untracked 
| 208|0x000000071d000000, 0x000000071d000000, 0x000000071d200000|  0%| F|  |TAMS 0x000000071d000000, 0x000000071d000000| Untracked 
| 209|0x000000071d200000, 0x000000071d200000, 0x000000071d400000|  0%| F|  |TAMS 0x000000071d200000, 0x000000071d200000| Untracked 
| 210|0x000000071d400000, 0x000000071d400000, 0x000000071d600000|  0%| F|  |TAMS 0x000000071d400000, 0x000000071d400000| Untracked 
| 211|0x000000071d600000, 0x000000071d600000, 0x000000071d800000|  0%| F|  |TAMS 0x000000071d600000, 0x000000071d600000| Untracked 
| 212|0x000000071d800000, 0x000000071d800000, 0x000000071da00000|  0%| F|  |TAMS 0x000000071d800000, 0x000000071d800000| Untracked 
| 213|0x000000071da00000, 0x000000071da00000, 0x000000071dc00000|  0%| F|  |TAMS 0x000000071da00000, 0x000000071da00000| Untracked 
| 214|0x000000071dc00000, 0x000000071dc00000, 0x000000071de00000|  0%| F|  |TAMS 0x000000071dc00000, 0x000000071dc00000| Untracked 
| 215|0x000000071de00000, 0x000000071de00000, 0x000000071e000000|  0%| F|  |TAMS 0x000000071de00000, 0x000000071de00000| Untracked 
| 216|0x000000071e000000, 0x000000071e000000, 0x000000071e200000|  0%| F|  |TAMS 0x000000071e000000, 0x000000071e000000| Untracked 
| 217|0x000000071e200000, 0x000000071e200000, 0x000000071e400000|  0%| F|  |TAMS 0x000000071e200000, 0x000000071e200000| Untracked 
| 218|0x000000071e400000, 0x000000071e400000, 0x000000071e600000|  0%| F|  |TAMS 0x000000071e400000, 0x000000071e400000| Untracked 
| 219|0x000000071e600000, 0x000000071e600000, 0x000000071e800000|  0%| F|  |TAMS 0x000000071e600000, 0x000000071e600000| Untracked 
| 220|0x000000071e800000, 0x000000071e8ce1a8, 0x000000071ea00000| 40%| S|CS|TAMS 0x000000071e800000, 0x000000071e800000| Complete 
| 221|0x000000071ea00000, 0x000000071ea00000, 0x000000071ec00000|  0%| F|  |TAMS 0x000000071ea00000, 0x000000071ea00000| Untracked 
| 222|0x000000071ec00000, 0x000000071ee00000, 0x000000071ee00000|100%| S|CS|TAMS 0x000000071ec00000, 0x000000071ec00000| Complete 
| 223|0x000000071ee00000, 0x000000071ee00000, 0x000000071f000000|  0%| F|  |TAMS 0x000000071ee00000, 0x000000071ee00000| Untracked 
| 224|0x000000071f000000, 0x000000071f000000, 0x000000071f200000|  0%| F|  |TAMS 0x000000071f000000, 0x000000071f000000| Untracked 
| 225|0x000000071f200000, 0x000000071f200000, 0x000000071f400000|  0%| F|  |TAMS 0x000000071f200000, 0x000000071f200000| Untracked 
| 226|0x000000071f400000, 0x000000071f59f898, 0x000000071f600000| 81%| E|  |TAMS 0x000000071f400000, 0x000000071f400000| Complete 
| 227|0x000000071f600000, 0x000000071f800000, 0x000000071f800000|100%| E|  |TAMS 0x000000071f600000, 0x000000071f600000| Complete 
| 228|0x000000071f800000, 0x000000071fa00000, 0x000000071fa00000|100%| E|CS|TAMS 0x000000071f800000, 0x000000071f800000| Complete 
| 229|0x000000071fa00000, 0x000000071fc00000, 0x000000071fc00000|100%| E|CS|TAMS 0x000000071fa00000, 0x000000071fa00000| Complete 
| 230|0x000000071fc00000, 0x000000071fe00000, 0x000000071fe00000|100%| E|CS|TAMS 0x000000071fc00000, 0x000000071fc00000| Complete 
| 231|0x000000071fe00000, 0x0000000720000000, 0x0000000720000000|100%| E|CS|TAMS 0x000000071fe00000, 0x000000071fe00000| Complete 
| 232|0x0000000720000000, 0x0000000720200000, 0x0000000720200000|100%| E|CS|TAMS 0x0000000720000000, 0x0000000720000000| Complete 
| 233|0x0000000720200000, 0x0000000720400000, 0x0000000720400000|100%| E|CS|TAMS 0x0000000720200000, 0x0000000720200000| Complete 
| 234|0x0000000720400000, 0x0000000720600000, 0x0000000720600000|100%| E|CS|TAMS 0x0000000720400000, 0x0000000720400000| Complete 

Card table byte_map: [0x0000000015fc0000,0x00000000167b0000] _byte_map_base: 0x00000000127a8000

Marking Bits (Prev, Next): (CMBitMap*) 0x0000000002c1af90, (CMBitMap*) 0x0000000002c1af50
 Prev Bits: [0x000000001aee0000, 0x000000001ee20000)
 Next Bits: [0x0000000016fa0000, 0x000000001aee0000)

Polling page: 0x00000000001d0000

Metaspace:

Usage:
  Non-class:     11.52 MB used.
      Class:   1001.60 KB used.
       Both:     12.50 MB used.

Virtual space:
  Non-class space:       16.00 MB reserved,      11.62 MB ( 73%) committed,  2 nodes.
      Class space:        1.00 GB reserved,       1.00 MB ( <1%) committed,  1 nodes.
             Both:        1.02 GB reserved,      12.62 MB (  1%) committed. 

Chunk freelists:
   Non-Class:  368.00 KB
       Class:  3.00 MB
        Both:  3.36 MB

MaxMetaspaceSize: unlimited
CompressedClassSpaceSize: 1.00 GB
Initial GC threshold: 21.00 MB
Current GC threshold: 21.00 MB
CDS: off
MetaspaceReclaimPolicy: balanced
 - commit_granule_bytes: 65536.
 - commit_granule_words: 8192.
 - virtual_space_node_default_size: 1048576.
 - enlarge_chunks_in_place: 1.
 - new_chunks_are_fully_committed: 0.
 - uncommit_free_chunks: 1.
 - use_allocation_guard: 0.
 - handle_deallocations: 1.


Internal statistics:

num_allocs_failed_limit: 0.
num_arena_births: 66.
num_arena_deaths: 0.
num_vsnodes_births: 3.
num_vsnodes_deaths: 0.
num_space_committed: 200.
num_space_uncommitted: 0.
num_chunks_returned_to_freelist: 0.
num_chunks_taken_from_freelist: 240.
num_chunk_merges: 0.
num_chunk_splits: 171.
num_chunks_enlarged: 139.
num_purges: 0.
num_inconsistent_stats: 0.

CodeHeap 'non-profiled nmethods': size=120000Kb used=1038Kb max_used=1038Kb free=118962Kb
 bounds [0x000000000dd50000, 0x000000000dfc0000, 0x0000000015280000]
CodeHeap 'profiled nmethods': size=120000Kb used=2657Kb max_used=2657Kb free=117342Kb
 bounds [0x0000000006820000, 0x0000000006ac0000, 0x000000000dd50000]
CodeHeap 'non-nmethods': size=5760Kb used=1595Kb max_used=1642Kb free=4165Kb
 bounds [0x0000000006280000, 0x00000000064f0000, 0x0000000006820000]
 total_blobs=2609 nmethods=1585 adapters=937
 compilation: enabled
              stopped_count=0, restarted_count=0
 full_count=0

Compilation events (20 events):
Event: 77.570 Thread 0x00000000228346c0 1576  s    4       jdk.internal.ref.Cleaner::add (26 bytes)
Event: 77.574 Thread 0x00000000228346c0 nmethod 1576 0x000000000de49210 code [0x000000000de493a0, 0x000000000de49858]
Event: 193.226 Thread 0x0000000022835160 1577 % !   3       java.lang.ref.Reference::processPendingReferences @ 27 (118 bytes)
Event: 193.226 Thread 0x0000000022835160 nmethod 1577% 0x0000000006aae810 code [0x0000000006aaea60, 0x0000000006aaf458]
Event: 202.127 Thread 0x0000000022835160 1578   !   3       java.lang.ref.Reference::processPendingReferences (118 bytes)
Event: 202.127 Thread 0x0000000022835160 nmethod 1578 0x0000000006aaf790 code [0x0000000006aaf9e0, 0x0000000006ab0378]
Event: 284.903 Thread 0x0000000022835160 1579 % !   3       com.badlogic.gdx.backends.lwjgl3.Lwjgl3Application::loop @ 8 (468 bytes)
Event: 284.906 Thread 0x0000000022835160 nmethod 1579% 0x0000000006ab0690 code [0x0000000006ab0b40, 0x0000000006ab3608]
Event: 289.617 Thread 0x0000000022835160 1580   !   3       com.badlogic.gdx.backends.lwjgl3.Lwjgl3Application::loop (468 bytes)
Event: 289.620 Thread 0x0000000022835160 nmethod 1580 0x0000000006ab4510 code [0x0000000006ab49e0, 0x0000000006ab7748]
Event: 299.201 Thread 0x00000000228346c0 1581       4       org.lwjgl.glfw.GLFW::glfwWindowShouldClose (29 bytes)
Event: 299.202 Thread 0x00000000228346c0 nmethod 1581 0x000000000de49990 code [0x000000000de49b20, 0x000000000de49be8]
Event: 323.454 Thread 0x00000000228346c0 1582 % !   4       java.lang.ref.Reference::processPendingReferences @ 27 (118 bytes)
Event: 323.464 Thread 0x00000000228346c0 nmethod 1582% 0x000000000de49d10 code [0x000000000de49f00, 0x000000000de4ac48]
Event: 344.462 Thread 0x00000000228346c0 1583   !   4       java.lang.ref.Reference::processPendingReferences (118 bytes)
Event: 344.474 Thread 0x00000000228346c0 nmethod 1583 0x000000000de4af90 code [0x000000000de4b1a0, 0x000000000de4c0e0]
Event: 475.166 Thread 0x00000000228346c0 1584 % !   4       com.badlogic.gdx.backends.lwjgl3.Lwjgl3Application::loop @ 8 (468 bytes)
Event: 475.232 Thread 0x00000000228346c0 nmethod 1584% 0x000000000de4c490 code [0x000000000de4c7a0, 0x000000000de4e8a0]
Event: 518.421 Thread 0x00000000228346c0 1585 % !   4       com.badlogic.gdx.backends.lwjgl3.Lwjgl3Application::loop @ 52 (468 bytes)
Event: 518.480 Thread 0x00000000228346c0 nmethod 1585% 0x000000000de4fe10 code [0x000000000de50120, 0x000000000de522c0]

GC Heap History (20 events):
Event: 658.222 GC heap before
{Heap before GC invocations=136 (full 0):
 garbage-first heap   total 481280K, used 425421K [0x0000000703000000, 0x0000000800000000)
  region size 2048K, 22 young (45056K), 3 survivors (6144K)
 Metaspace       used 12801K, committed 12928K, reserved 1064960K
  class space    used 1001K, committed 1024K, reserved 1048576K
}
Event: 658.226 GC heap after
{Heap after GC invocations=137 (full 0):
 garbage-first heap   total 481280K, used 388472K [0x0000000703000000, 0x0000000800000000)
  region size 2048K, 3 young (6144K), 3 survivors (6144K)
 Metaspace       used 12801K, committed 12928K, reserved 1064960K
  class space    used 1001K, committed 1024K, reserved 1048576K
}
Event: 661.278 GC heap before
{Heap before GC invocations=137 (full 0):
 garbage-first heap   total 481280K, used 423288K [0x0000000703000000, 0x0000000800000000)
  region size 2048K, 20 young (40960K), 3 survivors (6144K)
 Metaspace       used 12801K, committed 12928K, reserved 1064960K
  class space    used 1001K, committed 1024K, reserved 1048576K
}
Event: 661.283 GC heap after
{Heap after GC invocations=138 (full 0):
 garbage-first heap   total 481280K, used 390331K [0x0000000703000000, 0x0000000800000000)
  region size 2048K, 3 young (6144K), 3 survivors (6144K)
 Metaspace       used 12801K, committed 12928K, reserved 1064960K
  class space    used 1001K, committed 1024K, reserved 1048576K
}
Event: 664.194 GC heap before
{Heap before GC invocations=138 (full 0):
 garbage-first heap   total 481280K, used 421051K [0x0000000703000000, 0x0000000800000000)
  region size 2048K, 19 young (38912K), 3 survivors (6144K)
 Metaspace       used 12801K, committed 12928K, reserved 1064960K
  class space    used 1001K, committed 1024K, reserved 1048576K
}
Event: 664.198 GC heap after
{Heap after GC invocations=139 (full 0):
 garbage-first heap   total 481280K, used 391918K [0x0000000703000000, 0x0000000800000000)
  region size 2048K, 2 young (4096K), 2 survivors (4096K)
 Metaspace       used 12801K, committed 12928K, reserved 1064960K
  class space    used 1001K, committed 1024K, reserved 1048576K
}
Event: 667.076 GC heap before
{Heap before GC invocations=139 (full 0):
 garbage-first heap   total 481280K, used 422638K [0x0000000703000000, 0x0000000800000000)
  region size 2048K, 18 young (36864K), 2 survivors (4096K)
 Metaspace       used 12801K, committed 12928K, reserved 1064960K
  class space    used 1001K, committed 1024K, reserved 1048576K
}
Event: 667.080 GC heap after
{Heap after GC invocations=140 (full 0):
 garbage-first heap   total 481280K, used 393616K [0x0000000703000000, 0x0000000800000000)
  region size 2048K, 2 young (4096K), 2 survivors (4096K)
 Metaspace       used 12801K, committed 12928K, reserved 1064960K
  class space    used 1001K, committed 1024K, reserved 1048576K
}
Event: 669.808 GC heap before
{Heap before GC invocations=140 (full 0):
 garbage-first heap   total 481280K, used 424336K [0x0000000703000000, 0x0000000800000000)
  region size 2048K, 17 young (34816K), 2 survivors (4096K)
 Metaspace       used 12801K, committed 12928K, reserved 1064960K
  class space    used 1001K, committed 1024K, reserved 1048576K
}
Event: 669.812 GC heap after
{Heap after GC invocations=141 (full 0):
 garbage-first heap   total 481280K, used 395177K [0x0000000703000000, 0x0000000800000000)
  region size 2048K, 2 young (4096K), 2 survivors (4096K)
 Metaspace       used 12801K, committed 12928K, reserved 1064960K
  class space    used 1001K, committed 1024K, reserved 1048576K
}
Event: 672.345 GC heap before
{Heap before GC invocations=141 (full 0):
 garbage-first heap   total 481280K, used 421801K [0x0000000703000000, 0x0000000800000000)
  region size 2048K, 16 young (32768K), 2 survivors (4096K)
 Metaspace       used 12801K, committed 12928K, reserved 1064960K
  class space    used 1001K, committed 1024K, reserved 1048576K
}
Event: 672.349 GC heap after
{Heap after GC invocations=142 (full 0):
 garbage-first heap   total 481280K, used 396881K [0x0000000703000000, 0x0000000800000000)
  region size 2048K, 2 young (4096K), 2 survivors (4096K)
 Metaspace       used 12801K, committed 12928K, reserved 1064960K
  class space    used 1001K, committed 1024K, reserved 1048576K
}
Event: 674.960 GC heap before
{Heap before GC invocations=142 (full 0):
 garbage-first heap   total 481280K, used 423505K [0x0000000703000000, 0x0000000800000000)
  region size 2048K, 16 young (32768K), 2 survivors (4096K)
 Metaspace       used 12801K, committed 12928K, reserved 1064960K
  class space    used 1001K, committed 1024K, reserved 1048576K
}
Event: 674.963 GC heap after
{Heap after GC invocations=143 (full 0):
 garbage-first heap   total 481280K, used 398271K [0x0000000703000000, 0x0000000800000000)
  region size 2048K, 2 young (4096K), 2 survivors (4096K)
 Metaspace       used 12801K, committed 12928K, reserved 1064960K
  class space    used 1001K, committed 1024K, reserved 1048576K
}
Event: 677.542 GC heap before
{Heap before GC invocations=143 (full 0):
 garbage-first heap   total 481280K, used 424895K [0x0000000703000000, 0x0000000800000000)
  region size 2048K, 16 young (32768K), 2 survivors (4096K)
 Metaspace       used 12801K, committed 12928K, reserved 1064960K
  class space    used 1001K, committed 1024K, reserved 1048576K
}
Event: 677.545 GC heap after
{Heap after GC invocations=144 (full 0):
 garbage-first heap   total 481280K, used 399839K [0x0000000703000000, 0x0000000800000000)
  region size 2048K, 2 young (4096K), 2 survivors (4096K)
 Metaspace       used 12801K, committed 12928K, reserved 1064960K
  class space    used 1001K, committed 1024K, reserved 1048576K
}
Event: 679.953 GC heap before
{Heap before GC invocations=144 (full 0):
 garbage-first heap   total 481280K, used 426463K [0x0000000703000000, 0x0000000800000000)
  region size 2048K, 15 young (30720K), 2 survivors (4096K)
 Metaspace       used 12801K, committed 12928K, reserved 1064960K
  class space    used 1001K, committed 1024K, reserved 1048576K
}
Event: 679.957 GC heap after
{Heap after GC invocations=145 (full 0):
 garbage-first heap   total 481280K, used 401224K [0x0000000703000000, 0x0000000800000000)
  region size 2048K, 2 young (4096K), 2 survivors (4096K)
 Metaspace       used 12801K, committed 12928K, reserved 1064960K
  class space    used 1001K, committed 1024K, reserved 1048576K
}
Event: 682.166 GC heap before
{Heap before GC invocations=145 (full 0):
 garbage-first heap   total 481280K, used 423752K [0x0000000703000000, 0x0000000800000000)
  region size 2048K, 14 young (28672K), 2 survivors (4096K)
 Metaspace       used 12801K, committed 12928K, reserved 1064960K
  class space    used 1001K, committed 1024K, reserved 1048576K
}
Event: 682.169 GC heap after
{Heap after GC invocations=146 (full 0):
 garbage-first heap   total 481280K, used 402509K [0x0000000703000000, 0x0000000800000000)
  region size 2048K, 2 young (4096K), 2 survivors (4096K)
 Metaspace       used 12801K, committed 12928K, reserved 1064960K
  class space    used 1001K, committed 1024K, reserved 1048576K
}

Deoptimization events (20 events):
Event: 7.792 Thread 0x0000000002bcbd80 Uncommon trap: trap_request=0xffffffd6 fr.pc=0x000000000ddba3ac relative=0x000000000000046c
Event: 7.792 Thread 0x0000000002bcbd80 Uncommon trap: reason=array_check action=maybe_recompile pc=0x000000000ddba3ac method=com.badlogic.gdx.utils.Array.add(Ljava/lang/Object;)V @ 46 c2
Event: 7.792 Thread 0x0000000002bcbd80 DEOPT PACKING pc=0x000000000ddba3ac sp=0x000000000239f4b0
Event: 7.792 Thread 0x0000000002bcbd80 DEOPT UNPACKING pc=0x00000000062d23a3 sp=0x000000000239f468 mode 2
Event: 7.792 Thread 0x0000000002bcbd80 Uncommon trap: trap_request=0xffffffd6 fr.pc=0x000000000ddba3ac relative=0x000000000000046c
Event: 7.792 Thread 0x0000000002bcbd80 Uncommon trap: reason=array_check action=maybe_recompile pc=0x000000000ddba3ac method=com.badlogic.gdx.utils.Array.add(Ljava/lang/Object;)V @ 46 c2
Event: 7.792 Thread 0x0000000002bcbd80 DEOPT PACKING pc=0x000000000ddba3ac sp=0x000000000239f4b0
Event: 7.792 Thread 0x0000000002bcbd80 DEOPT UNPACKING pc=0x00000000062d23a3 sp=0x000000000239f468 mode 2
Event: 7.792 Thread 0x0000000002bcbd80 Uncommon trap: trap_request=0xffffffd6 fr.pc=0x000000000ddba3ac relative=0x000000000000046c
Event: 7.792 Thread 0x0000000002bcbd80 Uncommon trap: reason=array_check action=maybe_recompile pc=0x000000000ddba3ac method=com.badlogic.gdx.utils.Array.add(Ljava/lang/Object;)V @ 46 c2
Event: 7.792 Thread 0x0000000002bcbd80 DEOPT PACKING pc=0x000000000ddba3ac sp=0x000000000239f4b0
Event: 7.792 Thread 0x0000000002bcbd80 DEOPT UNPACKING pc=0x00000000062d23a3 sp=0x000000000239f468 mode 2
Event: 57.230 Thread 0x0000000002bcbd80 Uncommon trap: trap_request=0xffffff45 fr.pc=0x000000000ddd47d0 relative=0x0000000000000dd0
Event: 57.230 Thread 0x0000000002bcbd80 Uncommon trap: reason=unstable_if action=reinterpret pc=0x000000000ddd47d0 method=java.nio.Bits.tryReserveMemory(JJ)Z @ 30 c2
Event: 57.230 Thread 0x0000000002bcbd80 DEOPT PACKING pc=0x000000000ddd47d0 sp=0x000000000239ee20
Event: 57.230 Thread 0x0000000002bcbd80 DEOPT UNPACKING pc=0x00000000062d23a3 sp=0x000000000239ec88 mode 2
Event: 344.462 Thread 0x0000000022810390 DEOPT PACKING pc=0x0000000006ab022d sp=0x0000000022dff770
Event: 344.462 Thread 0x0000000022810390 DEOPT UNPACKING pc=0x00000000062d2b43 sp=0x0000000022dfec10 mode 0
Event: 513.649 Thread 0x0000000002bcbd80 DEOPT PACKING pc=0x0000000006ab333a sp=0x000000000239f690
Event: 513.649 Thread 0x0000000002bcbd80 DEOPT UNPACKING pc=0x00000000062d2b43 sp=0x000000000239ebc8 mode 0

Classes unloaded (0 events):
No events

Classes redefined (0 events):
No events

Internal exceptions (20 events):
Event: 0.370 Thread 0x0000000002bcbd80 Exception <a 'java/lang/NoSuchMethodError'{0x0000000712739a60}: 'int java.lang.invoke.DirectMethodHandle$Holder.invokeSpecial(java.lang.Object, java.lang.Object, java.lang.Object)'> (0x0000000712739a60) 
thrown [e:\jenkins\tmp\workspace\build\src\src\hotspot\share\interpreter\linkResolver.cpp, line 766]
Event: 0.400 Thread 0x0000000002bcbd80 Exception <a 'sun/nio/fs/WindowsException'{0x00000007127df580}> (0x00000007127df580) 
thrown [e:\jenkins\tmp\workspace\build\src\src\hotspot\share\prims\jni.cpp, line 516]
Event: 0.401 Thread 0x0000000002bcbd80 Exception <a 'sun/nio/fs/WindowsException'{0x00000007127dfad0}> (0x00000007127dfad0) 
thrown [e:\jenkins\tmp\workspace\build\src\src\hotspot\share\prims\jni.cpp, line 516]
Event: 0.414 Thread 0x0000000002bcbd80 Exception <a 'java/lang/NoSuchMethodError'{0x0000000712423bc8}: 'int java.lang.invoke.DirectMethodHandle$Holder.invokeStaticInit(java.lang.Object, java.lang.Object, int, long)'> (0x0000000712423bc8) 
thrown [e:\jenkins\tmp\workspace\build\src\src\hotspot\share\interpreter\linkResolver.cpp, line 766]
Event: 0.415 Thread 0x0000000002bcbd80 Exception <a 'java/lang/NoSuchMethodError'{0x0000000712429490}: 'java.lang.Object java.lang.invoke.DirectMethodHandle$Holder.newInvokeSpecial(java.lang.Object, java.lang.Object, int)'> (0x0000000712429490) 
thrown [e:\jenkins\tmp\workspace\build\src\src\hotspot\share\interpreter\linkResolver.cpp, line 766]
Event: 0.417 Thread 0x0000000002bcbd80 Exception <a 'java/lang/NoSuchMethodError'{0x000000071243e7e0}: 'int java.lang.invoke.DirectMethodHandle$Holder.invokeStaticInit(java.lang.Object, java.lang.Object, long, long)'> (0x000000071243e7e0) 
thrown [e:\jenkins\tmp\workspace\build\src\src\hotspot\share\interpreter\linkResolver.cpp, line 766]
Event: 0.418 Thread 0x0000000002bcbd80 Exception <a 'java/lang/NoSuchMethodError'{0x00000007124448f0}: 'java.lang.Object java.lang.invoke.DirectMethodHandle$Holder.newInvokeSpecial(java.lang.Object, java.lang.Object, long)'> (0x00000007124448f0) 
thrown [e:\jenkins\tmp\workspace\build\src\src\hotspot\share\interpreter\linkResolver.cpp, line 766]
Event: 0.418 Thread 0x0000000002bcbd80 Exception <a 'java/lang/NoSuchMethodError'{0x0000000712448938}: 'java.lang.Object java.lang.invoke.Invokers$Holder.linkToTargetMethod(java.lang.Object, long, java.lang.Object)'> (0x0000000712448938) 
thrown [e:\jenkins\tmp\workspace\build\src\src\hotspot\share\interpreter\linkResolver.cpp, line 766]
Event: 0.419 Thread 0x0000000002bcbd80 Exception <a 'java/lang/NoSuchMethodError'{0x0000000712450050}: 'int java.lang.invoke.DirectMethodHandle$Holder.invokeStaticInit(java.lang.Object, java.lang.Object, java.lang.Object, long)'> (0x0000000712450050) 
thrown [e:\jenkins\tmp\workspace\build\src\src\hotspot\share\interpreter\linkResolver.cpp, line 766]
Event: 0.436 Thread 0x0000000002bcbd80 Exception <a 'sun/nio/fs/WindowsException'{0x0000000712510000}> (0x0000000712510000) 
thrown [e:\jenkins\tmp\workspace\build\src\src\hotspot\share\prims\jni.cpp, line 516]
Event: 0.436 Thread 0x0000000002bcbd80 Exception <a 'sun/nio/fs/WindowsException'{0x0000000712510390}> (0x0000000712510390) 
thrown [e:\jenkins\tmp\workspace\build\src\src\hotspot\share\prims\jni.cpp, line 516]
Event: 0.456 Thread 0x0000000002bcbd80 Exception <a 'sun/nio/fs/WindowsException'{0x00000007125d6a58}> (0x00000007125d6a58) 
thrown [e:\jenkins\tmp\workspace\build\src\src\hotspot\share\prims\jni.cpp, line 516]
Event: 0.456 Thread 0x0000000002bcbd80 Exception <a 'sun/nio/fs/WindowsException'{0x00000007125d6db8}> (0x00000007125d6db8) 
thrown [e:\jenkins\tmp\workspace\build\src\src\hotspot\share\prims\jni.cpp, line 516]
Event: 0.502 Thread 0x0000000002bcbd80 Exception <a 'sun/nio/fs/WindowsException'{0x0000000712273c00}> (0x0000000712273c00) 
thrown [e:\jenkins\tmp\workspace\build\src\src\hotspot\share\prims\jni.cpp, line 516]
Event: 0.502 Thread 0x0000000002bcbd80 Exception <a 'sun/nio/fs/WindowsException'{0x0000000712273f80}> (0x0000000712273f80) 
thrown [e:\jenkins\tmp\workspace\build\src\src\hotspot\share\prims\jni.cpp, line 516]
Event: 1.954 Thread 0x0000000002bcbd80 Exception <a 'java/lang/NoSuchMethodError'{0x00000007122c3b08}: 'java.lang.Object java.lang.invoke.DirectMethodHandle$Holder.newInvokeSpecial(java.lang.Object, long)'> (0x00000007122c3b08) 
thrown [e:\jenkins\tmp\workspace\build\src\src\hotspot\share\interpreter\linkResolver.cpp, line 766]
Event: 2.137 Thread 0x0000000002bcbd80 Exception <a 'sun/nio/fs/WindowsException'{0x0000000712006dd8}> (0x0000000712006dd8) 
thrown [e:\jenkins\tmp\workspace\build\src\src\hotspot\share\prims\jni.cpp, line 516]
Event: 2.137 Thread 0x0000000002bcbd80 Exception <a 'sun/nio/fs/WindowsException'{0x0000000712007180}> (0x0000000712007180) 
thrown [e:\jenkins\tmp\workspace\build\src\src\hotspot\share\prims\jni.cpp, line 516]
Event: 2.141 Thread 0x0000000002bcbd80 Exception <a 'sun/nio/fs/WindowsException'{0x0000000712017c88}> (0x0000000712017c88) 
thrown [e:\jenkins\tmp\workspace\build\src\src\hotspot\share\prims\jni.cpp, line 516]
Event: 2.141 Thread 0x0000000002bcbd80 Exception <a 'sun/nio/fs/WindowsException'{0x0000000712017f68}> (0x0000000712017f68) 
thrown [e:\jenkins\tmp\workspace\build\src\src\hotspot\share\prims\jni.cpp, line 516]

VM Operations (20 events):
Event: 658.222 Executing VM operation: G1CollectForAllocation
Event: 658.226 Executing VM operation: G1CollectForAllocation done
Event: 661.278 Executing VM operation: G1CollectForAllocation
Event: 661.283 Executing VM operation: G1CollectForAllocation done
Event: 664.194 Executing VM operation: G1CollectForAllocation
Event: 664.198 Executing VM operation: G1CollectForAllocation done
Event: 667.076 Executing VM operation: G1CollectForAllocation
Event: 667.080 Executing VM operation: G1CollectForAllocation done
Event: 669.808 Executing VM operation: G1CollectForAllocation
Event: 669.812 Executing VM operation: G1CollectForAllocation done
Event: 672.345 Executing VM operation: G1CollectForAllocation
Event: 672.349 Executing VM operation: G1CollectForAllocation done
Event: 674.960 Executing VM operation: G1CollectForAllocation
Event: 674.963 Executing VM operation: G1CollectForAllocation done
Event: 677.542 Executing VM operation: G1CollectForAllocation
Event: 677.545 Executing VM operation: G1CollectForAllocation done
Event: 679.953 Executing VM operation: G1CollectForAllocation
Event: 679.957 Executing VM operation: G1CollectForAllocation done
Event: 682.166 Executing VM operation: G1CollectForAllocation
Event: 682.169 Executing VM operation: G1CollectForAllocation done

Events (20 events):
Event: 2.164 loading class java/lang/CharacterData00 done
Event: 2.228 loading class java/util/regex/Pattern$GroupCurly
Event: 2.229 loading class java/util/regex/Pattern$GroupCurly done
Event: 2.229 loading class java/util/ArrayList$SubList
Event: 2.229 loading class java/util/ArrayList$SubList done
Event: 2.280 loading class java/util/NoSuchElementException
Event: 2.280 loading class java/util/NoSuchElementException done
Event: 2.518 loading class java/io/UnsupportedEncodingException
Event: 2.518 loading class java/io/UnsupportedEncodingException done
Event: 2.571 loading class java/util/regex/Pattern$StartS
Event: 2.571 loading class java/util/regex/Pattern$StartS done
Event: 2.571 loading class java/util/regex/Pattern$1
Event: 2.571 loading class java/util/regex/Pattern$1 done
Event: 2.575 Thread 0x00000000266705b0 Thread added: 0x00000000266705b0
Event: 3.178 Thread 0x00000000266705b0 Thread exited: 0x00000000266705b0
Event: 3.233 Thread 0x00000000268000b0 Thread added: 0x00000000268000b0
Event: 3.237 loading class java/lang/SecurityException
Event: 3.237 loading class java/lang/SecurityException done
Event: 3.238 loading class java/lang/reflect/InvocationTargetException
Event: 3.238 loading class java/lang/reflect/InvocationTargetException done


Dynamic libraries:
0x00007ff74bab0000 - 0x00007ff74babe000 	C:\Users\juand\.p2\pool\plugins\org.eclipse.justj.openjdk.hotspot.jre.full.win32.x86_64_17.0.2.v20220201-1208\jre\bin\javaw.exe
0x00007ffbe8310000 - 0x00007ffbe8508000 	C:\Windows\SYSTEM32\ntdll.dll
0x00007ffbe76d0000 - 0x00007ffbe778f000 	C:\Windows\System32\KERNEL32.DLL
0x00007ffbe6000000 - 0x00007ffbe62da000 	C:\Windows\System32\KERNELBASE.dll
0x00007ffbe5f00000 - 0x00007ffbe6000000 	C:\Windows\System32\ucrtbase.dll
0x00007ffbdfe70000 - 0x00007ffbdfe88000 	C:\Users\juand\.p2\pool\plugins\org.eclipse.justj.openjdk.hotspot.jre.full.win32.x86_64_17.0.2.v20220201-1208\jre\bin\jli.dll
0x00007ffbdf930000 - 0x00007ffbdf949000 	C:\Users\juand\.p2\pool\plugins\org.eclipse.justj.openjdk.hotspot.jre.full.win32.x86_64_17.0.2.v20220201-1208\jre\bin\VCRUNTIME140.dll
0x00007ffbe6370000 - 0x00007ffbe650d000 	C:\Windows\System32\USER32.dll
0x00007ffbe5b00000 - 0x00007ffbe5b22000 	C:\Windows\System32\win32u.dll
0x00007ffbccb60000 - 0x00007ffbccdfa000 	C:\Windows\WinSxS\amd64_microsoft.windows.common-controls_6595b64144ccf1df_6.0.19041.1110_none_60b5254171f9507e\COMCTL32.dll
0x00007ffbe6880000 - 0x00007ffbe68ab000 	C:\Windows\System32\GDI32.dll
0x00007ffbe7ce0000 - 0x00007ffbe7d7e000 	C:\Windows\System32\msvcrt.dll
0x00007ffbe5b30000 - 0x00007ffbe5c40000 	C:\Windows\System32\gdi32full.dll
0x00007ffbe5cb0000 - 0x00007ffbe5d4d000 	C:\Windows\System32\msvcp_win.dll
0x00007ffbe7f30000 - 0x00007ffbe7f60000 	C:\Windows\System32\IMM32.DLL
0x00007ffbe07c0000 - 0x00007ffbe07cc000 	C:\Users\juand\.p2\pool\plugins\org.eclipse.justj.openjdk.hotspot.jre.full.win32.x86_64_17.0.2.v20220201-1208\jre\bin\vcruntime140_1.dll
0x00007ffbbc0d0000 - 0x00007ffbbc161000 	C:\Users\juand\.p2\pool\plugins\org.eclipse.justj.openjdk.hotspot.jre.full.win32.x86_64_17.0.2.v20220201-1208\jre\bin\msvcp140.dll
0x00007ffbb2f30000 - 0x00007ffbb3b77000 	C:\Users\juand\.p2\pool\plugins\org.eclipse.justj.openjdk.hotspot.jre.full.win32.x86_64_17.0.2.v20220201-1208\jre\bin\server\jvm.dll
0x00007ffbe7370000 - 0x00007ffbe741e000 	C:\Windows\System32\ADVAPI32.dll
0x00007ffbe68b0000 - 0x00007ffbe694c000 	C:\Windows\System32\sechost.dll
0x00007ffbe8080000 - 0x00007ffbe81a6000 	C:\Windows\System32\RPCRT4.dll
0x00007ffbe6510000 - 0x00007ffbe6518000 	C:\Windows\System32\PSAPI.DLL
0x00007ffbc5030000 - 0x00007ffbc5039000 	C:\Windows\SYSTEM32\WSOCK32.dll
0x00007ffbdfe90000 - 0x00007ffbdfeb7000 	C:\Windows\SYSTEM32\WINMM.dll
0x00007ffbdebf0000 - 0x00007ffbdebfa000 	C:\Windows\SYSTEM32\VERSION.dll
0x00007ffbe74b0000 - 0x00007ffbe751b000 	C:\Windows\System32\WS2_32.dll
0x00007ffbe38e0000 - 0x00007ffbe38f2000 	C:\Windows\SYSTEM32\kernel.appcore.dll
0x00007ffbc61b0000 - 0x00007ffbc61ba000 	C:\Users\juand\.p2\pool\plugins\org.eclipse.justj.openjdk.hotspot.jre.full.win32.x86_64_17.0.2.v20220201-1208\jre\bin\jimage.dll
0x00007ffbd1e40000 - 0x00007ffbd2024000 	C:\Windows\SYSTEM32\DBGHELP.DLL
0x00007ffbd1de0000 - 0x00007ffbd1e14000 	C:\Windows\SYSTEM32\dbgcore.DLL
0x00007ffbe62e0000 - 0x00007ffbe6362000 	C:\Windows\System32\bcryptPrimitives.dll
0x00007ffbc4ea0000 - 0x00007ffbc4ec5000 	C:\Users\juand\.p2\pool\plugins\org.eclipse.justj.openjdk.hotspot.jre.full.win32.x86_64_17.0.2.v20220201-1208\jre\bin\java.dll
0x00007ffbc4e80000 - 0x00007ffbc4e98000 	C:\Users\juand\.p2\pool\plugins\org.eclipse.justj.openjdk.hotspot.jre.full.win32.x86_64_17.0.2.v20220201-1208\jre\bin\zip.dll
0x00007ffbe6950000 - 0x00007ffbe7094000 	C:\Windows\System32\SHELL32.dll
0x00007ffbe3ae0000 - 0x00007ffbe4273000 	C:\Windows\SYSTEM32\windows.storage.dll
0x00007ffbe6520000 - 0x00007ffbe6874000 	C:\Windows\System32\combase.dll
0x00007ffbe5480000 - 0x00007ffbe54ae000 	C:\Windows\SYSTEM32\Wldp.dll
0x00007ffbe7f60000 - 0x00007ffbe800d000 	C:\Windows\System32\SHCORE.dll
0x00007ffbe7c80000 - 0x00007ffbe7cd5000 	C:\Windows\System32\shlwapi.dll
0x00007ffbe5960000 - 0x00007ffbe597f000 	C:\Windows\SYSTEM32\profapi.dll
0x00007ffbc4970000 - 0x00007ffbc4989000 	C:\Users\juand\.p2\pool\plugins\org.eclipse.justj.openjdk.hotspot.jre.full.win32.x86_64_17.0.2.v20220201-1208\jre\bin\net.dll
0x00007ffbd91f0000 - 0x00007ffbd92fa000 	C:\Windows\SYSTEM32\WINHTTP.dll
0x00007ffbe51e0000 - 0x00007ffbe524a000 	C:\Windows\system32\mswsock.dll
0x00007ffbc4950000 - 0x00007ffbc4965000 	C:\Users\juand\.p2\pool\plugins\org.eclipse.justj.openjdk.hotspot.jre.full.win32.x86_64_17.0.2.v20220201-1208\jre\bin\nio.dll
0x000000005d550000 - 0x000000005d579000 	C:\Users\juand\AppData\Local\Temp\libgdxjuand\e787ab0a\gdx64.dll
0x00007ffbc4f20000 - 0x00007ffbc4f95000 	C:\Users\juand\AppData\Local\Temp\lwjgljuand\3.3.1-build-7\lwjgl.dll
0x00007ffb9b100000 - 0x00007ffb9b359000 	C:\Users\juand\AppData\Local\Temp\lwjgljuand\3.3.1-build-7\jemalloc.dll
0x00007ffbb8a60000 - 0x00007ffbb8ac1000 	C:\Users\juand\AppData\Local\Temp\lwjgljuand\3.3.1-build-7\glfw.dll
0x00007ffbd35b0000 - 0x00007ffbd35f5000 	C:\Windows\SYSTEM32\dinput8.dll
0x00007ffbdec00000 - 0x00007ffbdec11000 	C:\Windows\SYSTEM32\xinput1_4.dll
0x00007ffbe5eb0000 - 0x00007ffbe5efe000 	C:\Windows\System32\cfgmgr32.dll
0x00007ffbe57d0000 - 0x00007ffbe57fc000 	C:\Windows\SYSTEM32\DEVOBJ.dll
0x00007ffbe35f0000 - 0x00007ffbe361f000 	C:\Windows\SYSTEM32\dwmapi.dll
0x00007ffbcf500000 - 0x00007ffbcf652000 	C:\Windows\SYSTEM32\inputhost.dll
0x00007ffbe7e60000 - 0x00007ffbe7f2d000 	C:\Windows\System32\OLEAUT32.dll
0x00007ffbe1840000 - 0x00007ffbe1994000 	C:\Windows\SYSTEM32\wintypes.dll
0x00007ffbe2fe0000 - 0x00007ffbe30d2000 	C:\Windows\SYSTEM32\CoreMessaging.dll
0x00007ffbe2ba0000 - 0x00007ffbe2efe000 	C:\Windows\SYSTEM32\CoreUIComponents.dll
0x00007ffbe1570000 - 0x00007ffbe1666000 	C:\Windows\SYSTEM32\PROPSYS.dll
0x00007ffbe4b40000 - 0x00007ffbe4b73000 	C:\Windows\SYSTEM32\ntmarta.dll
0x00007ffbe3390000 - 0x00007ffbe342e000 	C:\Windows\system32\uxtheme.dll
0x00007ffbe71f0000 - 0x00007ffbe7304000 	C:\Windows\System32\MSCTF.dll
0x00007ffbb4300000 - 0x00007ffbb4497000 	C:\Users\juand\AppData\Local\Temp\lwjgljuand\3.3.1-build-7\OpenAL.dll
0x00007ffbe70a0000 - 0x00007ffbe71ca000 	C:\Windows\System32\ole32.dll
0x00007ffbe8220000 - 0x00007ffbe82c9000 	C:\Windows\System32\clbcatq.dll
0x00007ffbd3350000 - 0x00007ffbd33d5000 	C:\Windows\System32\MMDevApi.dll
0x00007ffbd0240000 - 0x00007ffbd03c2000 	C:\Windows\SYSTEM32\AUDIOSES.DLL
0x00007ffbe4ff0000 - 0x00007ffbe503b000 	C:\Windows\SYSTEM32\powrprof.dll
0x00007ffbe4e60000 - 0x00007ffbe4e72000 	C:\Windows\SYSTEM32\UMPDC.dll
0x00007ffbe34f0000 - 0x00007ffbe3504000 	C:\Windows\SYSTEM32\resourcepolicyclient.dll
0x00007ffbb7080000 - 0x00007ffbb71a5000 	C:\Windows\SYSTEM32\opengl32.dll
0x00007ffbc5720000 - 0x00007ffbc574c000 	C:\Windows\SYSTEM32\GLU32.dll
0x00007ffbdea20000 - 0x00007ffbdeb24000 	C:\Windows\System32\AppXDeploymentClient.dll
0x00007ffb97a50000 - 0x00007ffb988be000 	C:\Windows\System32\DriverStore\FileRepository\iigd_dc_base.inf_amd64_04dfefe2ba7fe997\ig9icd64.dll
0x00007ffbe42e0000 - 0x00007ffbe43d3000 	C:\Windows\SYSTEM32\dxgi.dll
0x00007ffbd91b0000 - 0x00007ffbd91eb000 	C:\Windows\SYSTEM32\dxcore.dll
0x00007ffbb3bc0000 - 0x00007ffbb3ca1000 	C:\Windows\System32\DriverStore\FileRepository\iigd_dc_base.inf_amd64_04dfefe2ba7fe997\igdgmm64.dll
0x00007ffbd5c10000 - 0x00007ffbd7b49000 	C:\Windows\System32\DriverStore\FileRepository\iigd_dc_base.inf_amd64_04dfefe2ba7fe997\igc64.dll
0x00007ffbbc070000 - 0x00007ffbbc0cd000 	C:\Users\juand\AppData\Local\Temp\lwjgljuand\3.3.1-build-7\lwjgl_opengl.dll
0x00007ffbd3c00000 - 0x00007ffbd3cf9000 	C:\Windows\SYSTEM32\textinputframework.dll
0x00007ffbcb350000 - 0x00007ffbcb3b6000 	C:\Windows\system32\Oleacc.dll

dbghelp: loaded successfully - version: 4.0.5 - missing functions: none
symbol engine: initialized successfully - sym options: 0x614 - pdb path: .;C:\Users\juand\.p2\pool\plugins\org.eclipse.justj.openjdk.hotspot.jre.full.win32.x86_64_17.0.2.v20220201-1208\jre\bin;C:\Windows\SYSTEM32;C:\Windows\WinSxS\amd64_microsoft.windows.common-controls_6595b64144ccf1df_6.0.19041.1110_none_60b5254171f9507e;C:\Users\juand\.p2\pool\plugins\org.eclipse.justj.openjdk.hotspot.jre.full.win32.x86_64_17.0.2.v20220201-1208\jre\bin\server;C:\Users\juand\AppData\Local\Temp\libgdxjuand\e787ab0a;C:\Users\juand\AppData\Local\Temp\lwjgljuand\3.3.1-build-7;C:\Windows\System32\DriverStore\FileRepository\iigd_dc_base.inf_amd64_04dfefe2ba7fe997

VM Arguments:
jvm_args: -Dfile.encoding=Cp1252 -XX:+ShowCodeDetailsInExceptionMessages 
java_command: com.barquitosfc.game.DesktopLauncher
java_class_path (initial): C:\Users\juand\Documents\GitHub\UMA-IIS23-A-E7\dragonboatracing\desktop\bin\main;\dragonboatracing-desktop\bin\default;C:\Users\juand\Documents\GitHub\UMA-IIS23-A-E7\dragonboatracing\core\bin\default;C:\Users\juand\Documents\GitHub\UMA-IIS23-A-E7\dragonboatracing\core\bin\main;C:\Users\juand\.gradle\caches\modules-2\files-2.1\com.badlogicgames.gdx\gdx-backend-lwjgl3\1.11.0\58a96db4cd349be4292d547856aa1e1c5f065f4e\gdx-backend-lwjgl3-1.11.0.jar;C:\Users\juand\.gradle\caches\modules-2\files-2.1\com.badlogicgames.gdx\gdx-platform\1.11.0\697fb13eada6d3c6ca648c9788692b0159add126\gdx-platform-1.11.0-natives-desktop.jar;C:\Users\juand\.gradle\caches\modules-2\files-2.1\com.badlogicgames.gdx\gdx\1.11.0\ffe1206d1004cd9e40027e28964be0fea0399af7\gdx-1.11.0.jar;C:\Users\juand\.gradle\caches\modules-2\files-2.1\org.lwjgl\lwjgl-glfw\3.3.1\cbac1b8d30cb4795149c1ef540f912671a8616d0\lwjgl-glfw-3.3.1.jar;C:\Users\juand\.gradle\caches\modules-2\files-2.1\org.lwjgl\lwjgl-glfw\3.3.1\81716978214ecbda15050ca394b06ef61501a49e\lwjgl-glfw-3.3.1-natives-linux.jar;C:\Users\juand\.gradle\caches\modules-2\files-2.1\org.lwjgl\lwjgl-glfw\3.3.1\816d935933f2dd743074c4e717cc25b55720f294\lwjgl-glfw-3.3.1-natives-linux-arm32.jar;C:\Users\juand\.gradle\caches\modules-2\files-2.1\org.lwjgl\lwjgl-glfw\3.3.1\513eb39b866d0fe131a18d5c517087805433b029\lwjgl-glfw-3.3.1-natives-linux-arm64.jar;C:\Users\juand\.gradle\caches\modules-2\files-2.1\org.lwjgl\lwjgl-glfw\3.3.1\9ec4ce1fc8c85fdef03ef4ff2aace6f5775fb280\lwjgl-glfw-3.3.1-natives-macos.jar;C:\Users\juand\.gradle\caches\modules-2\files-2.1\org.lwjgl\lwjgl-glfw\3.3.1\cac0d3f712a3da7641fa174735a5f315de7ffe0a\lwjgl-glfw-3.3.1-natives-macos-arm64.jar;C:\Users\juand\.gradle\caches\modules-2\files-2.1\org.lwjgl\lwjgl-glfw\3.3.1\ed892f945cf7e79c8756796f32d00fa4ceaf573b\lwjgl-glfw-3.3.1-natives-windows.jar;C:\Users\juand\.gradle\caches\modules-2\files-2.1\org.lwjgl\lwjgl-glfw\3.3.1\b997e3391d6ce8f05487e7335d95c606043884a1\lwjgl-glfw-3.3.1-
Launcher Type: SUN_STANDARD

[Global flags]
     intx CICompilerCount                          = 4                                         {product} {ergonomic}
     uint ConcGCThreads                            = 3                                         {product} {ergonomic}
     uint G1ConcRefinementThreads                  = 10                                        {product} {ergonomic}
   size_t G1HeapRegionSize                         = 2097152                                   {product} {ergonomic}
    uintx GCDrainStackTargetSize                   = 64                                        {product} {ergonomic}
   size_t InitialHeapSize                          = 266338304                                 {product} {ergonomic}
   size_t MarkStackSize                            = 4194304                                   {product} {ergonomic}
   size_t MaxHeapSize                              = 4244635648                                {product} {ergonomic}
   size_t MaxNewSize                               = 2545942528                                {product} {ergonomic}
   size_t MinHeapDeltaBytes                        = 2097152                                   {product} {ergonomic}
   size_t MinHeapSize                              = 8388608                                   {product} {ergonomic}
    uintx NonNMethodCodeHeapSize                   = 5839372                                {pd product} {ergonomic}
    uintx NonProfiledCodeHeapSize                  = 122909434                              {pd product} {ergonomic}
    uintx ProfiledCodeHeapSize                     = 122909434                              {pd product} {ergonomic}
    uintx ReservedCodeCacheSize                    = 251658240                              {pd product} {ergonomic}
     bool SegmentedCodeCache                       = true                                      {product} {ergonomic}
     bool ShowCodeDetailsInExceptionMessages       = true                                   {manageable} {command line}
   size_t SoftMaxHeapSize                          = 4244635648                             {manageable} {ergonomic}
     bool UseCompressedClassPointers               = true                           {product lp64_product} {ergonomic}
     bool UseCompressedOops                        = true                           {product lp64_product} {ergonomic}
     bool UseG1GC                                  = true                                      {product} {ergonomic}
     bool UseLargePagesIndividualAllocation        = false                                  {pd product} {ergonomic}

Logging:
Log output configuration:
 #0: stdout all=warning uptime,level,tags
 #1: stderr all=off uptime,level,tags

Environment Variables:
PATH=C:/Users/juand/.p2/pool/plugins/org.eclipse.justj.openjdk.hotspot.jre.full.win32.x86_64_17.0.2.v20220201-1208/jre/bin/server;C:/Users/juand/.p2/pool/plugins/org.eclipse.justj.openjdk.hotspot.jre.full.win32.x86_64_17.0.2.v20220201-1208/jre/bin;C:\Program Files (x86)\VMware\VMware Player\bin\;C:\Program Files\Haskell\bin;C:\Program Files\Haskell Platform\8.6.5\lib\extralibs\bin;C:\Program Files\Haskell Platform\8.6.5\bin;C:\Program Files (x86)\Common Files\Oracle\Java\javapath;C:\Windows\system32;C:\Windows;C:\Windows\System32\Wbem;C:\Windows\System32\WindowsPowerShell\v1.0\;C:\Windows\System32\OpenSSH\;C:\Program Files\Haskell Platform\8.6.5\mingw\bin;C:\Program Files (x86)\NVIDIA Corporation\PhysX\Common;C:\Program Files\Git\cmd;C:\Program Files\dotnet\;C:\Users\juand\AppData\Roaming\cabal\bin;C:\Users\juand\AppData\Roaming\local\bin;C:\Users\juand\AppData\Local\Microsoft\WindowsApps;C:\Users\juand\spicetify-cli;C:\Program Files\JetBrains\CLion 2021.2.3\bin;;C:\Users\juand\AppData\Local\Programs\Microsoft VS Code\bin;C:\Users\juand\AppData\Local\GitHubDesktop\bin;C:\Windows\system32;
USERNAME=juand
OS=Windows_NT
PROCESSOR_IDENTIFIER=Intel64 Family 6 Model 158 Stepping 10, GenuineIntel



---------------  S Y S T E M  ---------------

OS:
 Windows 10 , 64 bit Build 19041 (10.0.19041.2788)
OS uptime: 0 days 2:31 hours

CPU: total 12 (initial active 12) (6 cores per cpu, 2 threads per core) family 6 model 158 stepping 10 microcode 0xea, cx8, cmov, fxsr, ht, mmx, 3dnowpref, sse, sse2, sse3, ssse3, sse4.1, sse4.2, popcnt, lzcnt, tsc, tscinvbit, avx, avx2, aes, erms, clmul, bmi1, bmi2, adx, fma, vzeroupper, clflush, clflushopt

Memory: 4k page, system-wide physical 16191M (3207M free)
TotalPageFile size 21470M (AvailPageFile size 2M)
current process WorkingSet (physical memory assigned to process): 6893M, peak: 6893M
current process commit charge ("private bytes"): 11473M, peak: 11473M

vm_info: OpenJDK 64-Bit Server VM (17.0.2+8) for windows-amd64 JRE (17.0.2+8), built on Jan 20 2022 04:52:34 by "" with MS VC++ 16.7 (VS2019)

END.
